37    	99.5909	-0.8256	99.7209	9019	1	0.0000	0	1.1224	0.4188	7.0042	1	0	0	1	1	94.1400
52    	100.4212	0.4117	99.4869	9019	1	0.0000	0	0.6430	0.4750	6.9983	1	0	0	1	1	94.1400
52	100.4212	0.4117	99.4869	9019	1	0.0000	0	0.5853	0.4748	6.9908	1	1	0	1	1	94.1400
68    	100.6104	-0.2077	99.8010	9019	1	0.0000	0	1.0543	0.3592	9.8283	1	0	0	1	1	94.1400
2     	58.0740	0.2801	99.8736	9019	1	0.0000	0	0.1742	0.3337	5.7756	1	0	0	1	1	94.1400
2	58.0740	0.2801	99.8736	9019	1	0.0000	0	-0.3723	0.5858	7.6306	1	1	0	1	1	94.1400
15    	57.9260	-0.3666	100.7059	6000	1	0.0000	0	0.3595	-0.3074	0.3941	1	0	0	1	1	94.1400
15	57.9260	-0.3666	100.7059	6000	1	0.0000	0	0.3657	-0.4381	0.3726	1	1	0	1	1	94.1400
65    	58.1105	-0.6745	99.7129	9019	1	0.0143	0	0.3159	-0.3196	8.8575	1	0	0	1	1	94.1400
65	58.1105	-0.6745	99.7129	9019	1	0.0084	0	-0.3408	-1.1325	9.1066	1	1	0	1	1	94.1400
76    	58.0377	0.1716	99.3611	9019	1	0.0000	0	-0.4663	0.8035	10.5837	1	0	0	1	1	94.1400
81    	57.8460	-0.4726	99.7217	9019	1	0.0000	0	-0.0309	1.0950	13.0583	1	0	0	1	1	94.1400
81	57.8460	-0.4726	99.7217	9019	1	0.0000	0	-0.1371	0.7203	13.1669	1	1	0	1	1	94.1400
81	57.8460	-0.4726	99.7217	6000	1	0.0000	0	0.0455	0.4720	13.2328	1	2	0	1	1	94.1400
86    	57.6827	0.5867	99.5178	6000	1	0.0000	0	0.8414	0.3298	10.9746	1	0	0	1	1	94.1400
110   	58.2686	-0.7405	99.9919	6000	1	0.0030	0	0.0046	-0.7042	8.6497	1	0	0	1	1	94.1400
128   	58.4427	0.1517	99.9109	6000	1	0.0004	0	0.0251	-1.1918	12.4529	1	0	0	1	1	94.1400
135   	57.1551	0.4400	100.0659	9019	1	0.0040	0	0.1241	-1.1481	12.8023	1	0	0	1	1	94.1400
135	57.1551	0.4400	100.0659	9019	1	0.0025	0	-0.0468	0.3969	11.0870	1	1	0	1	1	94.1400
135	57.1551	0.4400	100.0659	9019	1	0.0000	0	-1.1084	-0.1692	7.7846	1	2	0	1	1	94.1400
161   	57.8455	-0.0998	100.8295	9019	1	0.0016	0	-0.3558	0.7132	12.6432	1	0	0	1	1	94.1400
208   	57.3658	-0.5533	100.1946	9019	1	0.0000	0	-0.4423	-1.0343	5.5156	1	0	0	1	1	94.1400
210   	58.5082	-0.0341	100.5912	6000	1	0.0000	0	0.0444	0.7875	4.4214	1	0	0	1	1	94.1400
210	58.5082	-0.0341	100.5912	9019	1	0.0000	0	-0.4446	-0.4872	3.5295	1	1	0	1	1	94.1400
262   	57.7956	0.2331	100.8647	9019	1	0.0000	0	1.1631	0.2623	4.5772	1	0	0	1	1	94.1400
262	57.7956	0.2331	100.8647	9019	1	0.0000	0	1.0881	0.1652	3.3101	1	1	0	1	1	94.1400
277   	58.2796	-0.8253	100.2183	9019	1	0.0001	0	-0.4553	-0.3060	9.6841	1	0	0	1	1	94.1400
282   	57.8445	-0.5814	99.6315	9019	1	0.0000	0	0.6482	-0.5367	8.1439	1	0	0	1	1	94.1400
313   	57.8439	0.2353	100.4127	9019	1	0.0000	0	0.4497	0.3445	16.5925	1	0	0	1	1	94.1400
320   	57.0563	0.2518	99.8736	9019	1	0.0000	0	-0.8001	-0.5105	1.9033	1	0	0	1	1	94.1400
352   	57.6781	0.0491	100.2953	9019	1	0.0000	0	-0.1174	-0.6266	16.6985	1	0	0	1	1	94.1400
358   	58.3161	0.2797	100.3257	9019	1	0.0179	0	-1.1747	0.1267	9.3139	1	0	0	1	1	94.1400
372   	57.7778	-0.1125	99.0883	9019	1	0.0000	0	0.6885	-0.5108	13.2655	1	0	0	1	1	94.1400
396   	57.6033	0.0415	100.6146	9019	1	0.0028	0	0.4701	-0.7714	11.9632	1	0	0	1	1	94.1400
396	57.6033	0.0415	100.6146	9019	1	0.0002	0	-0.7902	0.3922	4.4292	1	1	0	1	1	94.1400
396	57.6033	0.0415	100.6146	6000	1	0.0004	0	0.3186	-0.9880	5.4281	1	2	0	1	1	94.1400
398   	57.2565	0.0069	99.9662	6000	1	0.0000	0	1.1231	-0.0088	13.9494	1	0	0	1	1	94.1400
398	57.2565	0.0069	99.9662	9019	1	0.0000	0	0.4474	1.0127	13.8953	1	1	0	1	1	94.1400
402   	58.0260	0.7370	99.9762	6000	1	0.0000	0	-0.1882	0.1808	17.3084	1	0	0	1	1	94.1400
405   	58.3197	0.7844	99.9123	9019	1	0.0025	0	0.4754	0.3247	7.5212	1	0	0	1	1	94.1400
431   	57.7615	-0.8379	99.7111	9019	1	0.0000	0	0.7848	0.7583	6.8086	1	0	0	1	1	94.1400
431	57.7615	-0.8379	99.7111	6000	1	0.0000	0	0.4961	0.8591	6.5306	1	1	0	1	1	94.1400
452   	58.3512	0.4775	100.5584	6000	1	0.0000	0	0.9106	0.1359	6.3496	1	0	0	1	1	94.1400
453   	58.4905	-0.3591	100.2297	9019	1	0.0156	0	0.7567	-0.6119	10.7141	1	0	0	1	1	94.1400
465   	58.5243	0.1314	99.8325	9019	1	0.0000	0	-0.3830	0.6893	14.3690	1	0	0	1	1	94.1400
489   	58.3891	0.8264	100.0874	9019	1	0.0009	0	-0.1370	0.6125	8.8818	1	0	0	1	1	94.1400
507   	58.0159	-0.2603	100.2501	9019	1	0.0002	0	0.1332	-1.0902	11.2751	1	0	0	1	1	94.1400
510   	58.2421	-0.4079	99.8525	9019	1	0.0004	0	-0.3358	-0.7435	15.4664	1	0	0	1	1	94.1400
524   	58.0830	0.5444	99.2867	6000	1	0.0000	0	-0.0043	-0.6851	11.7892	1	0	0	1	1	94.1400
540   	57.2851	0.2363	100.0791	9019	1	0.0005	0	-0.5431	0.1997	3.3391	1	0	0	1	1	94.1400
540	57.2851	0.2363	100.0791	6000	1	0.0001	0	0.1193	-0.1033	3.1847	1	1	0	1	1	94.1400
540	57.2851	0.2363	100.0791	9019	1	0.0003	0	1.1149	-0.1629	3.5450	1	2	0	1	1	94.1400
546   	57.5230	0.3923	99.8691	9019	1	0.0000	0	0.3703	0.3146	9.5484	1	0	0	1	1	94.1400
557   	57.2199	-0.2101	100.5134	9019	1	0.0113	0	-0.6766	0.4889	8.2092	1	0	0	1	1	94.1400
566   	57.0996	0.3302	100.0173	9019	1	0.0104	0	-0.0392	-0.0811	13.0730	1	0	0	1	1	94.1400
575   	57.5770	-0.1702	99.7734	9019	1	0.0000	0	-0.0678	1.1330	10.6654	1	0	0	1	1	94.1400
575	57.5770	-0.1702	99.7734	9019	1	0.0000	0	0.1921	-0.3302	11.6947	1	1	0	1	1	94.1400
575	57.5770	-0.1702	99.7734	9019	1	0.0000	0	-0.2205	0.9061	16.6483	1	2	0	1	1	94.1400
580   	58.1135	-0.4136	99.3667	6000	1	0.0020	0	1.0582	0.0934	13.9729	1	0	0	1	1	94.1400
581   	57.8839	0.3002	99.3982	9019	1	0.0000	0	-0.7746	-0.4101	17.6519	1	0	0	1	1	94.1400
585   	58.3210	0.2381	100.1083	9019	1	0.0029	0	0.4750	-0.3303	12.9258	1	0	0	1	1	94.1400
587   	58.3157	0.1520	100.8525	6000	1	0.0081	0	0.7616	0.8637	12.7121	1	0	0	1	1	94.1400
592   	57.5162	0.2799	99.6105	9019	1	0.0000	0	-0.2869	-0.9544	10.2331	1	0	0	1	1	94.1400
593   	58.4716	0.4819	100.4887	9019	1	0.0000	0	1.0317	0.2557	11.0216	1	0	0	1	1	94.1400
607   	57.8794	0.3719	99.6356	9019	1	0.0000	0	0.7679	-0.4616	4.8188	1	0	0	1	1	94.1400
628   	58.4540	-0.5539	100.4084	9019	1	0.0001	0	-0.0085	-0.9738	14.9477	1	0	0	1	1	94.1400
637   	58.2942	0.6046	99.9978	9019	1	0.0002	0	0.9401	-0.7250	6.4349	1	0	0	1	1	94.1400
642   	58.1878	-0.0839	99.2663	9019	1	0.0000	0	0.7649	0.1023	11.9475	1	0	0	1	1	94.1400
648   	58.5223	0.4354	100.2055	9019	1	0.0039	0	-0.2516	0.6384	8.0224	1	0	0	1	1	94.1400
665   	57.9434	-0.0044	99.3964	6000	1	0.0000	0	0.0485	-0.5184	11.4474	1	0	0	1	1	94.1400
666   	57.7981	-0.8697	99.7724	9019	1	0.0000	0	-0.5174	-0.4216	6.1826	1	0	0	1	1	94.1400
666	57.7981	-0.8697	99.7724	9019	1	0.0000	0	0.2832	-0.6311	10.3812	1	1	0	1	1	94.1400
673   	58.2907	-0.5085	100.1591	6000	1	0.0000	0	0.6459	0.0882	12.4453	1	0	0	1	1	94.1400
673	58.2907	-0.5085	100.1591	9019	1	0.0000	0	0.5666	-0.0857	12.4402	1	1	0	1	1	94.1400
673	58.2907	-0.5085	100.1591	9019	1	0.0000	0	-0.0337	0.0788	14.3640	1	2	0	1	1	94.1400
673	58.2907	-0.5085	100.1591	9019	1	0.0000	0	0.0591	0.1538	14.3156	1	3	0	1	1	94.1400
683   	57.6137	-0.4849	100.1649	9019	1	0.0000	0	-0.3027	-0.8436	19.0732	1	0	0	1	1	94.1400
683	57.6137	-0.4849	100.1649	9019	1	0.0000	0	-0.2579	-0.2764	18.1109	1	1	0	1	1	94.1400
685   	58.3763	-0.1637	99.3540	9019	1	0.0000	0	1.0464	0.1437	10.5497	1	0	0	1	1	94.1400
685	58.3763	-0.1637	99.3540	9019	1	0.0000	0	0.7015	0.1003	10.5981	1	1	0	1	1	94.1400
685	58.3763	-0.1637	99.3540	6000	1	0.0000	0	0.7135	-0.7589	8.5169	1	2	0	1	1	94.1400
709   	57.5837	-0.4079	99.4382	6000	1	0.0017	0	0.5428	0.1836	12.9857	1	0	0	1	1	94.1400
709	57.5837	-0.4079	99.4382	9019	1	0.0002	0	0.3539	0.0074	12.4916	1	1	0	1	1	94.1400
709	57.5837	-0.4079	99.4382	6000	1	0.0000	0	-0.5663	-1.0218	9.3804	1	2	0	1	1	94.1400
711   	58.6039	-0.7157	100.0371	9019	1	0.0003	0	0.0907	0.9003	12.1307	1	0	0	1	1	94.1400
711	58.6039	-0.7157	100.0371	6000	1	0.0000	0	-0.6669	-0.7351	16.7956	1	1	0	1	1	94.1400
719   	57.9440	-0.3066	100.1855	9019	1	0.0038	0	0.7210	-0.4330	8.4224	1	0	0	1	1	94.1400
719	57.9440	-0.3066	100.1855	6000	1	0.0001	0	0.7921	0.1327	4.3704	1	1	0	1	1	94.1400
724   	58.6526	0.5994	100.4541	9019	1	0.0001	0	0.9255	0.5601	8.8008	1	0	0	1	1	94.1400
737   	58.3742	-0.8472	100.2150	6000	1	0.0000	0	0.8462	0.0492	7.5300	1	0	0	1	1	94.1400
746   	58.0223	0.0988	100.6557	6000	1	0.0000	0	0.7989	-0.2838	12.5637	1	0	0	1	1	94.1400
758   	57.7305	0.0843	99.5420	6000	1	0.0000	0	-0.5109	0.1774	10.7267	1	0	0	1	1	94.1400
764   	58.1456	0.2778	100.0244	9019	1	0.0029	0	-0.2934	-0.4018	9.2409	1	0	0	1	1	94.1400
784   	58.5134	-0.6106	99.6806	9019	1	0.0000	0	0.6496	-0.7413	8.5694	1	0	0	1	1	94.1400
822   	57.5157	0.1532	99.2463	9019	1	0.0000	0	-0.0943	0.8425	6.1906	1	0	0	1	1	94.1400
848   	58.8216	-0.3189	100.2356	6000	1	0.0000	0	0.5903	-0.4881	6.8953	1	0	0	1	1	94.1400
865   	57.4682	-0.0666	99.9704	9019	1	0.0000	0	1.1406	0.3357	12.9926	1	0	0	1	1	94.1400
874   	58.2472	-0.7119	100.4131	9019	1	0.0000	0	0.7289	0.3143	12.7361	1	0	0	1	1	94.1400
874	58.2472	-0.7119	100.4131	9019	1	0.0000	0	0.5597	0.8701	6.2678	1	1	0	1	1	94.1400
892   	58.5914	0.3308	99.4527	9019	1	0.0000	0	0.7763	0.4975	6.9183	1	0	0	1	1	94.1400
898   	57.5317	-0.4502	99.2868	9019	1	0.0028	0	0.0300	-0.4238	11.0763	1	0	0	1	1	94.1400
934   	57.5442	-0.2738	100.6717	6000	1	0.0006	0	0.7649	0.8705	7.9514	1	0	0	1	1	94.1400
976   	58.4055	-0.2728	100.5422	9019	1	0.0004	0	-0.0586	0.2915	11.3942	1	0	0	1	1	94.1400
976	58.4055	-0.2728	100.5422	6000	1	0.0060	0	-0.2433	0.6474	11.2804	1	1	0	1	1	94.1400
1001  	57.8790	-0.2602	100.8079	9019	1	0.0000	0	-0.8993	-0.5191	4.7707	1	0	0	1	1	94.1400
1013  	57.4746	-0.5969	100.5651	9019	1	0.0000	0	-0.4215	0.5541	5.9170	1	0	0	1	1	94.1400
1051  	58.1658	0.8953	100.0297	6000	1	0.0115	0	0.3607	0.5530	9.3171	1	0	0	1	1	94.1400
1058  	58.2092	0.9273	100.0723	6000	1	0.0034	0	0.5243	0.8127	12.1895	1	0	0	1	1	94.1400
1090  	58.1723	-0.1203	99.8086	6000	1	0.0000	0	0.0010	-0.5528	13.5943	1	0	0	1	1	94.1400
1104  	58.6693	0.0874	100.3386	9019	1	0.0000	0	0.1959	-1.1560	12.2567	1	0	0	1	1	94.1400
1104	58.6693	0.0874	100.3386	9019	1	0.0000	0	0.1210	-0.9954	12.0659	1	1	0	1	1	94.1400
1140  	58.4669	0.4376	99.4391	9019	1	0.0000	0	-0.6478	0.5272	18.2129	1	0	0	1	1	94.1400
1146  	57.8959	0.6444	100.2465	9019	1	0.0000	0	0.2722	1.1553	1.4471	1	0	0	1	1	94.1400
1178  	57.8575	-0.6058	99.5140	6000	1	0.0000	0	0.5218	-0.4988	13.6971	1	0	0	1	1	94.1400
1178	57.8575	-0.6058	99.5140	6000	1	0.0000	0	0.8562	0.5692	15.9565	1	1	0	1	1	94.1400
1181  	57.7073	-0.2118	99.2746	9019	1	0.0015	0	0.3571	-0.8773	7.0047	1	0	0	1	1	94.1400
1181	57.7073	-0.2118	99.2746	9019	1	0.0077	0	-0.5971	-0.3812	6.4471	1	1	0	1	1	94.1400
1189  	58.3599	0.0487	99.9915	9019	1	0.0000	0	-0.5381	0.9208	11.3710	1	0	0	1	1	94.1400
1189	58.3599	0.0487	99.9915	9019	1	0.0001	0	-0.3643	0.8383	11.5027	1	1	0	1	1	94.1400
1189	58.3599	0.0487	99.9915	6000	1	0.0001	0	-0.3600	0.8493	11.4778	1	2	0	1	1	94.1400
1189	58.3599	0.0487	99.9915	9019	1	0.0000	0	0.0010	1.1763	12.3724	1	3	0	1	1	94.1400
1254  	58.2286	0.2998	99.8980	9019	1	0.0072	0	-0.7413	-0.0711	10.3150	1	0	0	1	1	94.1400
1254	58.2286	0.2998	99.8980	6000	1	0.0121	0	-0.8541	-0.5447	10.3373	1	1	0	1	1	94.1400
1266  	58.0763	0.6211	99.4229	6000	1	0.0000	0	-1.1180	-0.1925	3.3247	1	0	0	1	1	94.1400
1266	58.0763	0.6211	99.4229	9019	1	0.0000	0	-1.0579	-0.3109	9.2719	1	1	0	1	1	94.1400
1266	58.0763	0.6211	99.4229	6000	1	0.0000	0	0.7919	0.2438	9.7026	1	2	0	1	1	94.1400
1266	58.0763	0.6211	99.4229	9019	1	0.0000	0	0.7835	0.3554	9.6094	1	3	0	1	1	94.1400
1266	58.0763	0.6211	99.4229	9019	1	0.0000	0	0.5918	0.7827	8.2801	1	4	0	1	1	94.1400
1268  	57.6079	0.6328	100.0522	9019	1	0.0070	0	0.3777	-0.0437	9.0737	1	0	0	1	1	94.1400
1290  	58.5776	0.0534	100.4448	9019	1	0.0000	0	0.6852	-0.4479	13.2687	1	0	0	1	1	94.1400
1302  	57.3482	-0.4911	100.0494	9019	1	0.0001	0	-0.5221	-0.4520	2.3921	1	0	0	1	1	94.1400
1307  	58.3336	0.6298	99.6689	9019	1	0.0014	0	0.5725	-0.0882	12.9261	1	0	0	1	1	94.1400
1331  	58.3082	0.1620	99.5163	9019	1	0.0000	0	0.1551	-0.7523	6.9310	1	0	0	1	1	94.1400
1331	58.3082	0.1620	99.5163	9019	1	0.0000	0	0.6386	-0.2100	6.9311	1	1	0	1	1	94.1400
1338  	58.1159	-0.1082	100.0325	9019	1	0.0000	0	0.5618	0.6211	4.2182	1	0	0	1	1	94.1400
1338	58.1159	-0.1082	100.0325	6000	1	0.0000	0	0.1264	0.8131	4.0100	1	1	0	1	1	94.1400
1347  	57.8942	0.6776	100.4812	6000	1	0.0002	0	1.1249	0.2678	11.2988	1	0	0	1	1	94.1400
1347	57.8942	0.6776	100.4812	6000	1	0.0031	0	0.5478	-0.2389	13.2576	1	1	0	1	1	94.1400
1381  	58.4685	0.5447	99.6701	9019	1	0.0003	0	0.8202	-0.3732	10.1084	1	0	0	1	1	94.1400
1381	58.4685	0.5447	99.6701	6000	1	0.0176	0	0.7885	-0.3270	10.0768	1	1	0	1	1	94.1400
1382  	58.5058	0.0368	99.9198	6000	1	0.0000	0	-0.8798	0.4898	8.6537	1	0	0	1	1	94.1400
1434  	58.5928	0.2246	99.9047	6000	1	0.0000	0	-0.6961	-0.5573	15.3024	1	0	0	1	1	94.1400
1434	58.5928	0.2246	99.9047	9019	1	0.0000	0	0.3890	-0.5854	16.6284	1	1	0	1	1	94.1400
1435  	58.6609	-0.2122	99.5015	9019	1	0.0008	0	0.3470	0.7462	8.8050	1	0	0	1	1	94.1400
1436  	58.8096	-0.1881	100.3527	9019	1	0.0000	0	1.0734	0.3543	6.1328	1	0	0	1	1	94.1400
1440  	57.6569	0.2029	99.5717	9019	1	0.0077	0	-1.0471	-0.0197	7.6417	1	0	0	1	1	94.1400
1440	57.6569	0.2029	99.5717	6000	1	0.0161	0	-0.1725	-0.0233	6.1515	1	1	0	1	1	94.1400
1443  	58.6547	-0.0638	99.4381	9019	1	0.0036	0	0.0790	0.7869	11.1244	1	0	0	1	1	94.1400
1443	58.6547	-0.0638	99.4381	9019	1	0.0004	0	-0.3503	0.3292	11.3623	1	1	0	1	1	94.1400
1461  	57.0882	0.0555	100.3404	9019	1	0.0000	0	-1.1676	0.0006	12.8620	1	0	0	1	1	94.1400
1464  	57.7487	-0.6792	99.5097	9019	1	0.0009	0	0.9316	0.3610	8.3152	1	0	0	1	1	94.1400
1492  	57.1855	0.5126	100.1743	6000	1	0.0000	0	0.0984	-0.6881	8.9464	1	0	0	1	1	94.1400
1492	57.1855	0.5126	100.1743	9019	1	0.0000	0	0.0428	-1.0329	8.6729	1	1	0	1	1	94.1400
1495  	58.2677	0.2938	99.7811	9019	1	0.0000	0	-0.0912	0.3546	4.1129	1	0	0	1	1	94.1400
1495	58.2677	0.2938	99.7811	6000	1	0.0000	0	-0.7904	-0.0455	1.6319	1	1	0	1	1	94.1400
1495	58.2677	0.2938	99.7811	6000	1	0.0000	0	-0.7147	-0.0592	1.6519	1	2	0	1	1	94.1400
1541  	58.0106	-0.4199	100.4757	6000	1	0.0000	0	0.9060	-0.1286	8.6785	1	0	0	1	1	94.1400
1542  	58.2358	-0.8772	100.1577	9019	1	0.0000	0	-0.5319	0.7227	13.6838	1	0	0	1	1	94.1400
1545  	57.7473	-0.5424	100.0543	9019	1	0.0000	0	-1.0147	0.3682	5.3519	1	0	0	1	1	94.1400
1571  	58.1719	0.6285	100.7584	9019	1	0.0000	0	0.9407	0.5329	3.4187	1	0	0	1	1	94.1400
1571	58.1719	0.6285	100.7584	9019	1	0.0000	0	1.0700	0.0904	3.9610	1	1	0	1	1	94.1400
1571	58.1719	0.6285	100.7584	9019	1	0.0000	0	0.7831	-0.0136	2.4651	1	2	0	1	1	94.1400
1571	58.1719	0.6285	100.7584	9019	1	0.0000	0	-0.3910	-0.8607	1.0451	1	3	0	1	1	94.1400
1580  	57.5080	-0.2875	100.8067	6000	1	0.0009	0	-0.6412	-0.2869	14.7787	1	0	0	1	1	94.1400
1580	57.5080	-0.2875	100.8067	9019	1	0.0014	0	-0.3223	-0.4523	14.4446	1	1	0	1	1	94.1400
1580	57.5080	-0.2875	100.8067	6000	1	0.0008	0	0.2146	-0.2552	16.6515	1	2	0	1	1	94.1400
1582  	58.1763	0.2100	99.5283	9019	1	0.0000	0	0.6192	-0.2096	13.4407	1	0	0	1	1	94.1400
1667  	58.4005	-0.0868	99.2806	6000	1	0.0000	0	0.3033	-0.0142	14.4665	1	0	0	1	1	94.1400
1667	58.4005	-0.0868	99.2806	6000	1	0.0000	0	-0.5105	0.5711	18.5029	1	1	0	1	1	94.1400
1669  	57.6571	0.2050	99.9533	6000	1	0.0000	0	0.8268	-0.1142	7.3988	1	0	0	1	1	94.1400
1677  	57.9196	-0.0234	100.1357	6000	1	0.0000	0	0.0316	-0.2796	12.9482	1	0	0	1	1	94.1400
1680  	57.4061	0.0537	99.3502	9019	1	0.0011	0	-0.5306	-0.6204	13.4118	1	0	0	1	1	94.1400
1684  	57.9856	-0.3233	100.4295	9019	1	0.0013	0	1.1729	-0.1469	11.6909	1	0	0	1	1	94.1400
1684	57.9856	-0.3233	100.4295	9019	1	0.0122	0	1.0433	0.0146	12.1130	1	1	0	1	1	94.1400
1707  	57.1947	0.1472	99.7451	6000	1	0.0000	0	0.7139	-0.2476	11.7231	1	0	0	1	1	94.1400
1717  	57.9257	0.5196	99.7563	9019	1	0.0000	0	-0.6493	1.0028	12.0905	1	0	0	1	1	94.1400
1717	57.9257	0.5196	99.7563	9019	1	0.0000	0	0.5354	0.0854	9.7410	1	1	0	1	1	94.1400
1722  	58.7809	-0.2578	99.8071	9019	1	0.0001	0	0.4431	-0.0051	8.3168	1	0	0	1	1	94.1400
1722	58.7809	-0.2578	99.8071	9019	1	0.0000	0	0.5354	-0.0778	9.8616	1	1	0	1	1	94.1400
1722	58.7809	-0.2578	99.8071	6000	1	0.0000	0	-0.3430	-0.2595	15.7156	1	2	0	1	1	94.1400
1722	58.7809	-0.2578	99.8071	6000	1	0.0000	0	-0.3341	-0.2541	15.7606	1	3	0	1	1	94.1400
1723  	57.5016	0.3383	100.7652	9019	1	0.0005	0	0.1297	0.1555	6.5834	1	0	0	1	1	94.1400
1723	57.5016	0.3383	100.7652	9019	1	0.0008	0	-0.0435	-1.1149	2.6831	1	1	0	1	1	94.1400
1724  	58.3349	0.2834	99.9269	9019	1	0.0000	0	-0.7520	0.9343	10.5337	1	0	0	1	1	94.1400
1766  	57.9262	-0.1831	99.2410	6000	1	0.0001	0	0.8107	0.0790	9.0511	1	0	0	1	1	94.1400
1766	57.9262	-0.1831	99.2410	9019	1	0.0004	0	0.1760	0.9538	8.7368	1	1	0	1	1	94.1400
1773  	58.7043	-0.1477	99.7931	9019	1	0.0000	0	0.6226	-0.4759	5.5014	1	0	0	1	1	94.1400
1773	58.7043	-0.1477	99.7931	9019	1	0.0000	0	0.8221	-0.4319	7.1701	1	1	0	1	1	94.1400
1773	58.7043	-0.1477	99.7931	6000	1	0.0000	0	0.1364	-0.7329	7.5124	1	2	0	1	1	94.1400
1786  	58.7033	-0.0259	99.9527	9019	1	0.0000	0	-0.3440	-0.1186	5.5490	1	0	0	1	1	94.1400
1794  	57.6276	-0.8405	100.3531	9019	1	0.0000	0	0.9203	-0.6009	17.2588	1	0	0	1	1	94.1400
1796  	58.3654	-0.4835	99.5874	6000	1	0.0000	0	-0.2198	-0.0315	10.2562	1	0	0	1	1	94.1400
1852  	57.7017	-0.3689	99.6599	6000	1	0.0165	0	0.7188	-0.7640	9.1236	1	0	0	1	1	94.1400
1874  	57.8262	0.1574	99.4138	9019	1	0.0000	0	-1.0638	0.3654	17.8619	1	0	0	1	1	94.1400
1888  	58.3537	-0.0162	100.0154	9019	1	0.0000	0	-0.2161	-0.5027	13.8950	1	0	0	1	1	94.1400
1908  	57.5659	0.6233	100.5127	9019	1	0.0013	0	-0.7527	-0.8790	12.4969	1	0	0	1	1	94.1400
1912  	58.0908	0.6611	99.9537	9019	1	0.0000	0	-0.8496	-0.8344	8.7995	1	0	0	1	1	94.1400
1914  	58.3263	0.0977	99.5910	6000	1	0.0000	0	-0.0569	-0.8558	4.0086	1	0	0	1	1	94.1400
1924  	57.8798	-0.7520	99.4270	6000	1	0.0053	0	-0.2013	0.8817	7.9593	1	0	0	1	1	94.1400
1938  	57.6458	-0.3759	99.9987	9019	1	0.0008	0	0.7797	0.8788	11.7008	1	0	0	1	1	94.1400
1938	57.6458	-0.3759	99.9987	9019	1	0.0119	0	0.4297	0.5315	11.4673	1	1	0	1	1	94.1400
1950  	58.8713	0.1294	99.8430	6000	1	0.0253	0	0.4604	0.3764	9.1759	1	0	0	1	1	94.1400
1975  	57.3211	0.4840	100.1445	9019	1	0.0000	0	-0.5664	0.9181	6.9938	1	0	0	1	1	94.1400
1986  	57.8342	-0.0372	99.2676	9019	1	0.0011	0	-0.9306	0.3779	9.4073	1	0	0	1	1	94.1400
1988  	58.3240	0.5621	100.5801	6000	1	0.0001	0	1.0481	0.2763	12.0818	1	0	0	1	1	94.1400
1998  	58.7269	-0.1878	99.5886	9019	1	0.0156	0	0.1790	-1.1389	12.2552	1	0	0	1	1	94.1400
2001  	58.0226	-0.7156	99.5387	9019	1	0.0007	0	1.0204	-0.0809	13.2216	1	0	0	1	1	94.1400
2008  	58.0348	-0.2391	99.4853	9019	1	0.0000	0	0.8622	0.4221	11.6929	1	0	0	1	1	94.1400
2014  	57.1179	0.1400	100.2730	9019	1	0.0000	0	0.5460	-0.4526	7.0743	1	0	0	1	1	94.1400
2019  	57.3339	0.0183	100.5113	9019	1	0.0000	0	-0.4637	-0.6080	5.0459	1	0	0	1	1	94.1400
2026  	58.8654	-0.1044	99.8003	6000	1	0.0000	0	0.6624	0.3291	18.4460	1	0	0	1	1	94.1400
2032  	58.3928	-0.2821	99.5021	9019	1	0.0000	0	-1.0030	-0.5914	4.5518	1	0	0	1	1	94.1400
2045  	57.6969	-0.7781	99.4907	9019	1	0.0034	0	0.2553	0.1026	15.1734	1	0	0	1	1	94.1400
2045	57.6969	-0.7781	99.4907	9019	1	0.0000	0	-0.5588	-1.0302	16.0481	1	1	0	1	1	94.1400
2048  	57.3851	-0.2829	99.8580	9019	1	0.0000	0	-0.1070	-0.5349	5.5830	1	0	0	1	1	94.1400
2049  	58.2820	-0.7488	99.7150	9019	1	0.0000	0	1.0810	-0.0609	11.0881	1	0	0	1	1	94.1400
2054  	58.1488	0.4439	100.5750	6000	1	0.0000	0	0.1385	0.0463	11.7285	1	0	0	1	1	94.1400
2080  	58.3187	-0.3984	100.8024	9019	1	0.0008	0	1.0178	0.4587	8.2858	1	0	0	1	1	94.1400
2112  	57.6269	-0.4371	100.1990	9019	1	0.0032	0	-0.3067	-0.7736	7.8359	1	0	0	1	1	94.1400
2126  	57.8975	0.1810	100.6920	9019	1	0.0000	0	0.4779	-0.9913	9.1517	1	0	0	1	1	94.1400
2165  	57.8028	0.1822	99.6193	6000	1	0.0011	0	0.8084	0.6895	12.0362	1	0	0	1	1	94.1400
2165	57.8028	0.1822	99.6193	9019	1	0.0033	0	0.6390	0.7345	12.0872	1	1	0	1	1	94.1400
2166  	57.1758	0.2676	99.9498	6000	1	0.0022	0	0.3793	-0.1344	9.8590	1	0	0	1	1	94.1400
2166	57.1758	0.2676	99.9498	9019	1	0.0001	0	-0.1646	0.8868	9.5488	1	1	0	1	1	94.1400
2200  	58.4126	-0.5939	100.5053	9019	1	0.0000	0	-0.9647	-0.6872	12.7709	1	0	0	1	1	94.1400
2200	58.4126	-0.5939	100.5053	9019	1	0.0000	0	0.6255	0.3582	12.8615	1	1	0	1	1	94.1400
2200	58.4126	-0.5939	100.5053	9019	1	0.0000	0	0.5346	0.4805	12.5882	1	2	0	1	1	94.1400
2218  	57.6452	0.3077	99.3852	6000	1	0.0021	0	1.0647	-0.3284	12.8115	1	0	0	1	1	94.1400
2221  	57.6908	0.4001	99.8085	6000	1	0.0000	0	0.1530	-0.4526	6.9847	1	0	0	1	1	94.1400
2221	57.6908	0.4001	99.8085	6000	1	0.0000	0	-0.0285	-0.9880	7.0454	1	1	0	1	1	94.1400
2231  	57.5672	-0.7904	100.4088	6000	1	0.0000	0	0.4682	0.7020	6.7534	1	0	0	1	1	94.1400
2231	57.5672	-0.7904	100.4088	9019	1	0.0002	0	0.0366	0.6583	6.3822	1	1	0	1	1	94.1400
2238  	57.8179	0.2935	99.1823	9019	1	0.0000	0	-0.9628	-0.1286	7.4796	1	0	0	1	1	94.1400
2238	57.8179	0.2935	99.1823	9019	1	0.0000	0	-0.5964	0.7349	6.7696	1	1	0	1	1	94.1400
2253  	58.0153	-0.1052	100.7294	9019	1	0.0000	0	0.2290	-0.6859	8.0668	1	0	0	1	1	94.1400
2253	58.0153	-0.1052	100.7294	9019	1	0.0000	0	-0.5734	-0.1389	12.3262	1	1	0	1	1	94.1400
2253	58.0153	-0.1052	100.7294	9019	1	0.0000	0	-0.4684	-0.3159	12.8373	1	2	0	1	1	94.1400
2256  	57.8676	0.4499	100.6330	9019	1	0.0147	0	0.9743	-0.5802	10.0819	1	0	0	1	1	94.1400
2266  	57.9861	-0.6125	99.5145	9019	1	0.0001	0	-0.2517	0.4659	9.9660	1	0	0	1	1	94.1400
2268  	57.3743	0.2299	100.7344	9019	1	0.0035	0	1.0810	0.3033	10.6880	1	0	0	1	1	94.1400
2270  	58.2671	-0.0594	99.3730	6000	1	0.0000	0	-0.1303	0.5687	4.9035	1	0	0	1	1	94.1400
2271  	58.0459	0.0025	100.2794	9019	1	0.0002	0	0.6838	0.0106	13.5847	1	0	0	1	1	94.1400
2281  	57.3355	-0.5869	100.1532	9019	1	0.0055	0	-0.4024	0.0871	8.3181	1	0	0	1	1	94.1400
2287  	58.6240	0.1815	100.0093	9019	1	0.0099	0	0.8491	0.5251	12.4206	1	0	0	1	1	94.1400
2307  	57.4750	0.0694	100.7399	9019	1	0.0103	0	0.4470	-0.1263	6.4381	1	0	0	1	1	94.1400
2307	57.4750	0.0694	100.7399	6000	1	0.0072	0	0.6657	-0.0473	6.4486	1	1	0	1	1	94.1400
2307	57.4750	0.0694	100.7399	9019	1	0.0026	0	0.9884	-0.6055	6.8453	1	2	0	1	1	94.1400
2307	57.4750	0.0694	100.7399	9019	1	0.0018	0	1.0448	-0.5740	6.9957	1	3	0	1	1	94.1400
2325  	57.5300	-0.1420	100.3277	9019	1	0.0000	0	-0.2544	0.1892	7.5629	1	0	0	1	1	94.1400
2332  	58.2135	0.5932	99.7758	9019	1	0.0000	0	0.8623	0.1005	14.2321	1	0	0	1	1	94.1400
2359  	58.5036	-0.1497	99.5574	9019	1	0.0000	0	0.7752	-0.1252	4.9911	1	0	0	1	1	94.1400
2423  	57.8474	0.4105	99.8886	9019	1	0.0000	0	0.0798	-0.7100	6.3385	1	0	0	1	1	94.1400
2423	57.8474	0.4105	99.8886	9019	1	0.0000	0	-0.0043	-0.7538	6.2868	1	1	0	1	1	94.1400
2423	57.8474	0.4105	99.8886	9019	1	0.0000	0	0.0841	0.0035	9.1330	1	2	0	1	1	94.1400
2423	57.8474	0.4105	99.8886	9019	1	0.0000	0	-0.6291	-0.1834	9.4112	1	3	0	1	1	94.1400
2423	57.8474	0.4105	99.8886	9019	1	0.0000	0	-0.3206	0.0405	6.1257	1	4	0	1	1	94.1400
2425  	57.2143	0.5000	99.8162	6000	1	0.0000	0	0.1576	-0.2056	9.2031	1	0	0	1	1	94.1400
2439  	57.4077	0.2582	100.3759	9019	1	0.0000	0	-0.5962	-0.6350	9.7658	1	0	0	1	1	94.1400
2459  	57.8474	0.5997	100.6163	6000	1	0.0004	0	-0.4255	-0.5948	11.5847	1	0	0	1	1	94.1400
2459	57.8474	0.5997	100.6163	9019	1	0.0001	0	0.0531	-0.3940	10.8444	1	1	0	1	1	94.1400
2463  	57.2798	-0.1123	99.9407	9019	1	0.0000	0	-1.0062	0.2257	7.2995	1	0	0	1	1	94.1400
2463	57.2798	-0.1123	99.9407	9019	1	0.0000	0	0.9618	0.4534	3.0222	1	1	0	1	1	94.1400
2478  	58.3478	-0.1834	99.8348	9019	1	0.0000	0	-0.6385	-0.1735	6.4291	1	0	0	1	1	94.1400
2486  	58.0915	0.6595	99.6313	9019	1	0.0000	0	-0.2171	0.9419	13.2978	1	0	0	1	1	94.1400
2497  	58.9752	0.0045	100.1998	9019	1	0.0000	0	-0.0116	-0.1717	14.4607	1	0	0	1	1	94.1400
2497	58.9752	0.0045	100.1998	6000	1	0.0000	0	-0.8373	-0.5914	13.0428	1	1	0	1	1	94.1400
2504  	58.5999	0.3842	100.3407	9019	1	0.0001	0	0.6616	-0.2355	8.4067	1	0	0	1	1	94.1400
2504	58.5999	0.3842	100.3407	6000	1	0.0001	0	0.6833	-0.2178	8.4858	1	1	0	1	1	94.1400
2504	58.5999	0.3842	100.3407	9019	1	0.0000	0	-0.0671	0.6649	7.9620	1	2	0	1	1	94.1400
2506  	57.5914	0.0894	99.6137	9019	1	0.0000	0	-0.2539	-0.3504	7.8860	1	0	0	1	1	94.1400
2514  	57.5326	-0.4327	99.5180	9019	1	0.0014	0	-0.0880	1.0512	8.0886	1	0	0	1	1	94.1400
2525  	57.9983	-0.0370	100.1172	9019	1	0.0000	0	0.3489	-1.0730	4.5077	1	0	0	1	1	94.1400
2530  	57.7159	-0.0240	99.5294	9019	1	0.0000	0	0.2849	-0.9011	13.6883	1	0	0	1	1	94.1400
2530	57.7159	-0.0240	99.5294	9019	1	0.0000	0	-0.7690	-0.0665	13.9481	1	1	0	1	1	94.1400
2530	57.7159	-0.0240	99.5294	6000	1	0.0000	0	-0.7621	0.0340	14.1236	1	2	0	1	1	94.1400
2530	57.7159	-0.0240	99.5294	6000	1	0.0000	0	-0.8477	-0.5313	14.7313	1	3	0	1	1	94.1400
2531  	57.6260	0.6063	100.0948	9019	1	0.0066	0	0.1773	0.4856	15.2487	1	0	0	1	1	94.1400
2531	57.6260	0.6063	100.0948	9019	1	0.0000	0	0.7501	-0.3246	15.6990	1	1	0	1	1	94.1400
2531	57.6260	0.6063	100.0948	9019	1	0.0000	0	0.7023	0.0184	17.3048	1	2	0	1	1	94.1400
2583  	57.9703	0.5760	99.4313	9019	1	0.0000	0	0.6634	0.2340	0.4275	1	0	0	1	1	94.1400
2607  	57.6010	0.5454	99.7557	9019	1	0.0014	0	-0.0414	0.6832	11.6794	1	0	0	1	1	94.1400
2611  	58.3848	0.6562	99.5614	9019	1	0.0034	0	-1.0923	-0.3791	2.8429	1	0	0	1	1	94.1400
2611	58.3848	0.6562	99.5614	9019	1	0.0011	0	0.1750	0.5549	3.2133	1	1	0	1	1	94.1400
2611	58.3848	0.6562	99.5614	9019	1	0.0027	0	0.8075	0.2212	3.4399	1	2	0	1	1	94.1400
2615  	57.1768	-0.3347	100.2109	9019	1	0.0000	0	1.1073	-0.3986	7.4054	1	0	0	1	1	94.1400
2636  	58.5783	0.2966	99.8201	9019	1	0.0000	0	0.3556	0.5204	7.1189	1	0	0	1	1	94.1400
2649  	57.2724	-0.4093	100.2855	9019	1	0.0000	0	-0.0892	0.6687	7.2138	1	0	0	1	1	94.1400
2652  	57.9561	-0.6967	99.6835	9019	1	0.0006	0	-0.1922	0.5298	4.9282	1	0	0	1	1	94.1400
2665  	57.0124	0.1058	100.0782	6000	1	0.0009	0	0.6559	0.6338	14.5847	1	0	0	1	1	94.1400
2667  	57.1361	0.0076	100.4487	6000	1	0.0102	0	-1.0314	0.3087	6.2575	1	0	0	1	1	94.1400
2667	57.1361	0.0076	100.4487	9019	1	0.0000	0	-0.2328	0.3591	10.8607	1	1	0	1	1	94.1400
2672  	58.5393	0.2266	100.0257	9019	1	0.0000	0	0.3607	-0.1043	5.9060	1	0	0	1	1	94.1400
2692  	57.5021	0.5395	100.3849	6000	1	0.0037	0	0.9240	0.7560	6.2838	1	0	0	1	1	94.1400
2701  	57.7256	0.0697	100.5165	9019	1	0.0000	0	-0.7153	0.6161	7.7388	1	0	0	1	1	94.1400
2748  	58.2184	-0.5761	99.9561	9019	1	0.0000	0	-0.5135	-0.8787	13.6972	1	0	0	1	1	94.1400
2759  	58.1220	0.2774	100.8421	9019	1	0.0006	0	-0.3726	-0.5026	12.4400	1	0	0	1	1	94.1400
2762  	57.8379	-0.3557	100.6482	9019	1	0.0015	0	0.4198	0.4617	10.2125	1	0	0	1	1	94.1400
2766  	57.9855	0.3029	99.7407	9019	1	0.0014	0	0.5044	-0.0177	12.1473	1	0	0	1	1	94.1400
2766	57.9855	0.3029	99.7407	6000	1	0.0010	0	0.5752	-1.0181	10.2123	1	1	0	1	1	94.1400
2766	57.9855	0.3029	99.7407	6000	1	0.0011	0	-0.1317	0.9356	7.3951	1	2	0	1	1	94.1400
2804  	57.8600	0.7057	99.5593	6000	1	0.0000	0	0.3559	-0.6784	10.9835	1	0	0	1	1	94.1400
2804	57.8600	0.7057	99.5593	9019	1	0.0000	0	0.8501	-0.4890	11.6293	1	1	0	1	1	94.1400
2804	57.8600	0.7057	99.5593	6000	1	0.0000	0	-0.9068	0.3222	10.1300	1	2	0	1	1	94.1400
2804	57.8600	0.7057	99.5593	9019	1	0.0000	0	0.9981	0.0782	11.4927	1	3	0	1	1	94.1400
2809  	58.3131	0.0997	100.2308	9019	1	0.0013	0	0.6372	0.0059	15.5857	1	0	0	1	1	94.1400
2809	58.3131	0.0997	100.2308	9019	1	0.0010	0	0.6652	0.1139	15.5004	1	1	0	1	1	94.1400
2815  	57.4252	-0.2687	100.4892	9019	1	0.0000	0	0.6797	-0.8003	11.1060	1	0	0	1	1	94.1400
2820  	57.7368	-0.1877	99.7005	6000	1	0.0047	0	-0.1145	-0.5633	8.8176	1	0	0	1	1	94.1400
2847  	57.1838	-0.1500	99.5475	9019	1	0.0000	0	0.1019	-0.1024	14.6026	1	0	0	1	1	94.1400
2851  	58.7335	-0.0305	99.6191	9019	1	0.0000	0	0.1762	-0.5485	8.5144	1	0	0	1	1	94.1400
2851	58.7335	-0.0305	99.6191	9019	1	0.0000	0	0.7825	-0.6670	7.9947	1	1	0	1	1	94.1400
2871  	58.1061	-0.0768	99.0549	9019	1	0.0000	0	0.1343	-0.2457	10.0979	1	0	0	1	1	94.1400
2871	58.1061	-0.0768	99.0549	9019	1	0.0000	0	0.3822	0.2499	11.2055	1	1	0	1	1	94.1400
2874  	57.9086	0.3372	100.2887	9019	1	0.0000	0	0.4098	-0.5879	4.2488	1	0	0	1	1	94.1400
2874	57.9086	0.3372	100.2887	6000	1	0.0000	0	0.7448	-0.2001	4.4891	1	1	0	1	1	94.1400
2881  	57.8784	0.4731	99.9004	9019	1	0.0003	0	-0.7696	-0.4078	9.9303	1	0	0	1	1	94.1400
2881	57.8784	0.4731	99.9004	6000	1	0.0007	0	-0.8763	-0.1915	9.9778	1	1	0	1	1	94.1400
2887  	58.5699	0.1272	99.3570	9019	1	0.0126	0	0.9211	-0.1822	11.5530	1	0	0	1	1	94.1400
2887	58.5699	0.1272	99.3570	6000	1	0.0191	0	0.9619	-0.0634	10.5919	1	1	0	1	1	94.1400
2911  	57.5853	-0.6942	99.4372	6000	1	0.0000	0	-0.0301	0.8069	15.3541	1	0	0	1	1	94.1400
2920  	57.8437	-0.6994	99.4010	6000	1	0.0008	0	0.5521	0.0654	18.1087	1	0	0	1	1	94.1400
2920	57.8437	-0.6994	99.4010	9019	1	0.0002	0	-0.0086	-0.1961	18.9981	1	1	0	1	1	94.1400
2933  	57.6583	0.5401	100.3318	9019	1	0.0025	0	0.7819	-0.5809	9.6376	1	0	0	1	1	94.1400
2933	57.6583	0.5401	100.3318	9019	1	0.0045	0	0.7108	-0.6344	9.6804	1	1	0	1	1	94.1400
2941  	58.8861	0.2730	100.2601	9019	1	0.0000	0	0.9949	-0.0224	10.5985	1	0	0	1	1	94.1400
2943  	58.4578	0.1308	100.3661	6000	1	0.0003	0	-1.0503	-0.5734	6.5128	1	0	0	1	1	94.1400
2945  	58.1424	0.1495	99.1276	9019	1	0.0000	0	-0.8964	0.7419	7.0569	1	0	0	1	1	94.1400
2948  	58.1812	0.7198	99.7067	6000	1	0.0001	0	0.3923	0.4330	8.4579	1	0	0	1	1	94.1400
2948	58.1812	0.7198	99.7067	9019	1	0.0000	0	0.5085	-0.2515	14.3790	1	1	0	1	1	94.1400
2948	58.1812	0.7198	99.7067	9019	1	0.0000	0	-0.5204	-0.0965	14.6981	1	2	0	1	1	94.1400
2973  	57.9535	0.0763	100.5439	9019	1	0.0000	0	-0.7366	-0.5222	6.2548	1	0	0	1	1	94.1400
2973	57.9535	0.0763	100.5439	9019	1	0.0000	0	-0.5146	-1.0202	6.3865	1	1	0	1	1	94.1400
2989  	57.4162	-0.2485	100.0176	6000	1	0.0000	0	0.3186	-0.7977	10.8130	1	0	0	1	1	94.1400
2989	57.4162	-0.2485	100.0176	6000	1	0.0000	0	0.8875	-0.5139	11.0996	1	1	0	1	1	94.1400
2989	57.4162	-0.2485	100.0176	6000	1	0.0000	0	0.8649	-0.0959	8.6767	1	2	0	1	1	94.1400
2989	57.4162	-0.2485	100.0176	9019	1	0.0000	0	0.4364	0.6274	4.8248	1	3	0	1	1	94.1400
2992  	58.4237	-0.4665	100.2939	6000	1	0.0000	0	-0.2331	1.1331	11.2082	1	0	0	1	1	94.1400
2992	58.4237	-0.4665	100.2939	9019	1	0.0000	0	-0.8508	0.4581	8.2935	1	1	0	1	1	94.1400
2993  	57.4014	-0.6474	100.4011	9019	1	0.0000	0	0.4103	0.5340	11.4135	1	0	0	1	1	94.1400
2993	57.4014	-0.6474	100.4011	6000	1	0.0000	0	-1.1551	0.3182	12.9528	1	2	0	1	1	94.1400
2993	57.4014	-0.6474	100.4011	9019	1	0.0000	0	-1.1182	0.3274	12.8805	1	3	0	1	1	94.1400
2993	57.4014	-0.6474	100.4011	9019	1	0.0000	0	-0.2131	0.9728	18.6442	1	4	0	1	1	94.1400
3005  	57.8453	0.2447	99.1759	9019	1	0.0000	0	-0.8045	0.2089	9.5764	1	0	0	1	1	94.1400
3010  	57.7287	-0.6511	99.8991	9019	1	0.0000	0	0.6439	-0.8745	3.4276	1	0	0	1	1	94.1400
3013  	57.3090	-0.1486	100.3572	9019	1	0.0000	0	0.8622	-0.0467	0.2392	1	0	0	1	1	94.1400
3016  	57.3503	0.3651	99.8608	9019	1	0.0044	0	0.4382	0.4450	10.0597	1	0	0	1	1	94.1400
3086  	58.7254	-0.1378	100.6403	9019	1	0.0066	0	0.7074	-0.6785	10.6027	1	0	0	1	1	94.1400
3091  	57.6240	0.1123	99.5658	9019	1	0.0011	0	0.8381	0.6972	10.5398	1	0	0	1	1	94.1400
3092  	58.2771	-0.2891	99.4255	6000	1	0.0172	0	0.3542	0.9524	10.0385	1	0	0	1	1	94.1400
3092	58.2771	-0.2891	99.4255	9019	1	0.0085	0	-0.4118	0.5403	11.5678	1	1	0	1	1	94.1400
3118  	57.5509	-0.6326	100.3113	9019	1	0.0000	0	-0.4178	1.0827	9.4558	1	0	0	1	1	94.1400
3118	57.5509	-0.6326	100.3113	9019	1	0.0000	0	0.2201	-1.0225	8.8407	1	1	0	1	1	94.1400
3118	57.5509	-0.6326	100.3113	6000	1	0.0000	0	0.7362	0.2347	10.7019	1	2	0	1	1	94.1400
3178  	57.3857	0.0716	100.4933	6000	1	0.0105	0	0.9886	-0.1027	8.7138	1	0	0	1	1	94.1400
3185  	57.5313	-0.5285	100.1418	9019	1	0.0000	0	-0.7169	-0.2719	9.2405	1	0	0	1	1	94.1400
3185	57.5313	-0.5285	100.1418	9019	1	0.0000	0	0.1093	-0.6064	9.5421	1	1	0	1	1	94.1400
3195  	58.0103	-0.9896	100.0734	9019	1	0.0000	0	-0.1655	0.3318	14.9713	1	0	0	1	1	94.1400
3195	58.0103	-0.9896	100.0734	6000	1	0.0000	0	-0.0605	-0.6565	13.2119	1	1	0	1	1	94.1400
3203  	58.1801	0.0008	99.9051	6000	1	0.0000	0	-0.3839	0.4408	12.5945	1	0	0	1	1	94.1400
3206  	58.4853	0.6796	100.1302	9019	1	0.0000	0	-1.1288	0.3476	2.5817	1	0	0	1	1	94.1400
3211  	58.7292	0.0224	100.5429	9019	1	0.0006	0	0.5672	-1.0126	12.5819	1	0	0	1	1	94.1400
3211	58.7292	0.0224	100.5429	9019	1	0.0011	0	1.1608	0.1059	0.9797	1	1	0	1	1	94.1400
3211	58.7292	0.0224	100.5429	9019	1	0.0008	0	0.1643	0.1299	2.5996	1	2	0	1	1	94.1400
3212  	57.0943	0.0094	99.7947	9019	1	0.0019	0	-0.2362	-0.4192	7.8684	1	0	0	1	1	94.1400
3224  	58.3254	0.2947	100.2125	9019	1	0.0002	0	-0.2240	-0.5821	8.1286	1	0	0	1	1	94.1400
3224	58.3254	0.2947	100.2125	9019	1	0.0001	0	0.2986	1.0582	12.0633	1	1	0	1	1	94.1400
3252  	58.1979	0.8143	99.9142	6000	1	0.0136	0	0.2598	0.1943	9.5740	1	0	0	1	1	94.1400
3252	58.1979	0.8143	99.9142	9019	1	0.0047	0	0.9957	-0.6356	10.5406	1	1	0	1	1	94.1400
3252	58.1979	0.8143	99.9142	6000	1	0.0016	0	-0.2792	-0.9518	8.3593	1	2	0	1	1	94.1400
3275  	57.5162	0.1534	100.2735	6000	1	0.0000	0	0.9589	-0.1018	16.7336	1	0	0	1	1	94.1400
3281  	58.3296	-0.7655	99.6092	9019	1	0.0000	0	1.1654	-0.1812	18.3866	1	0	0	1	1	94.1400
3282  	57.2173	-0.3867	99.6189	9019	1	0.0043	0	0.0793	0.3913	8.9786	1	0	0	1	1	94.1400
3282	57.2173	-0.3867	99.6189	9019	1	0.0025	0	-0.0610	0.4359	9.1955	1	1	0	1	1	94.1400
3285  	57.3440	0.2710	100.6280	9019	1	0.0000	0	0.9663	0.5367	12.2509	1	0	0	1	1	94.1400
3285	57.3440	0.2710	100.6280	6000	1	0.0000	0	1.0623	0.0970	12.1997	1	1	0	1	1	94.1400
3295  	57.1624	0.3422	100.0913	9019	1	0.0050	0	-0.2639	0.9267	5.1117	1	0	0	1	1	94.1400
3296  	57.2611	0.0396	99.7864	6000	1	0.0000	0	-1.0452	-0.0315	2.8268	1	0	0	1	1	94.1400
3296	57.2611	0.0396	99.7864	9019	1	0.0000	0	-0.6079	-0.0868	2.7457	1	1	0	1	1	94.1400
3301  	57.2768	0.5653	100.0417	9019	1	0.0000	0	0.2499	0.8830	15.0188	1	0	0	1	1	94.1400
3302  	58.4193	0.3926	100.6752	9019	1	0.0000	0	0.1962	-0.5442	9.9123	1	0	0	1	1	94.1400
3306  	58.6038	-0.2354	100.7362	9019	1	0.0000	0	0.9067	0.2013	10.0314	1	0	0	1	1	94.1400
3308  	58.8924	-0.3022	99.9294	9019	1	0.0000	0	0.3727	-0.2827	12.4938	1	0	0	1	1	94.1400
3313  	58.0682	-0.3623	99.9525	9019	1	0.0003	0	0.2993	-0.5158	8.1632	1	0	0	1	1	94.1400
3328  	57.5947	-0.3306	100.5723	6000	1	0.0000	0	-0.7540	0.6391	8.4362	1	0	0	1	1	94.1400
3368  	57.6671	-0.2816	99.1164	6000	1	0.0000	0	1.1289	0.2660	8.6172	1	0	0	1	1	94.1400
3368	57.6671	-0.2816	99.1164	9019	1	0.0000	0	0.3223	-0.9141	7.2760	1	1	0	1	1	94.1400
3368	57.6671	-0.2816	99.1164	6000	1	0.0001	0	-0.3345	0.3831	6.9357	1	2	0	1	1	94.1400
3368	57.6671	-0.2816	99.1164	9019	1	0.0000	0	0.0573	-0.1730	4.8955	1	3	0	1	1	94.1400
3369  	57.6467	0.0163	100.7083	9019	1	0.0000	0	0.4898	-0.9038	11.4232	1	0	0	1	1	94.1400
3369	57.6467	0.0163	100.7083	9019	1	0.0000	0	0.7637	-0.7917	11.6356	1	1	0	1	1	94.1400
3369	57.6467	0.0163	100.7083	9019	1	0.0000	0	0.9207	-0.4316	4.1991	1	2	0	1	1	94.1400
3369	57.6467	0.0163	100.7083	9019	1	0.0000	0	-0.4526	0.7568	2.5489	1	3	0	1	1	94.1400
3370  	57.5770	0.3726	100.7481	6000	1	0.0000	0	0.6756	0.0769	8.2231	1	0	0	1	1	94.1400
3370	57.5770	0.3726	100.7481	9019	1	0.0000	0	-0.3108	-0.3053	17.0113	1	1	0	1	1	94.1400
3408  	58.1575	0.4580	100.4895	9019	1	0.0044	0	0.0666	0.8824	11.1985	1	0	0	1	1	94.1400
3410  	57.2159	0.4214	99.6433	9019	1	0.0001	0	-0.1396	0.6434	4.3118	1	0	0	1	1	94.1400
3474  	58.2692	-0.1162	99.9992	6000	1	0.0000	0	-0.2166	-1.1484	14.4945	1	0	0	1	1	94.1400
3492  	57.9212	-0.0523	99.2439	9019	1	0.0014	0	0.2475	-0.4438	10.4338	1	0	0	1	1	94.1400
3503  	58.5162	-0.0402	100.1053	9019	1	0.0000	0	-0.4322	-0.1333	13.8127	1	0	0	1	1	94.1400
3503	58.5162	-0.0402	100.1053	9019	1	0.0000	0	-0.6378	-0.5136	7.7694	1	1	0	1	1	94.1400
3526  	57.4637	-0.4397	99.3720	9019	1	0.0052	0	0.5937	-0.7563	9.5302	1	0	0	1	1	94.1400
3535  	57.3956	0.4632	100.6153	9019	1	0.0039	0	0.6662	-0.6247	9.2464	1	0	0	1	1	94.1400
3535	57.3956	0.4632	100.6153	9019	1	0.0018	0	0.6271	-0.5099	9.4253	1	1	0	1	1	94.1400
3537  	57.8743	-0.3791	100.5714	6000	1	0.0001	0	0.3685	-0.3249	3.7215	1	0	0	1	1	94.1400
3537	57.8743	-0.3791	100.5714	9019	1	0.0022	0	0.3667	-0.3242	3.7187	1	1	0	1	1	94.1400
3537	57.8743	-0.3791	100.5714	9019	1	0.0000	0	-1.0182	-0.5213	2.8700	1	2	0	1	1	94.1400
3570  	57.4278	0.5271	100.1169	9019	1	0.0023	0	-0.5957	0.6243	8.8653	1	0	0	1	1	94.1400
3576  	58.3365	-0.4823	100.1875	9019	1	0.0000	0	0.7732	-0.5615	13.0074	1	0	0	1	1	94.1400
3612  	57.9206	0.1310	99.9000	9019	1	0.0000	0	0.5816	-0.3781	16.9472	1	0	0	1	1	94.1400
3612	57.9206	0.1310	99.9000	9019	1	0.0000	0	0.5635	-0.3512	16.9534	1	1	0	1	1	94.1400
3612	57.9206	0.1310	99.9000	9019	1	0.0000	0	0.7499	0.4531	16.7858	1	2	0	1	1	94.1400
3612	57.9206	0.1310	99.9000	6000	1	0.0000	0	0.7154	0.3913	16.8612	1	3	0	1	1	94.1400
3613  	57.9985	0.0864	99.1526	9019	1	0.0000	0	0.0721	0.0836	15.0045	1	0	0	1	1	94.1400
3613	57.9985	0.0864	99.1526	9019	1	0.0000	0	-0.1032	-0.9409	14.6751	1	1	0	1	1	94.1400
3649  	57.6108	0.3406	100.8293	9019	1	0.0000	0	0.3992	-0.9096	13.3995	1	0	0	1	1	94.1400
3649	57.6108	0.3406	100.8293	9019	1	0.0000	0	0.0839	-0.9157	13.0522	1	1	0	1	1	94.1400
3649	57.6108	0.3406	100.8293	9019	1	0.0000	0	-0.6350	0.8281	9.5578	1	2	0	1	1	94.1400
3649	57.6108	0.3406	100.8293	6000	1	0.0000	0	-0.5680	-0.5436	9.3217	1	3	0	1	1	94.1400
3652  	58.6604	0.2525	100.1366	6000	1	0.0002	0	1.1790	-0.1392	8.9933	1	0	0	1	1	94.1400
3659  	58.0654	-0.2813	100.1256	9019	1	0.0011	0	-0.0401	0.3647	6.4080	1	0	0	1	1	94.1400
3659	58.0654	-0.2813	100.1256	9019	1	0.0021	0	-0.1678	0.3167	6.3695	1	1	0	1	1	94.1400
3659	58.0654	-0.2813	100.1256	9019	1	0.0156	0	-0.6278	-0.3368	5.7095	1	2	0	1	1	94.1400
3659	58.0654	-0.2813	100.1256	6000	1	0.0012	0	1.0719	-0.2710	9.6358	1	3	0	1	1	94.1400
3659	58.0654	-0.2813	100.1256	6000	1	0.0056	0	1.0830	0.0055	10.9695	1	4	0	1	1	94.1400
3682  	58.3128	0.2632	99.8842	9019	1	0.0000	0	0.0980	-1.1905	13.2754	1	0	0	1	1	94.1400
3691  	57.6461	-0.3459	99.9402	9019	1	0.0000	0	0.2759	1.1634	11.6601	1	0	0	1	1	94.1400
3718  	57.6984	0.6738	99.5420	9019	1	0.0000	0	-0.0258	-0.5297	13.6995	1	0	0	1	1	94.1400
3718	57.6984	0.6738	99.5420	9019	1	0.0000	0	-0.3785	0.1300	15.3316	1	1	0	1	1	94.1400
3718	57.6984	0.6738	99.5420	9019	1	0.0000	0	-0.4871	0.2967	15.3681	1	2	0	1	1	94.1400
3734  	58.5740	0.0511	99.8545	9019	1	0.0012	0	0.8402	-0.6030	6.3307	1	0	0	1	1	94.1400
3744  	57.6595	0.3835	100.4985	9019	1	0.0000	0	0.6752	0.5893	8.0326	1	0	0	1	1	94.1400
3744	57.6595	0.3835	100.4985	9019	1	0.0000	0	0.7509	0.4817	8.4003	1	1	0	1	1	94.1400
3748  	57.8562	0.1329	100.8774	9019	1	0.0000	0	1.0474	-0.1806	10.2800	1	0	0	1	1	94.1400
3748	57.8562	0.1329	100.8774	9019	1	0.0000	0	-0.6719	0.2020	9.4225	1	1	0	1	1	94.1400
3776  	57.4484	-0.4735	100.5774	9019	1	0.0014	0	-0.3794	-0.6536	9.7628	1	0	0	1	1	94.1400
3776	57.4484	-0.4735	100.5774	6000	1	0.0000	0	0.9118	0.6558	8.5086	1	1	0	1	1	94.1400
3780  	58.2471	0.3407	100.7714	9019	1	0.0000	0	-0.8621	-0.6552	10.1215	1	0	0	1	1	94.1400
3793  	57.5389	0.4534	99.8757	9019	1	0.0000	0	0.7026	-0.0159	12.4906	1	0	0	1	1	94.1400
3793	57.5389	0.4534	99.8757	9019	1	0.0000	0	0.7253	-0.1869	11.0522	1	1	0	1	1	94.1400
3796  	57.9394	-0.1013	99.8655	9019	1	0.0029	0	0.5675	-1.0181	8.7101	1	0	0	1	1	94.1400
3801  	58.5386	-0.2786	100.4865	6000	1	0.0000	0	0.1583	0.9350	10.2955	1	0	0	1	1	94.1400
3801	58.5386	-0.2786	100.4865	9019	1	0.0000	0	-0.0811	0.8701	10.8418	1	1	0	1	1	94.1400
3809  	57.3094	0.2854	99.5271	9019	1	0.0000	0	-0.7888	-0.8290	11.3408	1	0	0	1	1	94.1400
3824  	58.3634	0.9036	99.9805	6000	1	0.0000	0	0.0679	0.7100	5.3659	1	0	0	1	1	94.1400
3837  	58.5126	0.0615	99.3116	9019	1	0.0053	0	1.0105	-0.2478	6.9254	1	0	0	1	1	94.1400
3839  	57.7871	0.1423	100.6781	9019	1	0.0016	0	-0.2445	-0.6421	3.2933	1	0	0	1	1	94.1400
3839	57.7871	0.1423	100.6781	9019	1	0.0005	0	0.9052	-0.1516	4.8782	1	1	0	1	1	94.1400
3879  	57.3182	-0.1609	99.3892	9019	1	0.0025	0	-0.1826	-0.3181	7.0502	1	0	0	1	1	94.1400
3879	57.3182	-0.1609	99.3892	9019	1	0.0037	0	-0.4178	0.4043	7.0929	1	1	0	1	1	94.1400
3895  	57.6779	0.1706	100.8210	6000	1	0.0037	0	-0.7838	0.8838	8.2275	1	0	0	1	1	94.1400
3895	57.6779	0.1706	100.8210	9019	1	0.0001	0	-0.5760	0.2902	8.1633	1	1	0	1	1	94.1400
3935  	58.0554	-0.9237	100.1509	9019	1	0.0000	0	0.8281	-0.5405	6.8978	1	0	0	1	1	94.1400
3935	58.0554	-0.9237	100.1509	6000	1	0.0000	0	-0.0227	0.6560	7.7783	1	1	0	1	1	94.1400
3949  	57.3500	0.5124	100.3514	9019	1	0.0025	0	-0.3020	0.6542	10.2763	1	0	0	1	1	94.1400
3962  	57.6916	-0.4694	100.3545	9019	1	0.0000	0	-0.1790	-0.3651	14.2281	1	0	0	1	1	94.1400
3962	57.6916	-0.4694	100.3545	6000	1	0.0000	0	-1.1042	-0.3332	14.2181	1	1	0	1	1	94.1400
3962	57.6916	-0.4694	100.3545	6000	1	0.0000	0	-1.1718	-0.1587	15.5835	1	2	0	1	1	94.1400
3962	57.6916	-0.4694	100.3545	9019	1	0.0000	0	-1.1362	0.2092	14.6435	1	3	0	1	1	94.1400
3962	57.6916	-0.4694	100.3545	9019	1	0.0000	0	-1.1288	0.2294	14.6467	1	4	0	1	1	94.1400
3970  	58.7829	-0.2583	100.3549	9019	1	0.0000	0	-0.3629	-0.3749	10.2880	1	0	0	1	1	94.1400
3990  	58.3747	-0.0819	99.5554	9019	1	0.0122	0	-0.6525	0.1830	7.3412	1	0	0	1	1	94.1400
3990	58.3747	-0.0819	99.5554	6000	1	0.0034	0	-0.3613	-0.3969	11.3353	1	1	0	1	1	94.1400
4007  	57.9985	-0.2736	99.7549	9019	1	0.0000	0	0.4843	-0.5492	18.5945	1	0	0	1	1	94.1400
4019  	57.8673	-0.1263	100.4978	9019	1	0.0128	0	-0.0016	-0.0404	7.9755	1	0	0	1	1	94.1400
4033  	58.3340	0.5392	99.6591	9019	1	0.0001	0	-0.9656	0.1177	13.2897	1	0	0	1	1	94.1400
4033	58.3340	0.5392	99.6591	6000	1	0.0002	0	-0.9583	0.1424	13.4787	1	1	0	1	1	94.1400
4053  	58.9457	-0.0926	99.7112	6000	1	0.0002	0	-0.3188	-0.3050	12.7471	1	0	0	1	1	94.1400
4053	58.9457	-0.0926	99.7112	9019	1	0.0000	0	0.7788	-0.2967	11.7117	1	1	0	1	1	94.1400
4062  	57.9343	-0.2605	100.4416	9019	1	0.0000	0	0.6638	-0.0836	11.0952	1	0	0	1	1	94.1400
4076  	57.5318	-0.7173	99.6851	9019	1	0.0000	0	-0.3112	-1.1393	10.2783	1	0	0	1	1	94.1400
4081  	58.1408	0.0690	100.9542	6000	1	0.0094	0	-0.7924	-0.0199	12.5767	1	0	0	1	1	94.1400
4081	58.1408	0.0690	100.9542	6000	1	0.0064	0	-0.6569	0.3811	13.7119	1	1	0	1	1	94.1400
4081	58.1408	0.0690	100.9542	9019	1	0.0000	0	-0.8452	-0.3874	15.9427	1	2	0	1	1	94.1400
4094  	57.6445	-0.2359	100.8796	9019	1	0.0043	0	0.8526	0.0744	10.7822	1	0	0	1	1	94.1400
4094	57.6445	-0.2359	100.8796	9019	1	0.0023	0	1.0400	0.0944	10.1448	1	1	0	1	1	94.1400
4094	57.6445	-0.2359	100.8796	9019	1	0.0018	0	0.2862	1.0227	8.3268	1	2	0	1	1	94.1400
4104  	58.4599	-0.2419	99.6037	9019	1	0.0026	0	0.5148	1.0662	9.8985	1	0	0	1	1	94.1400
4110  	58.7143	0.0177	100.4167	9019	1	0.0000	0	-0.9131	0.3500	5.0913	1	0	0	1	1	94.1400
4142  	58.5556	-0.1718	100.7267	9019	1	0.0000	0	-0.7865	-0.0308	9.1393	1	0	0	1	1	94.1400
4162  	58.4446	0.8726	99.8981	9019	1	0.0051	0	1.0748	0.4004	12.7118	1	0	0	1	1	94.1400
4162	58.4446	0.8726	99.8981	9019	1	0.0030	0	-0.2764	-1.1239	14.4768	1	1	0	1	1	94.1400
4170  	57.9379	0.7351	99.7505	9019	1	0.0000	0	0.6616	0.0218	12.1118	1	0	0	1	1	94.1400
4170	57.9379	0.7351	99.7505	9019	1	0.0000	0	0.6370	0.0433	12.1726	1	1	0	1	1	94.1400
4170	57.9379	0.7351	99.7505	9019	1	0.0000	0	-0.4385	0.9164	11.2059	1	2	0	1	1	94.1400
4177  	58.0065	0.8983	100.3436	9019	1	0.0000	0	0.4416	0.9371	18.9717	1	0	0	1	1	94.1400
4177	58.0065	0.8983	100.3436	9019	1	0.0000	0	-0.2837	-0.2702	16.1396	1	1	0	1	1	94.1400
4205  	58.6220	0.6583	99.8669	9019	1	0.0000	0	0.5975	-0.6574	10.8953	1	0	0	1	1	94.1400
4255  	58.1756	-0.5215	100.6419	9019	1	0.0000	0	0.8413	-0.4726	8.0731	1	0	0	1	1	94.1400
4259  	58.5895	-0.4188	100.6760	6000	1	0.0018	0	-0.1395	0.1808	12.1457	1	0	0	1	1	94.1400
4259	58.5895	-0.4188	100.6760	9019	1	0.0002	0	-0.2516	0.8627	12.3958	1	1	0	1	1	94.1400
4266  	57.2579	0.2633	100.4518	6000	1	0.0000	0	-0.2395	0.5231	1.9256	1	0	0	1	1	94.1400
4266	57.2579	0.2633	100.4518	9019	1	0.0000	0	-0.2273	0.5289	1.9657	1	1	0	1	1	94.1400
4266	57.2579	0.2633	100.4518	9019	1	0.0000	0	-0.3830	0.3425	1.1035	1	2	0	1	1	94.1400
4275  	58.6857	-0.6842	99.9356	9019	1	0.0000	0	-0.4655	0.2674	14.3725	1	0	0	1	1	94.1400
4275	58.6857	-0.6842	99.9356	9019	1	0.0000	0	-0.3822	0.3161	12.6222	1	1	0	1	1	94.1400
4288  	58.3986	0.8067	100.1106	6000	1	0.0002	0	0.9159	-0.6823	10.3570	1	0	0	1	1	94.1400
4297  	58.0563	0.1707	100.2836	6000	1	0.0000	0	0.2429	-0.6227	3.2317	1	0	0	1	1	94.1400
4299  	58.2813	0.5815	100.6697	6000	1	0.0000	0	-0.8510	0.3064	1.3836	1	0	0	1	1	94.1400
4299	58.2813	0.5815	100.6697	9019	1	0.0000	0	-0.9025	0.1205	1.9798	1	1	0	1	1	94.1400
4305  	58.6781	0.4969	99.9295	9019	1	0.0000	0	-0.0640	-0.3749	9.0124	1	0	0	1	1	94.1400
4310  	57.4477	0.0653	100.3010	9019	1	0.0002	0	-0.6520	0.3636	10.2564	1	0	0	1	1	94.1400
4315  	57.8955	-0.3295	99.7799	6000	1	0.0000	0	0.3612	1.1292	15.2549	1	0	0	1	1	94.1400
4315	57.8955	-0.3295	99.7799	9019	1	0.0000	0	-0.3314	0.2561	15.5518	1	1	0	1	1	94.1400
4315	57.8955	-0.3295	99.7799	9019	1	0.0000	0	-0.9911	-0.6088	15.5516	1	2	0	1	1	94.1400
4319  	57.9177	-0.5227	100.3977	9019	1	0.0000	0	0.5129	0.3092	10.5029	1	0	0	1	1	94.1400
4369  	57.9819	-0.3596	100.4250	6000	1	0.0000	0	-0.4596	-0.2201	15.9318	1	0	0	1	1	94.1400
4398  	57.4314	-0.3567	99.6686	9019	1	0.0000	0	0.1425	0.2688	11.4920	1	0	0	1	1	94.1400
4409  	57.4121	0.4346	100.4796	9019	1	0.0000	0	-0.3118	1.1175	4.0343	1	0	0	1	1	94.1400
4436  	58.4056	-0.3066	100.0691	9019	1	0.0129	0	-0.9353	-0.0363	12.4241	1	0	0	1	1	94.1400
4436	58.4056	-0.3066	100.0691	6000	1	0.0107	0	-0.9231	0.3201	12.5571	1	1	0	1	1	94.1400
4439  	57.4063	-0.5659	99.9127	9019	1	0.0000	0	-0.8406	-0.5080	9.8925	1	0	0	1	1	94.1400
4464  	57.7533	-0.6436	99.8649	9019	1	0.0000	0	-0.3953	-0.2712	8.2613	1	0	0	1	1	94.1400
4469  	57.9994	-0.4119	99.3565	9019	1	0.0000	0	0.6378	-0.1759	9.7275	1	0	0	1	1	94.1400
4469	57.9994	-0.4119	99.3565	9019	1	0.0000	0	0.2384	-0.5536	7.8447	1	1	0	1	1	94.1400
4517  	57.2130	-0.3290	99.5148	6000	1	0.0000	0	0.1003	-0.7777	14.9347	1	0	0	1	1	94.1400
4531  	57.7975	-0.1109	100.0840	9019	1	0.0045	0	1.0274	0.0085	8.1204	1	0	0	1	1	94.1400
4538  	58.5830	-0.3338	99.5129	9019	1	0.0000	0	0.3544	0.3572	13.1781	1	0	0	1	1	94.1400
4545  	57.4809	-0.6499	100.2423	9019	1	0.0001	0	-0.8680	0.0140	14.4789	1	0	0	1	1	94.1400
4584  	57.7343	-0.7994	99.9146	9019	1	0.0015	0	0.3455	0.3247	9.8090	1	0	0	1	1	94.1400
4584	57.7343	-0.7994	99.9146	9019	1	0.0083	0	-0.7225	0.4340	10.9948	1	1	0	1	1	94.1400
4584	57.7343	-0.7994	99.9146	9019	1	0.0017	0	-0.6728	0.2656	10.8396	1	2	0	1	1	94.1400
4590  	57.2665	-0.0862	100.2886	6000	1	0.0000	0	-0.6866	0.7792	11.6399	1	0	0	1	1	94.1400
4596  	58.3110	-0.4277	100.6488	6000	1	0.0000	0	-0.7705	0.3080	12.9654	1	0	0	1	1	94.1400
4606  	58.3614	0.0746	100.6628	9019	1	0.0000	0	0.8579	-0.4874	6.6770	1	0	0	1	1	94.1400
4631  	58.7020	-0.5620	99.7692	9019	1	0.0001	0	1.1861	0.1819	8.3367	1	0	0	1	1	94.1400
4638  	58.2896	-0.0245	99.1081	6000	1	0.0007	0	1.0638	0.0985	9.1496	1	0	0	1	1	94.1400
4638	58.2896	-0.0245	99.1081	6000	1	0.0000	0	-0.2292	-0.7574	7.1764	1	1	0	1	1	94.1400
4648  	57.7941	0.4334	100.0540	9019	1	0.0071	0	0.1814	-0.4178	9.4358	1	0	0	1	1	94.1400
4648	57.7941	0.4334	100.0540	9019	1	0.0040	0	0.2859	-0.1890	9.2731	1	1	0	1	1	94.1400
4668  	57.5212	0.7994	100.2342	9019	1	0.0100	0	0.1607	-0.4366	8.9116	1	0	0	1	1	94.1400
4668	57.5212	0.7994	100.2342	9019	1	0.0015	0	0.9604	-0.7164	12.9725	1	1	0	1	1	94.1400
4669  	58.0027	-0.5261	99.9951	6000	1	0.0133	0	0.6538	0.3908	8.4038	1	0	0	1	1	94.1400
4687  	58.2926	0.3354	99.9502	9019	1	0.0001	0	-1.0512	-0.2830	13.9409	1	0	0	1	1	94.1400
4687	58.2926	0.3354	99.9502	9019	1	0.0001	0	0.5725	-0.6183	15.2316	1	1	0	1	1	94.1400
4692  	58.1909	0.9308	99.9620	6000	1	0.0000	0	-0.8942	-0.2477	6.4653	1	0	0	1	1	94.1400
4692	58.1909	0.9308	99.9620	9019	1	0.0000	0	-0.8012	-0.1948	6.4898	1	1	0	1	1	94.1400
4698  	58.0721	-0.6306	99.6078	9019	1	0.0000	0	0.6883	-0.5260	5.8964	1	0	0	1	1	94.1400
4713  	57.5780	-0.2889	100.3291	9019	1	0.0023	0	0.0081	-0.6189	8.4902	1	0	0	1	1	94.1400
4713	57.5780	-0.2889	100.3291	9019	1	0.0172	0	0.0067	-0.6204	8.4899	1	1	0	1	1	94.1400
4762  	58.5017	-0.7080	100.0560	6000	1	0.0000	0	-0.4683	-0.7313	9.4875	1	0	0	1	1	94.1400
4776  	58.0589	0.2217	99.6990	9019	1	0.0069	0	-0.6864	-0.0754	11.2717	1	0	0	1	1	94.1400
4776	58.0589	0.2217	99.6990	9019	1	0.0001	0	-0.3221	-0.8033	6.3486	1	1	0	1	1	94.1400
4781  	57.5180	0.2726	99.4844	9019	1	0.0000	0	0.5421	-0.6993	16.9983	1	0	0	1	1	94.1400
4802  	57.9245	0.6172	100.0077	6000	1	0.0008	0	0.5105	-0.6840	13.5685	1	0	0	1	1	94.1400
4827  	57.6260	-0.0806	100.5444	9019	1	0.0000	0	0.0755	-0.0966	9.6394	1	0	0	1	1	94.1400
4827	57.6260	-0.0806	100.5444	9019	1	0.0000	0	0.2652	-0.0164	9.0904	1	1	0	1	1	94.1400
4839  	57.6989	0.5985	100.4769	6000	1	0.0000	0	0.5676	-0.9974	14.6681	1	0	0	1	1	94.1400
4861  	58.4394	-0.5743	99.7301	9019	1	0.0000	0	0.5002	-0.5122	14.2654	1	0	0	1	1	94.1400
4861	58.4394	-0.5743	99.7301	9019	1	0.0000	0	-0.2320	-0.1844	14.9738	1	1	0	1	1	94.1400
4862  	58.4955	-0.4503	99.3882	6000	1	0.0000	0	0.8971	-0.6074	7.6656	1	0	0	1	1	94.1400
4862	58.4955	-0.4503	99.3882	9019	1	0.0000	0	0.9718	-0.4232	8.2167	1	1	0	1	1	94.1400
4862	58.4955	-0.4503	99.3882	9019	1	0.0000	0	1.1504	-0.1886	9.1354	1	2	0	1	1	94.1400
4870  	57.7579	0.3445	99.9893	6000	1	0.0030	0	-0.3375	0.3333	9.0839	1	0	0	1	1	94.1400
4884  	57.5257	0.5119	99.3599	9019	1	0.0000	0	-0.5610	0.3213	15.4913	1	0	0	1	1	94.1400
4903  	57.9288	-0.7954	100.2694	6000	1	0.0000	0	-0.7587	-0.7159	4.7434	1	0	0	1	1	94.1400
4907  	58.3306	-0.2037	100.7859	6000	1	0.0000	0	-0.3749	-0.0600	5.8035	1	0	0	1	1	94.1400
4907	58.3306	-0.2037	100.7859	9019	1	0.0000	0	0.6254	-0.3467	6.5878	1	1	0	1	1	94.1400
4925  	58.2015	0.4314	99.1369	9019	1	0.0059	0	-0.8099	-0.4343	8.2752	1	0	0	1	1	94.1400
4925	58.2015	0.4314	99.1369	9019	1	0.0045	0	-1.0821	0.2586	8.5629	1	1	0	1	1	94.1400
4925	58.2015	0.4314	99.1369	9019	1	0.0051	0	-0.8012	0.1287	9.3774	1	2	0	1	1	94.1400
4932  	58.7285	-0.3539	99.9386	6000	1	0.0048	0	0.8189	0.3086	6.6109	1	0	0	1	1	94.1400
4958  	58.6831	0.3047	100.1632	9019	1	0.0000	0	-0.3524	0.0168	10.6381	1	0	0	1	1	94.1400
4958	58.6831	0.3047	100.1632	9019	1	0.0000	0	0.2190	-0.3716	11.0301	1	1	0	1	1	94.1400
4958	58.6831	0.3047	100.1632	6000	1	0.0000	0	0.4400	-0.5442	11.7972	1	2	0	1	1	94.1400
4958	58.6831	0.3047	100.1632	9019	1	0.0000	0	-0.3211	-0.9031	11.4764	1	3	0	1	1	94.1400
4958	58.6831	0.3047	100.1632	9019	1	0.0000	0	-0.6790	0.5816	15.8267	1	4	0	1	1	94.1400
4989  	58.7372	0.0558	99.4104	6000	1	0.0000	0	0.7210	-0.3937	9.9018	1	0	0	1	1	94.1400
4989	58.7372	0.0558	99.4104	9019	1	0.0000	0	0.6969	-0.2418	9.8700	1	1	0	1	1	94.1400
4996  	58.2128	-0.1121	100.3193	6000	1	0.0000	0	0.5298	0.8169	5.5001	1	0	0	1	1	94.1400
4999  	58.7032	-0.4830	100.0724	9019	1	0.0000	0	0.5272	-1.0562	8.0604	1	0	0	1	1	94.1400
5013  	58.5127	0.6331	99.9163	9019	1	0.0152	0	0.4271	0.4817	9.6334	1	0	0	1	1	94.1400
5018  	58.2571	0.0471	99.3311	9019	1	0.0008	0	-0.0764	-0.0037	7.2497	1	0	0	1	1	94.1400
5018	58.2571	0.0471	99.3311	9019	1	0.0000	0	0.1952	0.7481	7.1393	1	1	0	1	1	94.1400
5027  	58.7368	-0.1763	99.7538	9019	1	0.0000	0	-0.4683	0.3948	10.3981	1	0	0	1	1	94.1400
5027	58.7368	-0.1763	99.7538	9019	1	0.0000	0	0.9546	0.2149	10.8864	1	1	0	1	1	94.1400
5052  	58.4610	-0.8310	99.8563	9019	1	0.0000	0	-0.0689	0.0323	18.2514	1	0	0	1	1	94.1400
5054  	57.9810	-0.0857	99.6088	9019	1	0.0000	0	0.2051	-1.1514	7.6511	1	0	0	1	1	94.1400
5057  	58.1532	0.0930	100.8295	9019	1	0.0003	0	0.6406	-0.2620	11.6636	1	0	0	1	1	94.1400
5082  	58.2336	0.1543	100.3397	9019	1	0.0005	0	1.1723	0.1799	8.3532	1	0	0	1	1	94.1400
5082	58.2336	0.1543	100.3397	9019	1	0.0008	0	0.6403	0.1872	9.5392	1	1	0	1	1	94.1400
5082	58.2336	0.1543	100.3397	6000	1	0.0005	0	0.8979	-0.6961	8.8652	1	2	0	1	1	94.1400
5135  	58.4610	0.7965	99.9932	9019	1	0.0000	0	-0.6816	0.7037	18.3012	1	0	0	1	1	94.1400
5143  	57.9762	0.8661	99.5180	9019	1	0.0000	0	0.2918	-0.6227	14.9767	1	0	0	1	1	94.1400
5143	57.9762	0.8661	99.5180	9019	1	0.0000	0	0.6830	-0.0471	17.7671	1	1	0	1	1	94.1400
5143	57.9762	0.8661	99.5180	9019	1	0.0000	0	-0.1425	-0.2824	19.0964	1	2	0	1	1	94.1400
5146  	58.4222	-0.7187	99.7595	9019	1	0.0000	0	-0.8268	-0.0894	12.1465	1	0	0	1	1	94.1400
5155  	58.1566	0.7928	99.4498	9019	1	0.0000	0	-0.9123	-0.6471	12.4057	1	0	0	1	1	94.1400
5177  	58.3178	0.0452	99.3289	9019	1	0.0000	0	-1.0372	-0.5323	8.8028	1	0	0	1	1	94.1400
5184  	58.4730	-0.1562	99.1684	9019	1	0.0000	0	-0.6640	0.7325	13.8318	1	0	0	1	1	94.1400
5221  	58.3566	0.8424	99.8295	6000	1	0.0000	0	0.8651	0.6597	16.8174	1	0	0	1	1	94.1400
5239  	58.4876	0.0187	99.8635	9019	1	0.0000	0	0.6735	-0.8801	3.8331	1	0	0	1	1	94.1400
5239	58.4876	0.0187	99.8635	9019	1	0.0000	0	1.1362	-0.3817	6.5185	1	1	0	1	1	94.1400
5250  	58.0482	-0.3971	99.7459	6000	1	0.0070	0	-1.0193	-0.1193	11.6878	1	0	0	1	1	94.1400
5250	58.0482	-0.3971	99.7459	9019	1	0.0017	0	0.4867	0.7573	13.3408	1	1	0	1	1	94.1400
5256  	57.7989	-0.8555	99.8881	6000	1	0.0000	0	0.3504	-1.1210	7.6875	1	0	0	1	1	94.1400
5256	57.7989	-0.8555	99.8881	6000	1	0.0000	0	0.1425	-0.5484	6.1881	1	1	0	1	1	94.1400
5260  	58.2287	0.7427	99.9346	9019	1	0.0000	0	0.9790	0.4776	4.5516	1	0	0	1	1	94.1400
5268  	57.7782	-0.6079	100.1667	6000	1	0.0000	0	-0.0710	0.2999	8.1943	1	0	0	1	1	94.1400
5268	57.7782	-0.6079	100.1667	6000	1	0.0000	0	0.2672	0.7819	8.5183	1	1	0	1	1	94.1400
5300  	58.4909	-0.1544	100.7675	9019	1	0.0175	0	0.7020	-0.5373	13.4774	1	0	0	1	1	94.1400
5302  	58.4795	-0.2916	100.4319	9019	1	0.0164	0	-0.1090	0.2147	6.9900	1	0	0	1	1	94.1400
5319  	57.8569	0.9308	99.9210	9019	1	0.0000	0	-0.8058	-0.4895	8.6603	1	0	0	1	1	94.1400
5335  	57.1970	0.1196	100.1171	9019	1	0.0000	0	-0.6826	-0.9025	10.5869	1	0	0	1	1	94.1400
5363  	57.5413	0.1722	100.4802	9019	1	0.0000	0	0.8859	-0.7961	14.8499	1	0	0	1	1	94.1400
5369  	58.5858	0.1368	100.2439	9019	1	0.0000	0	-0.0879	-0.1281	12.6905	1	0	0	1	1	94.1400
5369	58.5858	0.1368	100.2439	9019	1	0.0000	0	0.8099	0.0523	12.5593	1	1	0	1	1	94.1400
5380  	58.2966	0.3126	100.3818	9019	1	0.0001	0	0.5252	-1.0665	2.6315	1	0	0	1	1	94.1400
5400  	57.6629	0.5592	100.1142	9019	1	0.0000	0	-0.0806	-0.4978	8.4491	1	0	0	1	1	94.1400
5400	57.6629	0.5592	100.1142	9019	1	0.0000	0	0.2412	-0.3543	4.9282	1	1	0	1	1	94.1400
5409  	58.2488	-0.7539	99.4728	6000	1	0.0000	0	0.2019	0.5579	12.5176	1	0	0	1	1	94.1400
5415  	58.2581	-0.6121	100.0483	9019	1	0.0000	0	1.0334	-0.2822	3.7549	1	0	0	1	1	94.1400
5416  	57.8608	0.3306	99.1458	9019	1	0.0000	0	-0.2234	-0.7412	18.5472	1	0	0	1	1	94.1400
5419  	58.1475	0.4508	99.6725	6000	1	0.0000	0	0.9750	-0.1718	14.7603	1	0	0	1	1	94.1400
5421  	57.0721	-0.0993	100.3514	6000	1	0.0155	0	-0.4779	-0.5748	13.3868	1	0	0	1	1	94.1400
5426  	57.8896	0.0485	99.2728	6000	1	0.0025	0	0.5280	-0.5724	8.2968	1	0	0	1	1	94.1400
5445  	57.5172	-0.8223	99.9381	9019	1	0.0032	0	0.9448	-0.6000	5.2061	1	0	0	1	1	94.1400
5445	57.5172	-0.8223	99.9381	9019	1	0.0021	0	-0.2233	0.2592	4.9442	1	1	0	1	1	94.1400
5445	57.5172	-0.8223	99.9381	6000	1	0.0014	0	-0.8383	0.3587	5.5115	1	2	0	1	1	94.1400
5459  	57.5269	-0.7033	99.5248	6000	1	0.0000	0	-0.0606	0.1823	6.5939	1	0	0	1	1	94.1400
5459	57.5269	-0.7033	99.5248	9019	1	0.0000	0	0.5287	0.2879	7.8311	1	1	0	1	1	94.1400
5460  	58.3339	-0.8227	100.2813	6000	1	0.0000	0	0.3549	0.7587	4.8612	1	0	0	1	1	94.1400
5486  	58.5832	0.4641	100.3574	6000	1	0.0056	0	0.4333	-0.1215	12.2384	1	0	0	1	1	94.1400
5486	58.5832	0.4641	100.3574	9019	1	0.0088	0	0.2581	-0.0444	13.2845	1	1	0	1	1	94.1400
5486	58.5832	0.4641	100.3574	9019	1	0.0000	0	0.1983	-0.4539	11.7437	1	2	0	1	1	94.1400
5488  	57.3245	0.0222	100.4842	9019	1	0.0000	0	-0.1829	-0.7782	15.0037	1	0	0	1	1	94.1400
5488	57.3245	0.0222	100.4842	9019	1	0.0000	0	0.0278	1.0384	7.5660	1	1	0	1	1	94.1400
5488	57.3245	0.0222	100.4842	9019	1	0.0000	0	-0.6078	0.3499	4.6013	1	2	0	1	1	94.1400
5488	57.3245	0.0222	100.4842	6000	1	0.0000	0	-0.1078	0.7539	3.7087	1	3	0	1	1	94.1400
5497  	58.6427	0.2485	99.8169	6000	1	0.0000	0	0.6589	0.5333	8.9379	1	0	0	1	1	94.1400
5497	58.6427	0.2485	99.8169	6000	1	0.0000	0	0.0485	-0.3402	10.2136	1	1	0	1	1	94.1400
5503  	58.9346	-0.1596	100.0697	6000	1	0.0000	0	0.0767	0.4020	7.0893	1	0	0	1	1	94.1400
5503	58.9346	-0.1596	100.0697	9019	1	0.0000	0	0.0700	0.5324	7.2457	1	1	0	1	1	94.1400
5503	58.9346	-0.1596	100.0697	6000	1	0.0000	0	0.5867	-0.0992	10.6426	1	2	0	1	1	94.1400
5503	58.9346	-0.1596	100.0697	9019	1	0.0000	0	-1.0353	0.2051	12.6179	1	3	0	1	1	94.1400
5503	58.9346	-0.1596	100.0697	9019	1	0.0000	0	-1.1016	0.2417	12.5241	1	4	0	1	1	94.1400
5516  	57.5019	0.1086	100.4251	9019	1	0.0000	0	0.9742	0.2564	11.2902	1	0	0	1	1	94.1400
5516	57.5019	0.1086	100.4251	9019	1	0.0000	0	-0.0587	-0.5682	10.9455	1	1	0	1	1	94.1400
5553  	58.0168	-0.5558	100.1191	9019	1	0.0000	0	0.6728	0.3975	18.1405	1	0	0	1	1	94.1400
5578  	58.3989	-0.9110	100.0906	9019	1	0.0062	0	-0.6050	-0.9882	11.4527	1	0	0	1	1	94.1400
5578	58.3989	-0.9110	100.0906	9019	1	0.0021	0	-0.3021	-0.7781	11.3878	1	1	0	1	1	94.1400
5598  	58.0981	-0.6395	100.6693	9019	1	0.0012	0	0.0816	0.4436	3.4084	1	0	0	1	1	94.1400
5598	58.0981	-0.6395	100.6693	9019	1	0.0071	0	0.0851	0.4973	3.3609	1	1	0	1	1	94.1400
5622  	57.0488	-0.1801	100.1220	9019	1	0.0138	0	1.0067	0.5082	12.0520	1	0	0	1	1	94.1400
5622	57.0488	-0.1801	100.1220	9019	1	0.0027	0	1.0567	0.3973	12.0217	1	1	0	1	1	94.1400
5622	57.0488	-0.1801	100.1220	9019	1	0.0000	0	0.5521	0.0582	4.8791	1	2	0	1	1	94.1400
5622	57.0488	-0.1801	100.1220	9019	1	0.0000	0	0.8966	-0.3616	2.0952	1	3	0	1	1	94.1400
5648  	57.1051	-0.3428	100.2023	6000	1	0.0000	0	-0.3558	0.5320	2.2673	1	0	0	1	1	94.1400
5652  	58.3150	-0.1804	99.1800	6000	1	0.0018	0	0.6833	-0.4194	12.6868	1	0	0	1	1	94.1400
5652	58.3150	-0.1804	99.1800	9019	1	0.0065	0	0.4803	-0.3866	13.3281	1	1	0	1	1	94.1400
5655  	58.5516	-0.7430	99.9897	9019	1	0.0000	0	0.7661	0.7930	14.1922	1	0	0	1	1	94.1400
5658  	58.1534	-0.3978	99.5108	6000	1	0.0018	0	-0.0589	1.1416	10.5844	1	0	0	1	1	94.1400
5667  	57.4942	-0.3860	100.1568	9019	1	0.0000	0	-0.7942	-0.1202	5.2411	1	0	0	1	1	94.1400
5722  	57.7011	0.3435	99.8480	9019	1	0.0000	0	-0.9546	-0.1488	5.1318	1	0	0	1	1	94.1400
5723  	57.4074	-0.4858	100.2402	9019	1	0.0041	0	1.1446	0.0913	10.4110	1	0	0	1	1	94.1400
5723	57.4074	-0.4858	100.2402	9019	1	0.0032	0	1.0186	0.0660	10.1816	1	1	0	1	1	94.1400
5735  	57.7721	0.4331	99.6880	6000	1	0.0000	0	-0.5544	1.0237	6.5780	1	0	0	1	1	94.1400
5735	57.7721	0.4331	99.6880	9019	1	0.0000	0	-0.6219	0.9114	6.8456	1	1	0	1	1	94.1400
5751  	58.5424	0.1181	100.2115	9019	1	0.0031	0	0.7927	0.2665	7.4767	1	0	0	1	1	94.1400
5763  	58.4187	-0.0657	100.5495	9019	1	0.0060	0	0.2243	-0.9080	9.0460	1	0	0	1	1	94.1400
5765  	58.3595	0.2116	100.2281	9019	1	0.0000	0	-0.5143	-0.3985	0.9448	1	0	0	1	1	94.1400
5765	58.3595	0.2116	100.2281	9019	1	0.0000	0	-0.3274	-0.7252	4.7752	1	1	0	1	1	94.1400
5772  	58.0337	-0.0015	100.5041	9019	1	0.0024	0	0.5268	0.2396	9.1851	1	0	0	1	1	94.1400
5772	58.0337	-0.0015	100.5041	9019	1	0.0070	0	0.1037	0.7654	9.4257	1	1	0	1	1	94.1400
5772	58.0337	-0.0015	100.5041	9019	1	0.0019	0	0.0727	0.8412	9.3097	1	2	0	1	1	94.1400
5782  	58.1806	0.6146	100.3445	9019	1	0.0000	0	0.3142	-1.1263	11.8368	1	0	0	1	1	94.1400
5790  	57.7533	-0.2533	100.1513	6000	1	0.0000	0	-0.4105	0.7196	8.5711	1	0	0	1	1	94.1400
5798  	57.9771	-0.4102	100.9047	9019	1	0.0148	0	1.1885	-0.0487	11.3278	1	0	0	1	1	94.1400
5805  	57.9363	0.4450	100.2016	9019	1	0.0123	0	-0.1850	0.4813	10.1363	1	0	0	1	1	94.1400
5817  	58.3805	-0.1206	100.2881	9019	1	0.0069	0	-0.1229	0.4852	9.3823	1	0	0	1	1	94.1400
5825  	57.4483	0.1227	100.6861	9019	1	0.0004	0	0.0414	0.4096	8.7008	1	0	0	1	1	94.1400
5863  	57.7086	0.4075	99.4339	9019	1	0.0164	0	0.9544	-0.3945	9.9337	1	0	0	1	1	94.1400
5886  	58.5569	-0.2401	99.2341	9019	1	0.0006	0	-0.5535	0.1880	10.9314	1	0	0	1	1	94.1400
5886	58.5569	-0.2401	99.2341	9019	1	0.0012	0	-0.7123	0.0439	10.4735	1	1	0	1	1	94.1400
5900  	57.5420	-0.5351	99.8443	6000	1	0.0000	0	0.0371	-1.1459	2.4670	1	0	0	1	1	94.1400
5919  	58.5958	0.6805	100.3228	9019	1	0.0000	0	-0.4506	0.0651	14.4272	1	0	0	1	1	94.1400
5919	58.5958	0.6805	100.3228	6000	1	0.0000	0	0.4197	0.5001	13.9888	1	1	0	1	1	94.1400
5921  	58.2476	-0.7074	100.1422	9019	1	0.0049	0	-0.5586	0.1652	6.8051	1	0	0	1	1	94.1400
5921	58.2476	-0.7074	100.1422	9019	1	0.0010	0	-0.6488	0.6541	7.2676	1	1	0	1	1	94.1400
5948  	58.7199	0.0030	99.5780	9019	1	0.0000	0	0.6554	-0.2888	5.5708	1	0	0	1	1	94.1400
5957  	57.6012	0.4415	100.4891	9019	1	0.0000	0	-0.6176	0.9134	7.1474	1	0	0	1	1	94.1400
5957	57.6012	0.4415	100.4891	9019	1	0.0000	0	-0.1756	-0.7634	7.9231	1	1	0	1	1	94.1400
5957	57.6012	0.4415	100.4891	9019	1	0.0000	0	-0.3641	-0.7126	7.7246	1	2	0	1	1	94.1400
5961  	58.4409	-0.1497	99.8566	6000	1	0.0000	0	-0.3828	0.8535	13.6418	1	0	0	1	1	94.1400
5970  	57.8875	-0.8151	100.3436	9019	1	0.0000	0	0.7958	-0.6002	15.0788	1	0	0	1	1	94.1400
5975  	58.0486	0.1159	99.4245	6000	1	0.0000	0	0.1614	-0.1270	10.4407	1	0	0	1	1	94.1400
5988  	57.1788	-0.2378	99.7616	9019	1	0.0097	0	1.1605	0.1295	8.5069	1	0	0	1	1	94.1400
5996  	57.1653	0.2304	100.2754	9019	1	0.0165	0	0.4464	-0.8643	7.0133	1	0	0	1	1	94.1400
6023  	57.7734	0.3193	99.1559	6000	1	0.0000	0	-0.2992	0.6255	16.9206	1	0	0	1	1	94.1400
6023	57.7734	0.3193	99.1559	9019	1	0.0000	0	-0.0879	1.1137	16.8501	1	1	0	1	1	94.1400
6025  	58.2102	0.7228	100.6441	9019	1	0.0000	0	-0.1975	0.5339	9.8278	1	0	0	1	1	94.1400
6025	58.2102	0.7228	100.6441	9019	1	0.0000	0	-0.1964	0.6479	7.4304	1	1	0	1	1	94.1400
6025	58.2102	0.7228	100.6441	6000	1	0.0000	0	0.0931	0.1694	3.9342	1	2	0	1	1	94.1400
6041  	58.1009	-0.5831	99.6592	9019	1	0.0048	0	0.7719	-0.7606	6.9846	1	0	0	1	1	94.1400
6041	58.1009	-0.5831	99.6592	9019	1	0.0163	0	-0.1299	1.1582	5.3718	1	1	0	1	1	94.1400
6041	58.1009	-0.5831	99.6592	6000	1	0.0155	0	0.2024	0.6124	6.6255	1	2	0	1	1	94.1400
6088  	57.7997	0.0746	100.3703	9019	1	0.0000	0	0.7598	0.1417	7.4428	1	0	0	1	1	94.1400
6096  	57.8147	0.3561	100.5014	9019	1	0.0024	0	1.0019	0.5273	7.2631	1	0	0	1	1	94.1400
6102  	57.7777	0.0261	99.5594	6000	1	0.0000	0	0.4308	-0.8239	7.5791	1	0	0	1	1	94.1400
6102	57.7777	0.0261	99.5594	9019	1	0.0000	0	-0.6466	-0.3168	6.8962	1	1	0	1	1	94.1400
6131  	57.9649	0.8844	100.3203	9019	1	0.0000	0	-0.4352	-0.7221	12.4842	1	0	0	1	1	94.1400
6139  	58.2972	0.8404	100.3970	9019	1	0.0000	0	1.1727	-0.0340	7.2861	1	0	0	1	1	94.1400
6170  	57.8845	0.0067	99.3485	9019	1	0.0000	0	0.1889	0.6016	5.5463	1	0	0	1	1	94.1400
6170	57.8845	0.0067	99.3485	9019	1	0.0000	0	-0.1119	0.0185	5.7529	1	1	0	1	1	94.1400
6170	57.8845	0.0067	99.3485	6000	1	0.0000	0	-0.0196	0.5064	5.6506	1	2	0	1	1	94.1400
6181  	57.7293	0.9204	100.0609	9019	1	0.0000	0	-0.2041	-0.6192	6.3523	1	0	0	1	1	94.1400
6181	57.7293	0.9204	100.0609	6000	1	0.0000	0	-0.0913	0.0842	6.3267	1	1	0	1	1	94.1400
6184  	58.4304	0.3904	100.7937	6000	1	0.0001	0	-0.4427	-0.9135	8.0410	1	0	0	1	1	94.1400
6186  	57.8496	0.1949	99.7714	9019	1	0.0000	0	0.6016	-0.8293	6.1888	1	0	0	1	1	94.1400
6203  	58.1194	-0.2053	100.8286	9019	1	0.0051	0	-0.0755	-0.4323	12.3462	1	0	0	1	1	94.1400
6206  	57.9093	0.6758	100.2978	9019	1	0.0000	0	0.9868	0.2961	6.3927	1	0	0	1	1	94.1400
6206	57.9093	0.6758	100.2978	6000	1	0.0000	0	-0.0335	1.0150	5.0158	1	1	0	1	1	94.1400
6209  	57.7794	0.1399	100.7323	9019	1	0.0128	0	0.0012	0.0802	12.0077	1	0	0	1	1	94.1400
6209	57.7794	0.1399	100.7323	6000	1	0.0193	0	0.2254	0.2358	12.2444	1	1	0	1	1	94.1400
6209	57.7794	0.1399	100.7323	9019	1	0.0118	0	0.0482	0.2051	12.2647	1	2	0	1	1	94.1400
6209	57.7794	0.1399	100.7323	9019	1	0.0052	0	0.4137	0.2619	12.2861	1	3	0	1	1	94.1400
6237  	57.7626	-0.6294	100.3534	9019	1	0.0000	0	0.1110	0.2861	14.2600	1	0	0	1	1	94.1400
6241  	57.6313	-0.0964	100.0600	9019	1	0.0113	0	-0.1083	0.3820	10.9032	1	0	0	1	1	94.1400
6259  	57.7278	0.0854	100.4777	6000	1	0.0004	0	-0.9601	-0.2456	12.7820	1	0	0	1	1	94.1400
6259	57.7278	0.0854	100.4777	6000	1	0.0001	0	-0.9030	-0.1465	15.3053	1	1	0	1	1	94.1400
6259	57.7278	0.0854	100.4777	9019	1	0.0001	0	0.1465	0.5362	15.1380	1	2	0	1	1	94.1400
6273  	58.5279	-0.2865	100.5043	9019	1	0.0000	0	0.6942	-0.4922	16.5423	1	0	0	1	1	94.1400
6283  	58.5478	-0.4441	99.6457	9019	1	0.0008	0	1.0844	-0.4031	7.8377	1	0	0	1	1	94.1400
6283	58.5478	-0.4441	99.6457	9019	1	0.0044	0	-0.2603	-0.9110	7.9335	1	1	0	1	1	94.1400
6313  	58.8460	-0.2612	99.9590	9019	1	0.0105	0	-0.2660	0.4467	11.5869	1	0	0	1	1	94.1400
6313	58.8460	-0.2612	99.9590	6000	1	0.0019	0	0.3635	0.8274	13.1212	1	1	0	1	1	94.1400
6313	58.8460	-0.2612	99.9590	6000	1	0.0035	0	0.3602	0.8140	13.2403	1	2	0	1	1	94.1400
6316  	58.4760	0.0519	100.4995	9019	1	0.0009	0	0.7598	-0.2869	10.8471	1	0	0	1	1	94.1400
6316	58.4760	0.0519	100.4995	9019	1	0.0013	0	-0.1343	-0.8830	11.5813	1	1	0	1	1	94.1400
6335  	57.3803	-0.3659	99.7661	6000	1	0.0002	0	0.9606	-0.3961	7.8084	1	0	0	1	1	94.1400
6341  	57.8008	-0.6510	100.5318	9019	1	0.0000	0	-0.0723	0.3225	11.0845	1	0	0	1	1	94.1400
6344  	58.2699	0.6089	100.7387	9019	1	0.0000	0	-0.8590	0.2265	9.3434	1	0	0	1	1	94.1400
6344	58.2699	0.6089	100.7387	9019	1	0.0000	0	0.5171	0.7398	7.6023	1	1	0	1	1	94.1400
6344	58.2699	0.6089	100.7387	6000	1	0.0000	0	0.5227	0.6247	7.5579	1	2	0	1	1	94.1400
6365  	58.0839	-0.2636	99.0426	6000	1	0.0099	0	1.0080	0.5169	8.4678	1	0	0	1	1	94.1400
6380  	57.5348	-0.7538	99.8287	9019	1	0.0012	0	0.5018	-0.8489	6.0448	1	0	0	1	1	94.1400
6380	57.5348	-0.7538	99.8287	9019	1	0.0055	0	-0.0674	-0.5548	5.9829	1	1	0	1	1	94.1400
6387  	57.9522	-0.4147	99.1800	9019	1	0.0077	0	0.4411	-0.9630	11.9006	1	0	0	1	1	94.1400
6409  	57.7131	0.5495	99.7614	6000	1	0.0000	0	-0.5776	0.9250	2.3301	1	0	0	1	1	94.1400
6418  	57.4805	-0.5234	99.3710	9019	1	0.0005	0	0.9089	0.3265	8.8046	1	0	0	1	1	94.1400
6418	57.4805	-0.5234	99.3710	9019	1	0.0000	0	0.7940	0.1265	6.0990	1	1	0	1	1	94.1400
6422  	57.4861	0.2797	100.2259	9019	1	0.0000	0	0.3523	-0.7065	13.9545	1	0	0	1	1	94.1400
6432  	57.9430	-0.0884	100.5296	9019	1	0.0073	0	-0.3701	-0.3525	10.9361	1	0	0	1	1	94.1400
6432	57.9430	-0.0884	100.5296	9019	1	0.0151	0	-0.5256	-0.4121	10.5500	1	1	0	1	1	94.1400
6450  	58.1063	0.0415	100.2300	9019	1	0.0018	0	0.3750	0.9677	9.1406	1	0	0	1	1	94.1400
6479  	57.9012	0.1636	99.1460	6000	1	0.0000	0	-0.1123	-0.6284	1.5356	1	0	0	1	1	94.1400
6481  	57.8760	-0.0845	99.4619	9019	1	0.0000	0	-0.6165	0.5908	6.2558	1	0	0	1	1	94.1400
6499  	57.8389	-0.1212	100.1527	9019	1	0.0091	0	0.8046	-0.6380	11.7770	1	0	0	1	1	94.1400
6512  	57.2163	-0.2367	99.7808	9019	1	0.0173	0	0.5382	-0.1901	7.5826	1	0	0	1	1	94.1400
6512	57.2163	-0.2367	99.7808	9019	1	0.0066	0	0.8541	-0.2278	8.1355	1	1	0	1	1	94.1400
6512	57.2163	-0.2367	99.7808	9019	1	0.0000	0	0.2889	-0.6949	4.9059	1	2	0	1	1	94.1400
6535  	57.3869	0.0194	100.2743	6000	1	0.0000	0	0.5734	-0.9520	17.9472	1	0	0	1	1	94.1400
6556  	58.2181	0.8035	99.8943	6000	1	0.0000	0	0.6753	0.7455	5.2482	1	0	0	1	1	94.1400
6568  	58.6859	-0.1515	99.4999	9019	1	0.0002	0	0.2543	1.0510	5.3547	1	0	0	1	1	94.1400
6568	58.6859	-0.1515	99.4999	6000	1	0.0002	0	-0.0690	0.8779	6.4657	1	1	0	1	1	94.1400
6569  	58.1113	-0.5364	99.6264	6000	1	0.0000	0	-0.2484	0.2023	11.1048	1	0	0	1	1	94.1400
6569	58.1113	-0.5364	99.6264	9019	1	0.0000	0	-0.1060	0.0536	11.1533	1	1	0	1	1	94.1400
6614  	57.9610	-0.0811	99.3718	9019	1	0.0003	0	0.5594	-0.9837	8.6786	1	0	0	1	1	94.1400
6639  	58.1958	-0.8762	99.5914	6000	1	0.0000	0	0.7166	0.8788	10.4518	1	0	0	1	1	94.1400
6644  	57.9699	-0.2628	100.9035	6000	1	0.0003	0	0.7583	-0.1893	6.1816	1	0	0	1	1	94.1400
6658  	58.1950	0.1502	99.6445	6000	1	0.0000	0	-0.2255	-0.5445	11.7907	1	0	0	1	1	94.1400
6658	58.1950	0.1502	99.6445	6000	1	0.0002	0	-0.4611	0.7522	13.8740	1	1	0	1	1	94.1400
6658	58.1950	0.1502	99.6445	9019	1	0.0000	0	-1.0709	0.1037	14.7449	1	2	0	1	1	94.1400
6672  	57.9176	-0.5104	100.1865	9019	1	0.0000	0	-0.5853	-0.1067	11.9217	1	0	0	1	1	94.1400
6681  	58.7834	0.2327	100.1975	6000	1	0.0000	0	0.6948	-0.8066	12.1289	1	0	0	1	1	94.1400
6689  	57.5565	0.3905	100.3836	9019	1	0.0089	0	-0.2252	0.9054	9.3467	1	0	0	1	1	94.1400
6690  	57.9850	0.2270	100.2531	9019	1	0.0125	0	-0.2103	-0.3101	12.0621	1	0	0	1	1	94.1400
6690	57.9850	0.2270	100.2531	9019	1	0.0107	0	-0.1700	-0.3144	12.0120	1	1	0	1	1	94.1400
6690	57.9850	0.2270	100.2531	6000	1	0.0013	0	-0.9513	-0.3975	18.9343	1	2	0	1	1	94.1400
6693  	57.7867	0.5658	100.3623	9019	1	0.0000	0	0.1216	0.1100	12.0679	1	0	0	1	1	94.1400
6706  	57.5298	0.7539	100.2268	6000	1	0.0117	0	-0.1315	-1.0295	9.6843	1	0	0	1	1	94.1400
6707  	57.9188	-0.5539	99.5950	9019	1	0.0033	0	-0.8143	0.5244	10.6496	1	0	0	1	1	94.1400
6709  	58.3728	0.0045	99.7691	6000	1	0.0021	0	0.4009	-0.1161	15.2939	1	0	0	1	1	94.1400
6714  	58.6374	-0.3444	99.4714	9019	1	0.0000	0	-0.6254	-0.5965	8.1307	1	0	0	1	1	94.1400
6715  	58.1810	0.5318	100.5368	9019	1	0.0000	0	0.5786	-0.2748	14.3297	1	0	0	1	1	94.1400
6715	58.1810	0.5318	100.5368	6000	1	0.0000	0	0.9321	-0.7498	13.6896	1	1	0	1	1	94.1400
6715	58.1810	0.5318	100.5368	6000	1	0.0000	0	0.8508	-0.2725	17.0188	1	2	0	1	1	94.1400
6715	58.1810	0.5318	100.5368	9019	1	0.0000	0	0.4653	-0.5527	17.3501	1	3	0	1	1	94.1400
6731  	58.4864	0.6480	99.8639	9019	1	0.0000	0	-0.2911	-0.3607	7.4284	1	0	0	1	1	94.1400
6745  	58.5139	-0.5420	100.5351	9019	1	0.0026	0	0.4584	-0.6276	8.8480	1	0	0	1	1	94.1400
6745	58.5139	-0.5420	100.5351	9019	1	0.0064	0	0.4995	-0.4288	8.8829	1	1	0	1	1	94.1400
6745	58.5139	-0.5420	100.5351	9019	1	0.0057	0	0.6314	-0.4830	8.8365	1	2	0	1	1	94.1400
6768  	58.1308	0.6636	99.8404	9019	1	0.0000	0	-0.5566	0.9864	12.3038	1	0	0	1	1	94.1400
6791  	57.7800	0.3701	99.5181	9019	1	0.0000	0	0.1383	0.3510	8.4699	1	0	0	1	1	94.1400
6803  	58.6722	0.0506	100.1060	9019	1	0.0000	0	-0.4062	-1.1196	8.6660	1	0	0	1	1	94.1400
6808  	58.1153	-0.3100	100.6863	9019	1	0.0003	0	-1.1610	-0.1828	13.7856	1	0	0	1	1	94.1400
6818  	58.4657	-0.6735	100.0309	9019	1	0.0000	0	-0.8013	-0.6757	14.8201	1	0	0	1	1	94.1400
6819  	57.6812	0.7912	99.8591	9019	1	0.0000	0	0.2611	-0.5576	13.3467	1	0	0	1	1	94.1400
6819	57.6812	0.7912	99.8591	9019	1	0.0000	0	-0.9170	-0.1120	9.8818	1	1	0	1	1	94.1400
6819	57.6812	0.7912	99.8591	9019	1	0.0000	0	-0.6790	0.2780	9.2820	1	2	0	1	1	94.1400
6819	57.6812	0.7912	99.8591	6000	1	0.0000	0	-0.2206	0.2524	8.5437	1	3	0	1	1	94.1400
6871  	57.9356	0.5584	99.3934	9019	1	0.0000	0	0.4451	0.0952	13.1757	1	0	0	1	1	94.1400
6871	57.9356	0.5584	99.3934	9019	1	0.0000	0	-0.0356	0.7657	12.9447	1	1	0	1	1	94.1400
6885  	58.3241	-0.1498	100.1663	9019	1	0.0018	0	0.7133	-0.4369	11.5682	1	0	0	1	1	94.1400
6896  	58.1609	-0.7963	99.5863	6000	1	0.0000	0	0.0621	-0.1352	3.0298	1	0	0	1	1	94.1400
6898  	57.9095	-0.0433	100.0018	9019	1	0.0003	0	-0.1677	0.1969	19.5527	1	0	0	1	1	94.1400
6898	57.9095	-0.0433	100.0018	9019	1	0.0002	0	-0.1671	0.1936	19.5072	1	1	0	1	1	94.1400
6899  	58.7278	-0.5249	100.3283	9019	1	0.0000	0	-0.4617	0.3597	15.0462	1	0	0	1	1	94.1400
6908  	58.3507	0.4259	99.9487	9019	1	0.0001	0	0.0111	0.2454	14.5346	1	0	0	1	1	94.1400
6917  	58.2118	0.1503	99.1792	9019	1	0.0111	0	0.9621	-0.5222	11.0778	1	0	0	1	1	94.1400
6920  	58.7939	0.5611	99.8655	9019	1	0.0103	0	0.3758	-0.1876	10.5275	1	0	0	1	1	94.1400
6920	58.7939	0.5611	99.8655	9019	1	0.0159	0	0.3726	-0.1881	9.7937	1	1	0	1	1	94.1400
6920	58.7939	0.5611	99.8655	9019	1	0.0017	0	0.2155	-0.2077	10.5099	1	2	0	1	1	94.1400
6922  	57.9894	-0.2523	99.0392	9019	1	0.0000	0	-0.6619	0.7281	13.5890	1	0	0	1	1	94.1400
6950  	57.4249	-0.4600	99.7705	9019	1	0.0000	0	0.1740	-0.4804	8.0255	1	0	0	1	1	94.1400
6950	57.4249	-0.4600	99.7705	9019	1	0.0000	0	-0.9597	0.2760	6.5701	1	1	0	1	1	94.1400
6967  	57.8973	-0.6593	100.1015	9019	1	0.0000	0	-0.8716	-0.3418	12.6554	1	0	0	1	1	94.1400
6967	57.8973	-0.6593	100.1015	9019	1	0.0000	0	-0.3983	0.7321	12.6824	1	1	0	1	1	94.1400
6982  	57.4889	-0.5861	99.8583	9019	1	0.0002	0	-0.5273	-0.5830	15.4845	1	0	0	1	1	94.1400
7013  	57.8762	0.3132	99.4424	6000	1	0.0016	0	0.5539	-0.7700	11.7043	1	0	0	1	1	94.1400
7025  	57.8781	-0.4243	100.5509	9019	1	0.0003	0	0.9157	-0.3583	15.2714	1	0	0	1	1	94.1400
7025	57.8781	-0.4243	100.5509	9019	1	0.0003	0	0.9533	-0.4149	15.2883	1	1	0	1	1	94.1400
7037  	57.2493	0.0527	99.3878	9019	1	0.0000	0	-0.1038	-0.1381	9.7939	1	0	0	1	1	94.1400
7040  	57.8096	0.1094	100.2602	6000	1	0.0008	0	0.3767	-1.0364	4.5415	1	0	0	1	1	94.1400
7040	57.8096	0.1094	100.2602	6000	1	0.0006	0	0.2552	-0.7648	5.3396	1	1	0	1	1	94.1400
7042  	58.5140	-0.5715	99.7815	9019	1	0.0000	0	0.2664	-1.0009	3.9236	1	0	0	1	1	94.1400
7050  	57.4286	-0.0026	100.4253	6000	1	0.0000	0	-1.0743	0.2334	14.8323	1	0	0	1	1	94.1400
7068  	57.3286	0.6077	100.3136	9019	1	0.0000	0	1.0614	-0.1142	12.4464	1	0	0	1	1	94.1400
7099  	57.9864	-0.1416	100.4170	6000	1	0.0000	0	0.4099	0.0224	5.8955	1	0	0	1	1	94.1400
7099	57.9864	-0.1416	100.4170	9019	1	0.0000	0	0.1120	0.2747	5.1022	1	1	0	1	1	94.1400
7100  	57.3549	0.3938	99.7330	6000	1	0.0004	0	-0.4080	-0.1027	9.6702	1	0	0	1	1	94.1400
7117  	58.1835	0.2877	99.0883	9019	1	0.0145	0	-0.5226	0.1193	6.1852	1	0	0	1	1	94.1400
7117	58.1835	0.2877	99.0883	9019	1	0.0070	0	-0.4081	0.1222	6.1579	1	1	0	1	1	94.1400
7129  	58.7735	0.3142	100.3811	9019	1	0.0000	0	0.1770	-0.5043	6.4994	1	0	0	1	1	94.1400
7134  	58.0129	0.2396	99.5626	9019	1	0.0000	0	-0.1605	0.5528	9.1880	1	0	0	1	1	94.1400
7134	58.0129	0.2396	99.5626	6000	1	0.0000	0	0.9242	-0.0866	9.6658	1	1	0	1	1	94.1400
7134	58.0129	0.2396	99.5626	6000	1	0.0000	0	-0.2989	0.7194	8.3197	1	2	0	1	1	94.1400
7159  	58.0603	-0.0782	99.5323	9019	1	0.0000	0	0.4926	0.2278	7.6057	1	0	0	1	1	94.1400
7167  	58.6485	0.3161	99.4002	6000	1	0.0000	0	0.9122	-0.7090	16.7915	1	0	0	1	1	94.1400
7167	58.6485	0.3161	99.4002	6000	1	0.0000	0	-0.4543	0.8258	14.5961	1	1	0	1	1	94.1400
7167	58.6485	0.3161	99.4002	9019	1	0.0000	0	0.2966	0.6149	16.5359	1	2	0	1	1	94.1400
7184  	57.1795	-0.2411	100.2668	6000	1	0.0106	0	0.4871	-0.7291	7.5070	1	0	0	1	1	94.1400
7198  	58.8603	-0.1890	99.5473	9019	1	0.0000	0	-0.4411	0.6207	7.7012	1	0	0	1	1	94.1400
7198	58.8603	-0.1890	99.5473	9019	1	0.0000	0	-0.4292	0.6343	7.6518	1	1	0	1	1	94.1400
7198	58.8603	-0.1890	99.5473	9019	1	0.0000	0	0.2165	0.4491	7.6590	1	2	0	1	1	94.1400
7198	58.8603	-0.1890	99.5473	9019	1	0.0000	0	0.1922	0.0865	7.7939	1	3	0	1	1	94.1400
7234  	57.3270	0.4351	100.5014	9019	1	0.0049	0	0.8604	-0.6170	12.1269	1	0	0	1	1	94.1400
7235  	58.1886	0.2720	99.1849	9019	1	0.0138	0	0.4129	0.8597	8.8541	1	0	0	1	1	94.1400
7248  	58.6806	-0.4875	99.9375	9019	1	0.0080	0	0.8082	0.7367	10.9439	1	0	0	1	1	94.1400
7249  	58.5103	0.6031	99.6361	9019	1	0.0042	0	0.2461	0.7731	4.6634	1	0	0	1	1	94.1400
7269  	58.5062	0.2899	99.6234	9019	1	0.0000	0	-0.0512	0.7340	12.1980	1	0	0	1	1	94.1400
7309  	57.3379	0.2986	100.1759	9019	1	0.0002	0	0.8893	-0.5521	13.2782	1	0	0	1	1	94.1400
7320  	57.4504	-0.0122	99.4429	9019	1	0.0000	0	0.7749	-0.5620	5.8170	1	0	0	1	1	94.1400
7354  	58.3792	0.6414	100.2668	9019	1	0.0000	0	-0.1236	-0.6660	11.3070	1	0	0	1	1	94.1400
7395  	57.9435	0.7092	99.7599	6000	1	0.0006	0	-0.1462	-0.1829	4.4803	1	0	0	1	1	94.1400
7395	57.9435	0.7092	99.7599	6000	1	0.0003	0	-0.1466	-0.8661	4.0774	1	1	0	1	1	94.1400
7404  	57.7425	-0.3899	100.4791	6000	1	0.0125	0	0.8144	0.8696	7.6662	1	0	0	1	1	94.1400
7423  	58.2225	0.3462	99.9406	9019	1	0.0028	0	0.9869	-0.3754	9.7571	1	0	0	1	1	94.1400
7435  	57.8939	-0.8149	99.8171	9019	1	0.0058	0	-0.0834	0.1864	13.6428	1	0	0	1	1	94.1400
7496  	58.3605	-0.5742	99.6480	9019	1	0.0023	0	0.5801	0.8620	11.9857	1	0	0	1	1	94.1400
7515  	57.6568	0.4996	100.6186	9019	1	0.0000	0	0.6712	0.0199	6.4796	1	0	0	1	1	94.1400
7517  	57.3686	0.1723	100.3693	9019	1	0.0000	0	-0.2389	-0.2779	9.8340	1	0	0	1	1	94.1400
7517	57.3686	0.1723	100.3693	9019	1	0.0000	0	-0.7889	-0.0800	8.9850	1	1	0	1	1	94.1400
7517	57.3686	0.1723	100.3693	6000	1	0.0000	0	0.3467	0.8996	7.6439	1	2	0	1	1	94.1400
7555  	58.2072	0.9251	99.8765	6000	1	0.0020	0	-0.0461	-0.0915	4.2681	1	0	0	1	1	94.1400
7561  	57.2650	0.1776	99.6139	9019	1	0.0001	0	-0.7718	-0.7914	13.1439	1	0	0	1	1	94.1400
7561	57.2650	0.1776	99.6139	9019	1	0.0000	0	0.0858	-1.1530	14.5646	1	1	0	1	1	94.1400
7579  	57.5158	-0.3189	100.2178	9019	1	0.0000	0	1.0738	-0.4755	13.7758	1	0	0	1	1	94.1400
7586  	57.8191	-0.1538	100.6452	9019	1	0.0000	0	-0.6051	0.8451	9.0960	1	0	0	1	1	94.1400
7586	57.8191	-0.1538	100.6452	9019	1	0.0000	0	0.7103	0.6358	2.3844	1	1	0	1	1	94.1400
7592  	58.2202	-0.6965	99.6492	6000	1	0.0000	0	0.1171	-0.8718	10.2721	1	0	0	1	1	94.1400
7600  	57.9518	-0.8229	100.3772	9019	1	0.0000	0	-0.9907	-0.4869	3.0409	1	0	0	1	1	94.1400
7601  	57.9347	0.3367	100.4248	6000	1	0.0223	0	-0.3454	0.6849	5.2911	1	0	0	1	1	94.1400
7615  	57.6020	-0.5660	99.7165	9019	1	0.0000	0	0.6563	0.7836	15.4090	1	0	0	1	1	94.1400
7615	57.6020	-0.5660	99.7165	9019	1	0.0000	0	0.5296	0.9214	15.5343	1	1	0	1	1	94.1400
7615	57.6020	-0.5660	99.7165	6000	1	0.0001	0	-0.4118	0.9884	15.1860	1	2	0	1	1	94.1400
7642  	57.7521	0.4060	100.1099	9019	1	0.0014	0	0.8533	0.4787	10.6840	1	0	0	1	1	94.1400
7642	57.7521	0.4060	100.1099	9019	1	0.0005	0	0.8607	0.4741	10.6805	1	1	0	1	1	94.1400
7644  	57.7953	-0.2033	99.4458	9019	1	0.0000	0	1.0624	0.4790	8.0044	1	0	0	1	1	94.1400
7657  	57.6614	-0.2422	100.4333	6000	1	0.0145	0	0.3335	-0.5595	9.3841	1	0	0	1	1	94.1400
7662  	57.6893	0.0149	100.9238	9019	1	0.0000	0	-0.2246	0.9010	2.0770	1	0	0	1	1	94.1400
7662	57.6893	0.0149	100.9238	9019	1	0.0000	0	-0.4942	-0.3597	1.5534	1	1	0	1	1	94.1400
7662	57.6893	0.0149	100.9238	6000	1	0.0000	0	-0.2902	-0.2048	1.7254	1	2	0	1	1	94.1400
7662	57.6893	0.0149	100.9238	9019	1	0.0000	0	-0.7506	-0.9338	3.0192	1	3	0	1	1	94.1400
7685  	57.9621	0.6792	99.3339	9019	1	0.0017	0	0.1896	0.1213	10.1375	1	0	0	1	1	94.1400
7691  	57.5627	-0.5340	100.2402	9019	1	0.0000	0	0.7175	0.8099	2.9905	1	0	0	1	1	94.1400
7706  	58.1452	-0.3476	99.3950	9019	1	0.0000	0	0.1264	-1.1610	11.5393	1	0	0	1	1	94.1400
7706	58.1452	-0.3476	99.3950	9019	1	0.0000	0	-0.4748	0.6832	12.6202	1	1	0	1	1	94.1400
7706	58.1452	-0.3476	99.3950	6000	1	0.0000	0	-0.5621	-0.4479	9.9490	1	2	0	1	1	94.1400
7709  	58.5843	-0.5713	100.1543	6000	1	0.0000	0	-0.1881	-0.6016	8.4676	1	0	0	1	1	94.1400
7712  	58.0898	-0.2581	100.0942	9019	1	0.0000	0	-0.2421	0.7266	5.0219	1	0	0	1	1	94.1400
7716  	57.7687	0.1771	100.5324	9019	1	0.0004	0	0.2209	-0.4749	16.4552	1	0	0	1	1	94.1400
7716	57.7687	0.1771	100.5324	9019	1	0.0000	0	0.4479	-0.6155	8.6589	1	1	0	1	1	94.1400
7748  	58.5117	0.1454	99.9676	6000	1	0.0070	0	-0.0555	-0.7737	11.4414	1	0	0	1	1	94.1400
7753  	58.2463	0.2423	100.3383	9019	1	0.0000	0	-0.4108	-0.1699	9.5308	1	0	0	1	1	94.1400
7761  	57.8653	0.2568	99.5755	6000	1	0.0000	0	-0.4596	-0.7910	14.1775	1	0	0	1	1	94.1400
7767  	58.2836	-0.6804	100.0519	9019	1	0.0000	0	-0.6638	0.2443	5.3671	1	0	0	1	1	94.1400
7767	58.2836	-0.6804	100.0519	6000	1	0.0000	0	0.9507	0.5638	12.1866	1	1	0	1	1	94.1400
7769  	57.8883	0.0902	99.8263	9019	1	0.0000	0	-0.3257	-1.0067	18.5896	1	0	0	1	1	94.1400
7779  	58.0862	-0.3870	100.8669	9019	1	0.0000	0	0.2681	-0.7760	7.8592	1	0	0	1	1	94.1400
7779	58.0862	-0.3870	100.8669	9019	1	0.0000	0	0.0044	-0.4460	7.8908	1	1	0	1	1	94.1400
7779	58.0862	-0.3870	100.8669	9019	1	0.0000	0	-0.4977	-1.0912	9.2579	1	2	0	1	1	94.1400
7779	58.0862	-0.3870	100.8669	9019	1	0.0000	0	0.9477	-0.4603	7.6566	1	3	0	1	1	94.1400
7859  	58.3958	-0.6424	100.3443	9019	1	0.0002	0	-0.5727	0.3528	8.2697	1	0	0	1	1	94.1400
7861  	58.1663	-0.0540	99.1638	6000	1	0.0002	0	-0.4741	-0.6354	8.8250	1	0	0	1	1	94.1400
7867  	57.6402	-0.8905	100.1194	9019	1	0.0000	0	-0.5279	-1.0025	12.7983	1	0	0	1	1	94.1400
7867	57.6402	-0.8905	100.1194	6000	1	0.0000	0	0.0470	-0.2832	14.3352	1	1	0	1	1	94.1400
7867	57.6402	-0.8905	100.1194	9019	1	0.0000	0	-0.7894	-0.5313	11.6030	1	2	0	1	1	94.1400
7867	57.6402	-0.8905	100.1194	9019	1	0.0000	0	-0.7611	-0.3535	11.7868	1	3	0	1	1	94.1400
7929  	57.6478	0.7939	99.8243	6000	1	0.0029	0	0.1006	0.5533	4.5575	1	0	0	1	1	94.1400
7940  	58.0580	-0.5348	99.5355	9019	1	0.0156	0	-0.5774	-0.1788	8.9589	1	0	0	1	1	94.1400
7961  	58.0111	-0.1937	99.1559	9019	1	0.0001	0	0.0781	0.1903	7.9019	1	0	0	1	1	94.1400
7961	58.0111	-0.1937	99.1559	9019	1	0.0002	0	-0.0936	0.8309	8.5182	1	1	0	1	1	94.1400
7961	58.0111	-0.1937	99.1559	9019	1	0.0005	0	-0.5235	0.3651	17.6635	1	2	0	1	1	94.1400
7961	58.0111	-0.1937	99.1559	9019	1	0.0000	0	0.4405	-0.0349	18.2171	1	3	0	1	1	94.1400
7969  	58.5048	0.4343	100.2586	9019	1	0.0000	0	-0.6932	0.5549	14.0055	1	0	0	1	1	94.1400
7979  	57.9470	0.6647	99.7020	9019	1	0.0155	0	-0.1966	0.5201	9.6755	1	0	0	1	1	94.1400
7979	57.9470	0.6647	99.7020	6000	1	0.0000	0	0.2314	-0.4104	16.6311	1	1	0	1	1	94.1400
8034  	58.2639	0.0633	99.5283	6000	1	0.0000	0	-0.6803	0.9442	14.0377	1	0	0	1	1	94.1400
8035  	57.7452	0.9044	100.1737	9019	1	0.0000	0	-0.3721	0.9495	9.8428	1	0	0	1	1	94.1400
8036  	57.6951	0.4730	100.7276	9019	1	0.0001	0	-0.7542	0.6132	6.2650	1	0	0	1	1	94.1400
8048  	57.9107	0.9213	100.3754	6000	1	0.0001	0	0.6762	0.2035	9.4244	1	0	0	1	1	94.1400
8048	57.9107	0.9213	100.3754	6000	1	0.0001	0	-0.8328	-0.5663	9.7004	1	1	0	1	1	94.1400
8048	57.9107	0.9213	100.3754	9019	1	0.0005	0	-0.9243	-0.7203	9.7575	1	2	0	1	1	94.1400
8057  	58.7166	-0.2050	100.2598	9019	1	0.0001	0	0.0560	0.1041	9.7681	1	0	0	1	1	94.1400
8057	58.7166	-0.2050	100.2598	9019	1	0.0000	0	0.0037	0.0759	9.8483	1	1	0	1	1	94.1400
8057	58.7166	-0.2050	100.2598	6000	1	0.0001	0	0.7868	0.1052	11.7942	1	2	0	1	1	94.1400
8076  	58.1738	-0.1408	99.8714	9019	1	0.0138	0	0.3121	-1.0757	12.7121	1	0	0	1	1	94.1400
8076	58.1738	-0.1408	99.8714	9019	1	0.0060	0	-0.6383	0.5467	16.2795	1	1	0	1	1	94.1400
8076	58.1738	-0.1408	99.8714	6000	1	0.0069	0	0.1434	0.8189	18.4775	1	2	0	1	1	94.1400
8076	58.1738	-0.1408	99.8714	9019	1	0.0052	0	0.5029	1.0089	18.4140	1	3	0	1	1	94.1400
8080  	57.4371	0.6200	99.6047	9019	1	0.0012	0	0.3012	0.3132	9.2419	1	0	0	1	1	94.1400
8128  	58.2468	-0.3845	99.2056	9019	1	0.0000	0	-0.3143	0.6914	17.4070	1	0	0	1	1	94.1400
8134  	58.5112	0.1889	99.3762	9019	1	0.0007	0	0.1155	-0.3341	8.3167	1	0	0	1	1	94.1400
8157  	57.7973	0.0253	99.0713	9019	1	0.0000	0	-0.0777	0.5256	19.3698	1	0	0	1	1	94.1400
8167  	58.3289	-0.7410	100.2036	9019	1	0.0001	0	0.2651	0.2138	14.0136	1	0	0	1	1	94.1400
8171  	57.1286	-0.3832	99.7521	6000	1	0.0000	0	0.0506	-0.5501	3.5590	1	0	0	1	1	94.1400
8171	57.1286	-0.3832	99.7521	6000	1	0.0000	0	0.1265	-0.1685	11.3784	1	1	0	1	1	94.1400
8171	57.1286	-0.3832	99.7521	9019	1	0.0000	0	0.0713	-0.1833	11.3385	1	2	0	1	1	94.1400
8226  	58.1185	-0.3606	100.6066	9019	1	0.0000	0	-0.5604	0.0887	10.1163	1	0	0	1	1	94.1400
8233  	57.9305	0.5511	99.9711	9019	1	0.0000	0	-0.0200	-0.5827	5.7516	1	0	0	1	1	94.1400
8233	57.9305	0.5511	99.9711	9019	1	0.0000	0	-0.0486	-0.3768	5.3468	1	1	0	1	1	94.1400
8249  	58.1289	0.8975	99.8050	9019	1	0.0006	0	-0.6337	0.6281	8.3108	1	0	0	1	1	94.1400
8288  	58.4568	-0.7483	99.7173	9019	1	0.0000	0	-0.3464	-0.4962	11.5380	1	0	0	1	1	94.1400
8288	58.4568	-0.7483	99.7173	9019	1	0.0000	0	-0.8104	-0.7001	12.6473	1	1	0	1	1	94.1400
8288	58.4568	-0.7483	99.7173	9019	1	0.0000	0	-0.1346	0.8278	15.0427	1	2	0	1	1	94.1400
8310  	58.3070	0.0281	99.8315	9019	1	0.0000	0	1.1728	0.1159	11.6295	1	0	0	1	1	94.1400
8312  	57.2316	0.2761	100.0476	9019	1	0.0000	0	-0.6062	-0.3615	6.0940	1	0	0	1	1	94.1400
8313  	57.6796	0.3328	100.6210	6000	1	0.0002	0	0.7764	-0.6039	10.6051	1	0	0	1	1	94.1400
8313	57.6796	0.3328	100.6210	9019	1	0.0000	0	0.0283	-1.0899	8.6847	1	1	0	1	1	94.1400
8319  	57.1454	0.4795	100.0403	9019	1	0.0002	0	-0.8061	-0.1558	11.9321	1	0	0	1	1	94.1400
8338  	57.6288	-0.2306	100.1608	9019	1	0.0000	0	-0.1004	-0.9432	9.2728	1	0	0	1	1	94.1400
8349  	57.7248	0.0557	100.9328	9019	1	0.0000	0	0.1646	0.5741	5.7133	1	0	0	1	1	94.1400
8375  	58.3250	0.0772	99.9681	9019	1	0.0045	0	0.6791	-0.1656	7.1724	1	0	0	1	1	94.1400
8375	58.3250	0.0772	99.9681	9019	1	0.0002	0	0.6130	0.1159	7.0465	1	1	0	1	1	94.1400
8375	58.3250	0.0772	99.9681	6000	1	0.0104	0	0.6128	0.1182	7.0461	1	2	0	1	1	94.1400
8375	58.3250	0.0772	99.9681	9019	1	0.0035	0	0.3557	-0.2972	7.3284	1	3	0	1	1	94.1400
8375	58.3250	0.0772	99.9681	9019	1	0.0049	0	0.0722	-0.4770	6.4200	1	4	0	1	1	94.1400
8375	58.3250	0.0772	99.9681	6000	1	0.0036	0	0.3856	-0.2668	7.0912	1	5	0	1	1	94.1400
8379  	57.9742	-0.2954	99.2777	9019	1	0.0002	0	-0.1266	-0.2190	10.7165	1	0	0	1	1	94.1400
8380  	57.9115	0.3723	100.6559	6000	1	0.0000	0	0.0185	0.5878	2.2349	1	0	0	1	1	94.1400
8418  	58.0020	-0.0482	99.6883	9019	1	0.0000	0	-0.1554	1.1504	14.4803	1	0	0	1	1	94.1400
8418	58.0020	-0.0482	99.6883	9019	1	0.0000	0	0.0367	0.8849	14.7377	1	1	0	1	1	94.1400
8445  	58.1843	-0.6374	99.4108	9019	1	0.0013	0	0.8621	0.3104	9.0453	1	0	0	1	1	94.1400
8462  	58.6294	0.6955	100.2860	9019	1	0.0025	0	0.2415	0.5052	9.5145	1	0	0	1	1	94.1400
8466  	58.0304	-0.7938	99.9685	6000	1	0.0001	0	-0.1711	-1.0779	4.0210	1	0	0	1	1	94.1400
8474  	57.7213	-0.6741	100.4618	9019	1	0.0012	0	0.4921	-0.3585	9.2996	1	0	0	1	1	94.1400
8475  	57.8895	-0.7902	99.5198	9019	1	0.0006	0	-0.9092	-0.2213	11.1591	1	0	0	1	1	94.1400
8475	57.8895	-0.7902	99.5198	9019	1	0.0003	0	-0.6402	-0.1186	11.0353	1	1	0	1	1	94.1400
8476  	57.3909	0.2911	99.2680	9019	1	0.0000	0	0.3563	0.1397	9.4194	1	0	0	1	1	94.1400
8478  	57.4652	0.1701	100.5446	6000	1	0.0000	0	0.8332	0.4669	9.0371	1	0	0	1	1	94.1400
8478	57.4652	0.1701	100.5446	9019	1	0.0000	0	0.5364	-0.3753	9.0649	1	1	0	1	1	94.1400
8498  	58.0081	0.6740	100.4504	9019	1	0.0000	0	-0.1522	0.1241	15.3773	1	0	0	1	1	94.1400
8500  	58.1522	-0.1683	100.8198	9019	1	0.0003	0	1.0036	-0.1943	8.7672	1	0	0	1	1	94.1400
8549  	57.9748	0.4254	99.5982	9019	1	0.0000	0	0.3418	1.0985	16.8696	1	0	0	1	1	94.1400
8553  	57.7622	-0.3934	100.5553	9019	1	0.0000	0	-0.6894	0.1981	4.3613	1	0	0	1	1	94.1400
8556  	58.4881	0.5145	99.5760	9019	1	0.0101	0	0.4311	0.9999	7.8904	1	0	0	1	1	94.1400
8586  	58.5582	0.3472	100.6854	9019	1	0.0000	0	-0.2832	-0.3616	10.0854	1	0	0	1	1	94.1400
8586	58.5582	0.3472	100.6854	6000	1	0.0000	0	-0.8455	-0.3652	10.5620	1	1	0	1	1	94.1400
8590  	58.5562	0.3289	100.3847	6000	1	0.0018	0	-0.4116	-0.3169	6.7826	1	0	0	1	1	94.1400
8600  	57.6193	-0.4081	99.7650	9019	1	0.0031	0	1.0708	-0.3700	9.3235	1	0	0	1	1	94.1400
8613  	58.1946	0.4239	99.8846	9019	1	0.0023	0	0.2878	0.1416	7.7943	1	0	0	1	1	94.1400
8613	58.1946	0.4239	99.8846	9019	1	0.0004	0	0.6235	0.2233	6.7706	1	1	0	1	1	94.1400
8617  	58.2831	-0.0731	100.0683	6000	1	0.0001	0	0.1225	0.3037	11.0096	1	0	0	1	1	94.1400
8625  	58.7109	-0.6145	99.8903	9019	1	0.0000	0	1.0330	0.4660	7.0165	1	0	0	1	1	94.1400
8642  	58.4805	-0.1263	100.2340	9019	1	0.0007	0	-0.7086	-0.1385	11.7288	1	0	0	1	1	94.1400
8642	58.4805	-0.1263	100.2340	9019	1	0.0000	0	0.3911	-1.0903	12.6001	1	1	0	1	1	94.1400
8645  	58.4399	-0.0876	99.1082	9019	1	0.0001	0	0.5434	0.9623	11.8784	1	0	0	1	1	94.1400
8645	58.4399	-0.0876	99.1082	9019	1	0.0001	0	-0.0571	0.2715	12.0837	1	1	0	1	1	94.1400
8647  	58.0200	0.8757	99.7429	6000	1	0.0034	0	0.4688	-0.0772	5.8820	1	0	0	1	1	94.1400
8654  	58.6180	-0.6102	99.7389	9019	1	0.0039	0	-1.1536	-0.2491	5.6321	1	0	0	1	1	94.1400
8666  	58.7453	-0.3822	99.8941	6000	1	0.0001	0	1.0402	-0.4094	4.8812	1	0	0	1	1	94.1400
8686  	58.4620	-0.3605	99.6759	9019	1	0.0000	0	-0.4415	-0.7662	16.3754	1	0	0	1	1	94.1400
8710  	58.2343	-0.1593	100.1550	6000	1	0.0035	0	-0.3993	0.3456	8.5634	1	0	0	1	1	94.1400
8732  	57.5172	-0.2545	100.5931	9019	1	0.0007	0	0.7661	0.8575	8.0331	1	0	0	1	1	94.1400
8739  	57.7377	-0.2741	100.4305	9019	1	0.0001	0	-0.2378	0.7501	9.6890	1	0	0	1	1	94.1400
8742  	58.1069	-0.3108	100.4614	9019	1	0.0017	0	0.0671	0.1556	11.7449	1	0	0	1	1	94.1400
8754  	58.1757	0.2189	100.5052	6000	1	0.0000	0	-0.9652	0.1389	6.4725	1	0	0	1	1	94.1400
8755  	57.6137	-0.0933	100.5361	9019	1	0.0007	0	0.2991	0.3826	11.4442	1	0	0	1	1	94.1400
8755	57.6137	-0.0933	100.5361	9019	1	0.0045	0	0.3084	-0.5508	11.3322	1	1	0	1	1	94.1400
8755	57.6137	-0.0933	100.5361	9019	1	0.0003	0	-1.0493	-0.2941	13.1754	1	2	0	1	1	94.1400
8755	57.6137	-0.0933	100.5361	6000	1	0.0018	0	-1.1058	-0.2379	13.2597	1	3	0	1	1	94.1400
8795  	58.3272	0.7663	100.5074	6000	1	0.0001	0	-0.8083	-0.8260	13.4903	1	0	0	1	1	94.1400
8822  	58.3126	-0.6462	100.1982	6000	1	0.0000	0	-0.7358	0.0739	17.1232	1	0	0	1	1	94.1400
8844  	58.5594	0.0373	100.6157	9019	1	0.0141	0	1.0093	-0.3980	9.7676	1	0	0	1	1	94.1400
8892  	58.2030	-0.5179	100.7399	9019	1	0.0001	0	0.3654	-0.8769	9.2628	1	0	0	1	1	94.1400
8902  	57.6169	0.4806	100.7808	9019	1	0.0000	0	0.5993	0.6835	4.9598	1	0	0	1	1	94.1400
8937  	58.7501	0.2001	100.5124	9019	1	0.0007	0	0.4029	0.9257	7.8925	1	0	0	1	1	94.1400
8960  	57.8775	-0.2298	100.5638	6000	1	0.0001	0	0.3614	0.5902	12.2806	1	0	0	1	1	94.1400
8960	57.8775	-0.2298	100.5638	9019	1	0.0000	0	-0.2398	1.1289	11.9956	1	1	0	1	1	94.1400
8977  	57.4006	0.3791	100.3389	9019	1	0.0000	0	-0.6349	0.8232	11.7743	1	0	0	1	1	94.1400
8977	57.4006	0.3791	100.3389	9019	1	0.0000	0	0.3420	0.0043	14.8703	1	1	0	1	1	94.1400
8979  	57.3322	0.4134	100.0992	9019	1	0.0114	0	-0.2124	0.3234	12.1790	1	0	0	1	1	94.1400
9043  	57.9768	0.0750	99.2888	9019	1	0.0025	0	0.0296	0.4281	8.5764	1	0	0	1	1	94.1400
9045  	57.1665	-0.0105	100.3168	9019	1	0.0066	0	0.7015	0.1576	8.5053	1	0	0	1	1	94.1400
9045	57.1665	-0.0105	100.3168	9019	1	0.0009	0	0.7319	0.0488	8.4653	1	1	0	1	1	94.1400
9076  	57.9414	0.2423	99.5588	9019	1	0.0156	0	0.9697	-0.0300	11.0992	1	0	0	1	1	94.1400
9103  	57.4698	-0.0356	99.5269	9019	1	0.0033	0	0.9241	-0.0168	8.5441	1	0	0	1	1	94.1400
9103	57.4698	-0.0356	99.5269	6000	1	0.0114	0	0.6386	-0.4804	8.5214	1	1	0	1	1	94.1400
9103	57.4698	-0.0356	99.5269	9019	1	0.0032	0	0.8088	-0.2608	9.0788	1	2	0	1	1	94.1400
9111  	57.4173	-0.4597	100.2161	6000	1	0.0004	0	1.0334	-0.0101	10.8516	1	0	0	1	1	94.1400
9111	57.4173	-0.4597	100.2161	9019	1	0.0000	0	0.7131	-0.1249	10.4205	1	1	0	1	1	94.1400
9114  	58.2545	0.9013	100.2580	6000	1	0.0000	0	0.6996	-0.2192	10.7521	1	0	0	1	1	94.1400
9120  	58.2757	0.4669	99.6656	6000	1	0.0000	0	-0.9261	-0.0484	6.1603	1	0	0	1	1	94.1400
9120	58.2757	0.4669	99.6656	9019	1	0.0000	0	-0.8204	-0.1627	6.2530	1	1	0	1	1	94.1400
9120	58.2757	0.4669	99.6656	6000	1	0.0000	0	-0.6626	-0.4480	6.2927	1	2	0	1	1	94.1400
9134  	58.2697	-0.0541	100.0382	9019	1	0.0036	0	0.5928	0.1206	10.1765	1	0	0	1	1	94.1400
9154  	57.9552	-0.2400	100.8129	9019	1	0.0000	0	-0.1593	-0.2879	12.6109	1	0	0	1	1	94.1400
9193  	58.1609	-0.7038	99.5077	9019	1	0.0000	0	-0.6733	0.0232	7.6387	1	0	0	1	1	94.1400
9198  	58.8063	0.3115	99.5013	9019	1	0.0000	0	-0.8762	0.3233	18.8094	1	0	0	1	1	94.1400
9201  	57.0768	-0.1065	100.1490	6000	1	0.0000	0	-0.5346	0.3202	10.0591	1	0	0	1	1	94.1400
9201	57.0768	-0.1065	100.1490	9019	1	0.0000	0	-0.8277	-0.0782	13.2716	1	1	0	1	1	94.1400
9201	57.0768	-0.1065	100.1490	9019	1	0.0000	0	-0.2486	0.1158	12.9486	1	2	0	1	1	94.1400
9202  	57.5715	0.7793	100.2879	6000	1	0.0000	0	0.8287	-0.4696	2.3480	1	0	0	1	1	94.1400
9204  	57.9645	-0.3781	100.4327	9019	1	0.0000	0	0.4868	0.7369	13.7653	1	0	0	1	1	94.1400
9250  	58.0241	-0.2014	99.9903	9019	1	0.0000	0	0.0174	-0.7955	1.5271	1	0	0	1	1	94.1400
9250	58.0241	-0.2014	99.9903	9019	1	0.0000	0	0.4010	-0.9772	0.2060	1	1	0	1	1	94.1400
9256  	57.6773	-0.5657	100.5854	9019	1	0.0106	0	-0.4968	0.5113	7.7208	1	0	0	1	1	94.1400
9261  	58.0344	-0.5590	99.7309	6000	1	0.0003	0	-0.1993	-0.6346	8.9596	1	0	0	1	1	94.1400
9261	58.0344	-0.5590	99.7309	9019	1	0.0000	0	0.7129	0.9027	12.1370	1	1	0	1	1	94.1400
9261	58.0344	-0.5590	99.7309	9019	1	0.0000	0	-0.3089	1.0189	15.5063	1	2	0	1	1	94.1400
9265  	57.5523	-0.1312	99.7362	9019	1	0.0000	0	-0.9782	0.6594	5.7238	1	0	0	1	1	94.1400
9303  	58.0535	0.1172	100.4095	9019	1	0.0000	0	0.8459	0.1216	12.6809	1	0	0	1	1	94.1400
9324  	58.4421	0.3032	100.0054	9019	1	0.0000	0	0.6022	-0.6318	4.4961	1	0	0	1	1	94.1400
9402  	57.2453	0.0862	99.8563	9019	1	0.0004	0	-0.7774	-0.0517	7.0062	1	0	0	1	1	94.1400
9403  	57.3846	0.6069	99.5054	9019	1	0.0030	0	0.6434	0.7877	3.2923	1	0	0	1	1	94.1400
9403	57.3846	0.6069	99.5054	6000	1	0.0066	0	0.6045	0.7198	3.2231	1	1	0	1	1	94.1400
9408  	57.9996	0.4688	99.7988	6000	1	0.0000	0	0.8989	-0.6270	4.2576	1	0	0	1	1	94.1400
9413  	57.8355	-0.0322	99.2718	6000	1	0.0013	0	0.1882	-0.1205	15.9303	1	0	0	1	1	94.1400
9453  	57.6355	0.6903	100.2026	9019	1	0.0000	0	-0.8079	-0.1414	9.8594	1	0	0	1	1	94.1400
9465  	58.2652	-0.3013	99.1566	6000	1	0.0000	0	-0.6995	-0.9183	12.4418	1	0	0	1	1	94.1400
9465	58.2652	-0.3013	99.1566	9019	1	0.0000	0	-0.7858	0.8104	7.1871	1	1	0	1	1	94.1400
9477  	58.4867	-0.3102	100.3423	9019	1	0.0004	0	-0.0986	0.8810	13.3845	1	0	0	1	1	94.1400
9478  	58.0404	0.3380	99.3719	6000	1	0.0000	0	0.1392	-0.9953	0.8034	1	0	0	1	1	94.1400
9481  	57.5011	0.0648	100.6728	6000	1	0.0018	0	0.4384	0.2012	17.0648	1	0	0	1	1	94.1400
9489  	58.0987	-0.1229	99.0999	9019	1	0.0011	0	-0.0609	-0.8494	9.0237	1	0	0	1	1	94.1400
9506  	58.3527	-0.0949	100.2319	9019	1	0.0000	0	0.5691	0.8273	7.9954	1	0	0	1	1	94.1400
9506	58.3527	-0.0949	100.2319	9019	1	0.0002	0	0.1841	0.5330	7.4187	1	1	0	1	1	94.1400
9519  	58.0364	0.2885	100.8268	9019	1	0.0001	0	-0.1905	-0.2687	10.6044	1	0	0	1	1	94.1400
9549  	57.2012	0.4367	100.3282	9019	1	0.0026	0	0.1449	0.4489	10.9940	1	0	0	1	1	94.1400
9562  	57.5673	0.5236	100.4499	9019	1	0.0000	0	1.1283	0.3770	12.3795	1	0	0	1	1	94.1400
9566  	58.4911	0.2164	100.0796	9019	1	0.0000	0	0.2957	0.6343	0.8277	1	0	0	1	1	94.1400
9566	58.4911	0.2164	100.0796	9019	1	0.0000	0	0.7609	0.0932	0.6669	1	1	0	1	1	94.1400
9579  	57.4270	-0.3922	100.5771	6000	1	0.0000	0	0.5625	1.0148	18.1889	1	0	0	1	1	94.1400
9639  	58.3061	0.3698	100.7055	9019	1	0.0000	0	-0.7108	0.0692	1.5468	1	0	0	1	1	94.1400
9649  	57.8511	0.8902	100.2826	6000	1	0.0001	0	0.3689	0.0271	11.7207	1	0	0	1	1	94.1400
9649	57.8511	0.8902	100.2826	9019	1	0.0021	0	0.3667	0.0271	11.7203	1	1	0	1	1	94.1400
9673  	57.8582	0.0198	100.2905	9019	1	0.0000	0	-0.8318	0.5059	7.5960	1	0	0	1	1	94.1400
9685  	57.7478	0.5421	100.7706	9019	1	0.0040	0	0.0587	-0.1920	13.5631	1	0	0	1	1	94.1400
9687  	57.5779	0.4001	100.1516	9019	1	0.0000	0	1.1682	0.0980	10.5341	1	0	0	1	1	94.1400
9691  	58.4385	-0.0563	100.3741	9019	1	0.0000	0	0.3722	1.0019	16.2864	1	0	0	1	1	94.1400
9691	58.4385	-0.0563	100.3741	9019	1	0.0000	0	0.5710	0.9915	15.7405	1	1	0	1	1	94.1400
9713  	57.9213	-0.2130	99.7626	6000	1	0.0000	0	-0.2641	0.8571	3.0475	1	0	0	1	1	94.1400
9715  	57.8776	-0.4605	100.5082	9019	1	0.0070	0	0.6647	0.5123	11.2272	1	0	0	1	1	94.1400
9751  	57.8783	0.1757	100.2348	9019	1	0.0052	0	-0.8438	0.3339	11.1347	1	0	0	1	1	94.1400
9751	57.8783	0.1757	100.2348	9019	1	0.0110	0	-0.9640	0.6335	10.7854	1	1	0	1	1	94.1400
9751	57.8783	0.1757	100.2348	6000	1	0.0133	0	-0.9149	0.6841	11.1117	1	2	0	1	1	94.1400
9751	57.8783	0.1757	100.2348	9019	1	0.0006	0	-0.3009	-0.8227	13.0251	1	3	0	1	1	94.1400
9751	57.8783	0.1757	100.2348	6000	1	0.0024	0	0.5603	-0.5904	13.7837	1	4	0	1	1	94.1400
9792  	57.3622	0.4724	99.9797	6000	1	0.0000	0	0.9782	-0.0003	7.3140	1	0	0	1	1	94.1400
9795  	57.4698	-0.2924	100.3192	6000	1	0.0000	0	0.1362	-0.6532	11.9916	1	0	0	1	1	94.1400
9797  	57.5136	0.3667	99.7394	9019	1	0.0171	0	0.7692	0.5340	9.7081	1	0	0	1	1	94.1400
9806  	57.5665	-0.4735	99.9183	9019	1	0.0002	0	0.4787	-0.7522	7.0427	1	0	0	1	1	94.1400
9806	57.5665	-0.4735	99.9183	6000	1	0.0003	0	-0.5917	0.1851	7.0201	1	1	0	1	1	94.1400
9806	57.5665	-0.4735	99.9183	9019	1	0.0000	0	0.7132	-0.8407	4.7094	1	2	0	1	1	94.1400
9833  	58.2546	-0.1707	99.2423	6000	1	0.0002	0	0.1563	-0.3841	8.6088	1	0	0	1	1	94.1400
9833	58.2546	-0.1707	99.2423	9019	1	0.0003	0	-0.1730	0.3842	7.7741	1	1	0	1	1	94.1400
9842  	57.6541	-0.2495	99.6032	9019	1	0.0133	0	0.8269	-0.4140	9.4711	1	0	0	1	1	94.1400
9855  	57.3912	-0.4756	99.8343	9019	1	0.0000	0	-0.8752	0.7554	7.8470	1	0	0	1	1	94.1400
9864  	57.9233	-0.2965	100.7086	6000	1	0.0168	0	0.8128	-0.8558	8.9394	1	0	0	1	1	94.1400
9865  	58.6725	-0.3766	100.3197	9019	1	0.0000	0	-0.1183	0.0099	11.2437	1	0	0	1	1	94.1400
9877  	58.5135	-0.1460	99.9991	9019	1	0.0000	0	-0.6437	0.4859	11.3497	1	0	0	1	1	94.1400
9881  	58.5079	0.6505	100.0501	9019	1	0.0174	0	0.4424	0.3863	12.9034	1	0	0	1	1	94.1400
9900  	58.3342	0.9252	100.0320	6000	1	0.0000	0	-1.0101	0.3320	11.5525	1	0	0	1	1	94.1400
9905  	57.8794	0.4486	100.0573	9019	1	0.0001	0	-1.1642	-0.0736	16.1957	1	0	0	1	1	94.1400
9930  	57.8697	0.2069	99.5527	9019	1	0.0073	0	-0.2643	0.2630	12.0414	1	0	0	1	1	94.1400
9986  	58.3811	0.4686	100.0383	9019	1	0.0000	0	0.3876	1.0421	8.6104	1	0	0	1	1	94.1400
