28    	57.9645	0.4827	100.1951	9019	1	0.0000	0	-0.5447	-0.0794	18.8993	1	0	0	1	1	94.1400
191   	58.4801	-0.4678	100.2729	6000	1	0.0022	0	0.0577	-0.6853	12.4792	1	0	0	1	1	94.1400
191	58.4801	-0.4678	100.2729	6000	1	0.0092	0	0.0162	-0.7227	12.4691	1	1	0	1	1	94.1400
192   	58.3484	0.1915	100.3115	9019	1	0.0000	0	0.1325	1.0761	9.1488	1	0	0	1	1	94.1400
214   	58.3241	0.8095	100.1615	6000	1	0.0001	0	0.5142	1.0284	8.4217	1	0	0	1	1	94.1400
281   	58.6003	0.1451	99.4234	9019	1	0.0000	0	-0.3049	-0.7901	9.3944	1	0	0	1	1	94.1400
281	58.6003	0.1451	99.4234	9019	1	0.0000	0	0.5410	-0.1904	6.5160	1	1	0	1	1	94.1400
281	58.6003	0.1451	99.4234	9019	1	0.0000	0	1.1160	0.0785	3.4906	1	2	0	1	1	94.1400
291   	57.7085	-0.4337	99.9079	6000	1	0.0000	0	-0.0175	-1.0698	17.2899	1	0	0	1	1	94.1400
291	57.7085	-0.4337	99.9079	6000	1	0.0000	0	0.9100	-0.5511	12.4094	1	1	0	1	1	94.1400
322   	57.2257	-0.0939	99.4145	9019	1	0.0175	0	0.1771	0.4212	9.3506	1	0	0	1	1	94.1400
340   	57.8800	-0.4793	100.3463	6000	1	0.0000	0	0.1881	0.3177	13.7995	1	0	0	1	1	94.1400
340	57.8800	-0.4793	100.3463	6000	1	0.0000	0	-0.4032	0.7376	8.9727	1	1	0	1	1	94.1400
340	57.8800	-0.4793	100.3463	9019	1	0.0000	0	-0.3334	-0.4824	7.8720	1	2	0	1	1	94.1400
340	57.8800	-0.4793	100.3463	6000	1	0.0000	0	-0.3951	-0.1704	8.3002	1	3	0	1	1	94.1400
352   	57.8906	0.0467	99.7240	9019	1	0.0000	0	0.6762	0.7271	6.6812	1	0	0	1	1	94.1400
352	57.8906	0.0467	99.7240	6000	1	0.0000	0	0.5211	0.8654	6.5290	1	1	0	1	1	94.1400
370   	58.4995	0.6041	99.4641	9019	1	0.0023	0	0.1530	0.9486	9.8121	1	0	0	1	1	94.1400
373   	57.5253	-0.4748	100.5771	9019	1	0.0002	0	-0.4988	0.6276	4.0297	1	0	0	1	1	94.1400
373	57.5253	-0.4748	100.5771	9019	1	0.0000	0	-0.2767	0.6285	4.0946	1	1	0	1	1	94.1400
586   	58.1241	0.3294	100.4926	9019	1	0.0094	0	-0.0818	-0.5016	8.6947	1	0	0	1	1	94.1400
608   	58.6788	0.0809	99.4738	9019	1	0.0000	0	-0.8076	-0.8335	11.1932	1	0	0	1	1	94.1400
622   	58.0052	-0.1773	99.7743	9019	1	0.0057	0	0.8276	0.1231	5.7251	1	0	0	1	1	94.1400
710   	58.9525	0.1534	100.1065	9019	1	0.0004	0	-0.0428	0.6983	15.5555	1	0	0	1	1	94.1400
758   	58.4670	-0.3793	100.6772	9019	1	0.0001	0	0.7715	-0.1276	7.2030	1	0	0	1	1	94.1400
806   	57.3555	-0.2519	99.9043	6000	1	0.0000	0	-0.7047	0.7825	7.4875	1	0	0	1	1	94.1400
806	57.3555	-0.2519	99.9043	6000	1	0.0000	0	0.5088	0.2897	11.6230	1	1	0	1	1	94.1400
806	57.3555	-0.2519	99.9043	6000	1	0.0000	0	-0.2392	1.1731	4.9505	1	2	0	1	1	94.1400
816   	57.8900	-0.6370	99.4147	6000	1	0.0000	0	0.2200	0.5788	15.1972	1	0	0	1	1	94.1400
816	57.8900	-0.6370	99.4147	6000	1	0.0000	0	-0.0852	0.5249	14.9110	1	1	0	1	1	94.1400
829   	58.1542	-0.3593	100.5774	9019	1	0.0000	0	0.4522	0.2919	11.6969	1	0	0	1	1	94.1400
830   	58.8847	0.2235	99.8310	9019	1	0.0012	0	-0.7682	-0.1523	13.7859	1	0	0	1	1	94.1400
867   	58.0697	-0.5848	100.5711	9019	1	0.0003	0	1.0278	-0.0718	9.7539	1	0	0	1	1	94.1400
873   	58.5677	-0.2653	100.1566	9019	1	0.0008	0	1.0893	-0.4882	7.6609	1	0	0	1	1	94.1400
908   	58.5483	-0.5559	100.6092	6000	1	0.0000	0	0.6728	-0.5817	16.0721	1	0	0	1	1	94.1400
908	58.5483	-0.5559	100.6092	9019	1	0.0000	0	0.6858	-0.6232	16.1039	1	1	0	1	1	94.1400
947   	58.1360	0.1674	100.1850	9019	1	0.0000	0	0.4252	-0.0023	12.5571	1	0	0	1	1	94.1400
965   	58.3543	0.0563	100.8334	6000	1	0.0000	0	-0.1706	1.0961	7.5483	1	0	0	1	1	94.1400
965	58.3543	0.0563	100.8334	9019	1	0.0000	0	0.8116	0.0239	6.8624	1	1	0	1	1	94.1400
1075  	58.8641	0.1798	99.5373	9019	1	0.0000	0	0.9445	-0.3817	6.5926	1	0	0	1	1	94.1400
1076  	57.1293	-0.1497	100.3933	9019	1	0.0000	0	0.6923	-0.9423	5.5280	1	0	0	1	1	94.1400
1186  	57.5749	-0.2126	99.4095	6000	1	0.0000	0	1.0249	0.3853	6.6488	1	0	0	1	1	94.1400
1223  	58.1096	0.4538	99.9103	9019	1	0.0000	0	-0.1906	-0.0287	7.9803	1	0	0	1	1	94.1400
1223	58.1096	0.4538	99.9103	9019	1	0.0000	0	-0.3789	0.6950	11.2350	1	1	0	1	1	94.1400
1223	58.1096	0.4538	99.9103	6000	1	0.0000	0	-0.3445	1.0703	11.4856	1	2	0	1	1	94.1400
1243  	58.4823	-0.4750	100.0795	9019	1	0.0000	0	-0.7575	-0.6446	14.0606	1	0	0	1	1	94.1400
1243	58.4823	-0.4750	100.0795	9019	1	0.0000	0	0.5422	0.7402	14.5390	1	1	0	1	1	94.1400
1243	58.4823	-0.4750	100.0795	9019	1	0.0000	0	0.7244	0.1633	15.2385	1	2	0	1	1	94.1400
1243	58.4823	-0.4750	100.0795	9019	1	0.0000	0	0.2357	1.1263	16.3658	1	3	0	1	1	94.1400
1332  	58.1740	-0.7783	99.6121	9019	1	0.0000	0	-1.0029	0.6188	7.1355	1	0	0	1	1	94.1400
1332	58.1740	-0.7783	99.6121	6000	1	0.0000	0	0.1159	1.1698	4.9392	1	1	0	1	1	94.1400
1416  	57.6621	0.1418	100.6461	9019	1	0.0000	0	0.8202	-0.5691	10.2342	1	0	0	1	1	94.1400
1430  	58.1687	0.3549	99.9550	9019	1	0.0000	0	0.2809	-0.2686	6.3315	1	0	0	1	1	94.1400
1480  	58.3075	0.6380	99.5744	9019	1	0.0075	0	0.9895	-0.0590	9.6512	1	0	0	1	1	94.1400
1480	58.3075	0.6380	99.5744	9019	1	0.0046	0	0.3253	-1.0588	10.9959	1	1	0	1	1	94.1400
1523  	58.3725	-0.5640	99.5322	6000	1	0.0000	0	0.5786	-1.0194	5.4667	1	0	0	1	1	94.1400
1575  	57.3712	0.1660	99.4113	9019	1	0.0000	0	-0.2826	0.2978	10.7148	1	0	0	1	1	94.1400
1650  	58.6478	0.0722	100.4564	6000	1	0.0001	0	0.3072	-0.2971	12.6187	1	0	0	1	1	94.1400
1662  	58.7889	0.4914	99.7658	9019	1	0.0000	0	-0.8975	0.4507	9.9793	1	0	0	1	1	94.1400
1662	58.7889	0.4914	99.7658	9019	1	0.0000	0	-0.1746	-0.0848	10.0095	1	1	0	1	1	94.1400
1662	58.7889	0.4914	99.7658	9019	1	0.0000	0	-0.0368	-0.0512	9.8995	1	2	0	1	1	94.1400
1677  	58.4088	-0.3314	99.2842	6000	1	0.0000	0	0.2431	0.4012	6.4342	1	0	0	1	1	94.1400
1677	58.4088	-0.3314	99.2842	9019	1	0.0000	0	-0.1855	-0.7448	6.4608	1	1	0	1	1	94.1400
1707  	58.5843	0.0737	100.3700	6000	1	0.0000	0	-0.5792	-0.1454	11.1761	1	0	0	1	1	94.1400
1742  	58.5159	-0.0091	99.9492	9019	1	0.0001	0	0.7042	0.4976	5.9296	1	0	0	1	1	94.1400
1755  	58.7850	-0.4785	100.3078	9019	1	0.0011	0	0.1684	0.6346	9.2120	1	0	0	1	1	94.1400
1796  	58.2012	0.6572	99.7679	9019	1	0.0000	0	1.0289	-0.3071	11.3263	1	0	0	1	1	94.1400
1829  	58.5725	0.4465	100.0067	9019	1	0.0002	0	0.1708	-1.0794	11.1827	1	0	0	1	1	94.1400
1906  	57.8571	0.4972	100.7302	9019	1	0.0000	0	-0.9332	-0.4329	17.0982	1	0	0	1	1	94.1400
1926  	57.9685	-0.7812	100.0811	9019	1	0.0000	0	0.2077	-0.1538	10.5037	1	0	0	1	1	94.1400
1936  	57.8050	-0.6568	99.8565	6000	1	0.0001	0	0.0845	-1.1099	17.3754	1	0	0	1	1	94.1400
1936	57.8050	-0.6568	99.8565	6000	1	0.0000	0	-0.4520	1.0357	14.3339	1	1	0	1	1	94.1400
1959  	57.5730	-0.0228	100.8430	9019	1	0.0003	0	0.8840	-0.4517	12.9134	1	0	0	1	1	94.1400
1959	57.5730	-0.0228	100.8430	9019	1	0.0028	0	0.0780	-0.5910	13.6611	1	1	0	1	1	94.1400
1972  	58.4035	0.0614	100.5326	9019	1	0.0000	0	0.0074	0.4329	6.3963	1	0	0	1	1	94.1400
2066  	58.0841	-0.9257	100.0890	6000	1	0.0000	0	0.2321	-0.5989	12.4563	1	0	0	1	1	94.1400
2096  	57.1409	-0.2829	100.4246	9019	1	0.0000	0	0.7510	0.4722	13.1243	1	0	0	1	1	94.1400
2107  	58.4533	0.7553	99.5582	6000	1	0.0000	0	-0.5934	-0.4505	5.4053	1	0	0	1	1	94.1400
2126  	58.9258	-0.1685	100.2542	9019	1	0.0002	0	-0.4498	0.0041	6.3661	1	0	0	1	1	94.1400
2126	58.9258	-0.1685	100.2542	6000	1	0.0000	0	-0.5603	-0.7729	6.5227	1	1	0	1	1	94.1400
2182  	58.1695	-0.0334	100.6055	9019	1	0.0000	0	-0.1394	-0.7645	10.3227	1	0	0	1	1	94.1400
2182	58.1695	-0.0334	100.6055	9019	1	0.0000	0	-0.3728	0.5662	9.6756	1	1	0	1	1	94.1400
2256  	57.4673	-0.2470	100.7005	6000	1	0.0074	0	-0.0085	0.4896	5.1808	1	0	0	1	1	94.1400
2303  	57.5152	0.1333	99.2437	9019	1	0.0000	0	0.2859	-0.5234	0.3410	1	0	0	1	1	94.1400
2303	57.5152	0.1333	99.2437	9019	1	0.0000	0	0.6442	-0.0519	0.6072	1	1	0	1	1	94.1400
2340  	57.6804	-0.0505	99.8980	6000	1	0.0000	0	-0.7037	-0.1211	6.3501	1	0	0	1	1	94.1400
2404  	58.7414	-0.0301	100.1814	9019	1	0.0033	0	-1.0831	0.1418	8.5741	1	0	0	1	1	94.1400
2409  	57.3515	-0.7322	99.7926	9019	1	0.0000	0	0.2016	-0.2617	8.0790	1	0	0	1	1	94.1400
2479  	58.1706	0.6357	100.4003	6000	1	0.0000	0	-0.2059	-0.3049	5.2449	1	0	0	1	1	94.1400
2479	58.1706	0.6357	100.4003	6000	1	0.0000	0	0.2884	0.4091	2.4087	1	1	0	1	1	94.1400
2512  	57.7003	-0.5831	100.1658	6000	1	0.0000	0	-0.9512	0.5520	14.8245	1	0	0	1	1	94.1400
2555  	58.7038	-0.0910	99.7694	9019	1	0.0000	0	-0.9915	0.3310	14.7745	1	0	0	1	1	94.1400
2555	58.7038	-0.0910	99.7694	6000	1	0.0000	0	-0.9867	0.1734	15.3373	1	1	0	1	1	94.1400
2555	58.7038	-0.0910	99.7694	6000	1	0.0000	0	-0.9081	0.5173	15.2286	1	2	0	1	1	94.1400
2555	58.7038	-0.0910	99.7694	9019	1	0.0000	0	-1.0934	0.2553	15.4858	1	3	0	1	1	94.1400
2566  	57.8611	-0.0914	100.9379	9019	1	0.0000	0	-0.9139	0.5167	10.4314	1	0	0	1	1	94.1400
2566	57.8611	-0.0914	100.9379	9019	1	0.0000	0	-0.1683	0.0055	8.4247	1	1	0	1	1	94.1400
2566	57.8611	-0.0914	100.9379	9019	1	0.0000	0	0.0524	0.4585	8.8416	1	2	0	1	1	94.1400
2581  	57.5642	0.3042	99.8917	9019	1	0.0000	0	0.6272	0.0283	16.4819	1	0	0	1	1	94.1400
2592  	58.2103	0.9130	99.7931	9019	1	0.0000	0	-0.3251	0.9841	5.0263	1	0	0	1	1	94.1400
2690  	58.3572	0.0988	100.2434	9019	1	0.0000	0	-0.9000	-0.5701	12.8712	1	0	0	1	1	94.1400
2690	58.3572	0.0988	100.2434	9019	1	0.0000	0	0.6367	-0.2655	11.7311	1	1	0	1	1	94.1400
2738  	57.5299	0.5018	100.2108	9019	1	0.0000	0	0.2626	-0.1559	16.5013	1	0	0	1	1	94.1400
2738	57.5299	0.5018	100.2108	9019	1	0.0000	0	-0.7020	0.5049	16.3400	1	1	0	1	1	94.1400
2750  	58.3387	0.7418	99.5580	6000	1	0.0000	0	0.4432	-0.2209	7.3692	1	0	0	1	1	94.1400
2750	58.3387	0.7418	99.5580	9019	1	0.0000	0	-0.2568	-0.5471	8.9710	1	1	0	1	1	94.1400
2759  	57.4758	0.7412	100.2294	6000	1	0.0000	0	0.1697	0.0475	8.8861	1	0	0	1	1	94.1400
2784  	58.3342	0.1800	99.0860	9019	1	0.0060	0	0.6696	-0.1466	8.4578	1	0	0	1	1	94.1400
2793  	57.7145	0.7686	100.4257	6000	1	0.0000	0	-0.4488	-0.1211	9.0461	1	0	0	1	1	94.1400
2863  	57.2438	0.1641	100.5334	6000	1	0.0010	0	-0.8075	-0.2324	10.1548	1	0	0	1	1	94.1400
2932  	58.1802	0.4547	100.3549	6000	1	0.0003	0	-0.3627	-0.2335	14.9705	1	0	0	1	1	94.1400
2937  	57.3390	0.3779	99.6150	9019	1	0.0000	0	-0.4274	0.7638	6.6344	1	0	0	1	1	94.1400
2974  	58.0087	0.6608	99.8188	9019	1	0.0014	0	-0.0122	-0.5622	11.7607	1	0	0	1	1	94.1400
2974	58.0087	0.6608	99.8188	6000	1	0.0014	0	-1.1707	-0.0870	8.2173	1	1	0	1	1	94.1400
2994  	57.2576	0.5628	100.0026	9019	1	0.0000	0	0.3900	-0.2809	6.8366	1	0	0	1	1	94.1400
2994	57.2576	0.5628	100.0026	6000	1	0.0000	0	0.3337	-0.2473	6.7949	1	1	0	1	1	94.1400
3143  	58.5688	-0.0181	99.2530	9019	1	0.0000	0	0.9600	0.3276	5.4253	1	0	0	1	1	94.1400
3224  	58.3968	-0.2325	100.3299	9019	1	0.0012	0	0.9265	-0.3557	8.7293	1	0	0	1	1	94.1400
3227  	58.7505	-0.1394	100.3837	6000	1	0.0105	0	-0.5467	-0.4812	6.1809	1	0	0	1	1	94.1400
3232  	58.3475	0.5343	99.9301	6000	1	0.0004	0	0.5332	0.0838	5.8914	1	0	0	1	1	94.1400
3273  	57.7932	-0.0513	99.0866	9019	1	0.0000	0	0.3708	-0.1327	6.6249	1	0	0	1	1	94.1400
3273	57.7932	-0.0513	99.0866	6000	1	0.0004	0	-0.8697	0.0628	5.4422	1	1	0	1	1	94.1400
3363  	58.1990	0.2766	100.3629	6000	1	0.0000	0	-0.2621	-0.5936	4.2774	1	0	0	1	1	94.1400
3363	58.1990	0.2766	100.3629	9019	1	0.0000	0	-0.3478	-0.1103	4.8366	1	1	0	1	1	94.1400
3381  	58.1655	-0.9010	100.0692	9019	1	0.0000	0	-0.4685	-0.6129	14.0552	1	0	0	1	1	94.1400
3386  	58.1526	-0.4050	99.4250	9019	1	0.0000	0	1.0834	0.1197	8.5233	1	0	0	1	1	94.1400
3574  	58.0572	-0.1857	100.3412	6000	1	0.0044	0	0.2797	0.5703	10.5915	1	0	0	1	1	94.1400
3596  	57.8983	-0.6534	100.2877	9019	1	0.0097	0	0.0313	1.1363	8.3957	1	0	0	1	1	94.1400
3607  	58.1878	0.0144	99.6565	9019	1	0.0039	0	0.0370	-0.0413	4.1612	1	0	0	1	1	94.1400
3607	58.1878	0.0144	99.6565	6000	1	0.0018	0	-0.4349	1.1085	4.6004	1	1	0	1	1	94.1400
3688  	58.8801	0.1690	99.6042	6000	1	0.0000	0	0.1565	0.9486	4.2212	1	0	0	1	1	94.1400
3689  	58.4232	-0.4389	100.0992	9019	1	0.0077	0	-0.6465	-0.3023	9.4947	1	0	0	1	1	94.1400
3689	58.4232	-0.4389	100.0992	9019	1	0.0000	0	0.5599	-0.6786	17.3569	1	1	0	1	1	94.1400
3744  	58.2980	0.7994	100.2010	6000	1	0.0000	0	0.9216	-0.2289	9.4844	1	0	0	1	1	94.1400
3852  	58.2129	0.0960	99.5852	9019	1	0.0007	0	0.6682	0.8067	6.1925	1	0	0	1	1	94.1400
3923  	57.9166	-0.6523	99.4004	6000	1	0.0000	0	0.3343	-0.2001	15.5234	1	0	0	1	1	94.1400
3944  	57.3093	-0.4910	99.5712	9019	1	0.0000	0	0.2402	0.5578	4.1508	1	0	0	1	1	94.1400
4034  	57.3089	-0.1443	99.3452	9019	1	0.0001	0	-0.2224	-0.4918	4.7557	1	0	0	1	1	94.1400
4055  	58.3678	0.5409	99.3333	6000	1	0.0087	0	0.4657	0.1938	10.4891	1	0	0	1	1	94.1400
4096  	57.3793	0.5714	100.3912	9019	1	0.0000	0	0.0926	-0.4328	15.7116	1	0	0	1	1	94.1400
4106  	57.8753	-0.0445	100.3555	6000	1	0.0000	0	0.5481	-0.2041	5.6850	1	0	0	1	1	94.1400
4158  	58.2211	-0.4389	100.2582	9019	1	0.0147	0	0.0514	-0.4563	11.5489	1	0	0	1	1	94.1400
4167  	58.2026	0.4561	99.2005	9019	1	0.0000	0	0.7631	-0.2300	7.9643	1	0	0	1	1	94.1400
4167	58.2026	0.4561	99.2005	9019	1	0.0000	0	0.6874	0.1348	9.6685	1	1	0	1	1	94.1400
4167	58.2026	0.4561	99.2005	9019	1	0.0000	0	0.5417	0.1195	9.5805	1	2	0	1	1	94.1400
4167	58.2026	0.4561	99.2005	9019	1	0.0000	0	0.8488	-0.2248	9.0387	1	3	0	1	1	94.1400
4179  	57.8584	-0.7047	100.1413	9019	1	0.0000	0	-0.5904	0.4914	16.5403	1	0	0	1	1	94.1400
4194  	58.4258	-0.1280	100.3615	6000	1	0.0000	0	0.4108	0.6162	7.2918	1	0	0	1	1	94.1400
4194	58.4258	-0.1280	100.3615	9019	1	0.0000	0	0.3672	0.5519	7.2829	1	1	0	1	1	94.1400
4194	58.4258	-0.1280	100.3615	6000	1	0.0000	0	0.9909	-0.1506	6.2942	1	2	0	1	1	94.1400
4198  	57.1653	0.1900	100.2179	6000	1	0.0000	0	0.3546	-0.1811	8.8017	1	0	0	1	1	94.1400
4202  	57.5798	0.3427	100.1839	6000	1	0.0000	0	0.9844	0.2409	6.3039	1	0	0	1	1	94.1400
4202	57.5798	0.3427	100.1839	9019	1	0.0000	0	-0.0633	0.9049	7.1129	1	1	0	1	1	94.1400
4218  	57.6015	0.6675	99.5349	9019	1	0.0000	0	-0.5010	-0.8967	15.2443	1	0	0	1	1	94.1400
4274  	57.4658	0.7542	100.2876	6000	1	0.0000	0	0.8504	0.6904	11.2964	1	0	0	1	1	94.1400
4282  	57.4464	-0.4444	100.3070	9019	1	0.0000	0	-0.2752	0.3101	6.9597	1	0	0	1	1	94.1400
4319  	57.2692	0.2181	100.5018	6000	1	0.0002	0	0.8921	0.0143	10.1953	1	0	0	1	1	94.1400
4352  	57.7795	0.7583	99.4526	9019	1	0.0000	0	-0.6814	0.3784	7.7711	1	0	0	1	1	94.1400
4352	57.7795	0.7583	99.4526	6000	1	0.0000	0	0.7317	-0.6417	7.7403	1	1	0	1	1	94.1400
4476  	57.6793	0.2497	100.4210	9019	1	0.0073	0	0.2349	-0.0474	8.7999	1	0	0	1	1	94.1400
4497  	57.6218	0.2508	100.6177	6000	1	0.0000	0	0.8523	0.3012	5.2811	1	0	0	1	1	94.1400
4497	57.6218	0.2508	100.6177	9019	1	0.0000	0	-0.1579	-0.1948	6.0329	1	1	0	1	1	94.1400
4499  	58.1067	-0.1904	99.2998	9019	1	0.0000	0	0.0830	0.2247	3.6082	1	0	0	1	1	94.1400
4499	58.1067	-0.1904	99.2998	6000	1	0.0000	0	0.0389	0.6110	3.8379	1	1	0	1	1	94.1400
4516  	57.7406	-0.2184	99.1089	9019	1	0.0001	0	0.7066	0.5164	8.0445	1	0	0	1	1	94.1400
4573  	58.0200	0.4959	99.6220	9019	1	0.0000	0	1.1570	-0.0616	9.8925	1	0	0	1	1	94.1400
4586  	58.2547	-0.2855	99.4561	9019	1	0.0000	0	0.3642	0.8176	12.5993	1	0	0	1	1	94.1400
4623  	57.7616	0.7611	99.5023	6000	1	0.0001	0	-0.2816	-0.9028	8.7106	1	0	0	1	1	94.1400
4682  	57.4219	0.6302	100.4728	9019	1	0.0026	0	-1.1707	0.0400	12.8487	1	0	0	1	1	94.1400
4697  	57.6811	-0.5135	99.4939	9019	1	0.0003	0	0.9410	0.5515	11.1909	1	0	0	1	1	94.1400
4697	57.6811	-0.5135	99.4939	9019	1	0.0014	0	-0.5832	-0.5000	11.8920	1	1	0	1	1	94.1400
4701  	58.6164	-0.1141	99.8913	9019	1	0.0092	0	-0.4994	0.8030	5.2579	1	0	0	1	1	94.1400
4752  	58.2114	0.0856	99.5105	9019	1	0.0016	0	0.9543	0.0778	10.3612	1	0	0	1	1	94.1400
4753  	58.6489	-0.1943	99.9261	9019	1	0.0115	0	0.0552	-0.7630	13.7241	1	0	0	1	1	94.1400
4845  	58.6106	0.5765	99.8603	9019	1	0.0001	0	0.0752	-0.3159	10.4131	1	0	0	1	1	94.1400
4872  	58.0238	0.7072	99.9006	9019	1	0.0000	0	0.4992	-0.4696	4.2868	1	0	0	1	1	94.1400
4874  	58.3345	-0.2900	99.7989	9019	1	0.0049	0	0.6101	-0.5165	11.0724	1	0	0	1	1	94.1400
4907  	58.4392	0.5518	100.6166	6000	1	0.0000	0	0.3005	-0.3586	9.9311	1	0	0	1	1	94.1400
4926  	58.1374	-0.0756	99.7396	9019	1	0.0000	0	-0.0879	0.8199	14.5128	1	0	0	1	1	94.1400
4926	58.1374	-0.0756	99.7396	9019	1	0.0000	0	0.5581	0.6512	14.9326	1	1	0	1	1	94.1400
4985  	57.3496	0.4374	100.0875	6000	1	0.0000	0	0.6282	0.8956	2.5613	1	0	0	1	1	94.1400
5021  	57.8375	-0.2799	99.4832	6000	1	0.0004	0	0.1571	0.2301	10.5633	1	0	0	1	1	94.1400
5021	57.8375	-0.2799	99.4832	6000	1	0.0002	0	0.7651	0.6677	10.2525	1	1	0	1	1	94.1400
5036  	58.1395	-0.2687	99.8731	9019	1	0.0000	0	-0.8651	0.0389	13.4924	1	0	0	1	1	94.1400
5063  	57.9521	0.8433	99.5284	9019	1	0.0000	0	0.3343	0.8234	1.2499	1	0	0	1	1	94.1400
5214  	58.3673	0.0461	99.8844	9019	1	0.0000	0	-0.1949	-0.6787	9.2620	1	0	0	1	1	94.1400
5261  	58.0122	-0.5422	100.4702	9019	1	0.0005	0	-0.7186	0.7469	9.4670	1	0	0	1	1	94.1400
5338  	57.7471	-0.1077	100.0590	6000	1	0.0000	0	0.8394	-0.0776	4.6362	1	0	0	1	1	94.1400
5396  	58.6131	-0.1125	100.4235	9019	1	0.0000	0	-0.3781	-0.7476	13.5947	1	0	0	1	1	94.1400
5420  	58.6205	0.1246	100.2550	9019	1	0.0000	0	0.9569	-0.0506	12.8066	1	0	0	1	1	94.1400
5515  	58.4491	0.5286	99.8886	9019	1	0.0083	0	0.2101	0.8250	7.9738	1	0	0	1	1	94.1400
5525  	58.2095	-0.3674	100.2537	9019	1	0.0024	0	0.7401	0.7479	9.3269	1	0	0	1	1	94.1400
5531  	57.8441	-0.3692	99.6739	9019	1	0.0000	0	0.6026	-0.7700	7.9471	1	0	0	1	1	94.1400
5531	57.8441	-0.3692	99.6739	6000	1	0.0000	0	-0.8515	0.1448	12.8029	1	1	0	1	1	94.1400
5531	57.8441	-0.3692	99.6739	9019	1	0.0000	0	0.3738	-1.0080	12.9982	1	2	0	1	1	94.1400
5531	57.8441	-0.3692	99.6739	9019	1	0.0000	0	0.0063	-0.7515	12.5931	1	3	0	1	1	94.1400
5540  	58.3143	-0.8363	99.9983	6000	1	0.0000	0	0.0639	0.7875	7.2218	1	0	0	1	1	94.1400
5551  	57.5758	0.1482	100.0404	9019	1	0.0000	0	-0.3025	0.6898	5.7947	1	0	0	1	1	94.1400
5551	57.5758	0.1482	100.0404	9019	1	0.0000	0	-0.4411	0.6817	5.4931	1	1	0	1	1	94.1400
5551	57.5758	0.1482	100.0404	9019	1	0.0000	0	0.7095	-0.3248	5.2837	1	2	0	1	1	94.1400
5551	57.5758	0.1482	100.0404	9019	1	0.0000	0	-0.7114	-0.3444	12.5001	1	3	0	1	1	94.1400
5551	57.5758	0.1482	100.0404	9019	1	0.0000	0	-0.7941	-0.6858	15.0594	1	4	0	1	1	94.1400
5551	57.5758	0.1482	100.0404	9019	1	0.0000	0	-0.8046	-0.6981	15.1097	1	5	0	1	1	94.1400
5573  	58.4812	0.7709	99.9481	9019	1	0.0015	0	-0.2538	-0.3947	10.7397	1	0	0	1	1	94.1400
5573	58.4812	0.7709	99.9481	9019	1	0.0000	0	0.3217	0.5855	6.3591	1	1	0	1	1	94.1400
5603  	57.7655	-0.1015	99.1955	9019	1	0.0035	0	1.0978	-0.0702	9.9148	1	0	0	1	1	94.1400
5603	57.7655	-0.1015	99.1955	9019	1	0.0049	0	0.1803	-0.5465	10.9208	1	1	0	1	1	94.1400
5603	57.7655	-0.1015	99.1955	9019	1	0.0000	0	-0.1758	-0.9730	6.7696	1	2	0	1	1	94.1400
5603	57.7655	-0.1015	99.1955	9019	1	0.0000	0	0.5426	-0.6878	3.9516	1	3	0	1	1	94.1400
5621  	57.3350	-0.0332	100.3634	6000	1	0.0000	0	0.2782	0.5088	10.7980	1	0	0	1	1	94.1400
5621	57.3350	-0.0332	100.3634	6000	1	0.0000	0	-0.8940	0.2552	6.9137	1	1	0	1	1	94.1400
5621	57.3350	-0.0332	100.3634	9019	1	0.0000	0	0.6598	0.6279	8.4449	1	2	0	1	1	94.1400
5621	57.3350	-0.0332	100.3634	9019	1	0.0000	0	0.8924	0.5656	8.1723	1	3	0	1	1	94.1400
5621	57.3350	-0.0332	100.3634	6000	1	0.0000	0	0.0239	0.1111	7.1171	1	4	0	1	1	94.1400
5621	57.3350	-0.0332	100.3634	9019	1	0.0000	0	0.0205	0.0764	7.1319	1	5	0	1	1	94.1400
5621	57.3350	-0.0332	100.3634	6000	1	0.0000	0	-0.0299	0.4412	5.7936	1	6	0	1	1	94.1400
5647  	58.1825	-0.1277	99.1864	9019	1	0.0000	0	-0.1925	-1.0840	12.9508	1	0	0	1	1	94.1400
5647	58.1825	-0.1277	99.1864	9019	1	0.0000	0	-0.5114	-0.5224	14.6727	1	1	0	1	1	94.1400
5647	58.1825	-0.1277	99.1864	6000	1	0.0000	0	0.6139	0.0105	14.6513	1	2	0	1	1	94.1400
5647	58.1825	-0.1277	99.1864	6000	1	0.0000	0	-0.3224	-0.8776	14.3926	1	3	0	1	1	94.1400
5682  	57.9485	0.4742	99.3611	6000	1	0.0077	0	-0.3865	0.4269	11.9966	1	0	0	1	1	94.1400
5682	57.9485	0.4742	99.3611	6000	1	0.0064	0	1.0122	0.2130	11.3528	1	1	0	1	1	94.1400
5682	57.9485	0.4742	99.3611	6000	1	0.0003	0	0.7326	0.3261	11.8024	1	2	0	1	1	94.1400
5682	57.9485	0.4742	99.3611	6000	1	0.0008	0	-0.2514	0.0311	12.7670	1	3	0	1	1	94.1400
5932  	58.3068	0.3015	100.5680	9019	1	0.0000	0	-0.0528	0.2858	7.5159	1	0	0	1	1	94.1400
5932	58.3068	0.3015	100.5680	9019	1	0.0000	0	-0.0405	0.3123	7.4646	1	1	0	1	1	94.1400
5978  	57.4807	0.0442	100.5302	9019	1	0.0000	0	0.9775	0.2981	13.2957	1	0	0	1	1	94.1400
5997  	58.5166	-0.5356	100.4293	9019	1	0.0045	0	0.6576	0.8428	13.7958	1	0	0	1	1	94.1400
5997	58.5166	-0.5356	100.4293	9019	1	0.0060	0	0.2075	0.1601	11.5034	1	1	0	1	1	94.1400
6122  	57.1194	0.1170	100.4050	9019	1	0.0061	0	-0.4913	0.8989	9.3304	1	0	0	1	1	94.1400
6122	57.1194	0.1170	100.4050	6000	1	0.0026	0	-0.1672	0.4281	10.0784	1	1	0	1	1	94.1400
6122	57.1194	0.1170	100.4050	6000	1	0.0000	0	-0.0975	-1.1755	5.7496	1	2	0	1	1	94.1400
6122	57.1194	0.1170	100.4050	9019	1	0.0000	0	0.9853	-0.2481	12.4999	1	3	0	1	1	94.1400
6215  	57.6889	0.4107	99.1982	6000	1	0.0022	0	0.6552	-0.5833	10.9148	1	0	0	1	1	94.1400
6223  	58.0604	0.7692	99.6071	6000	1	0.0000	0	-0.3349	0.8914	6.5076	1	0	0	1	1	94.1400
6372  	57.9894	-0.8894	100.0626	9019	1	0.0000	0	1.1637	0.2289	4.5003	1	0	0	1	1	94.1400
6372	57.9894	-0.8894	100.0626	9019	1	0.0000	0	-0.7439	-0.1891	9.8441	1	1	0	1	1	94.1400
6431  	57.8070	-0.1522	100.4342	9019	1	0.0019	0	0.3175	0.5910	17.2637	1	0	0	1	1	94.1400
6457  	58.1554	0.5584	99.4017	6000	1	0.0000	0	0.2400	-1.1292	12.8719	1	0	0	1	1	94.1400
6460  	57.8467	-0.4206	99.3223	9019	1	0.0146	0	0.1854	1.0962	8.0076	1	0	0	1	1	94.1400
6460	57.8467	-0.4206	99.3223	9019	1	0.0025	0	0.2407	0.6267	7.9869	1	1	0	1	1	94.1400
6460	57.8467	-0.4206	99.3223	9019	1	0.0061	0	0.4182	-0.7367	10.4266	1	2	0	1	1	94.1400
6460	57.8467	-0.4206	99.3223	9019	1	0.0007	0	-0.4618	0.0674	10.0279	1	3	0	1	1	94.1400
6460	57.8467	-0.4206	99.3223	9019	1	0.0008	0	-0.7926	0.1189	9.8446	1	4	0	1	1	94.1400
6519  	58.1337	-0.7975	100.5163	9019	1	0.0000	0	1.0590	0.4259	5.3183	1	0	0	1	1	94.1400
6519	58.1337	-0.7975	100.5163	9019	1	0.0000	0	0.6946	0.4457	4.4123	1	1	0	1	1	94.1400
6519	58.1337	-0.7975	100.5163	9019	1	0.0000	0	-0.0611	-0.2415	4.0680	1	2	0	1	1	94.1400
6523  	58.6742	0.3550	99.9407	6000	1	0.0000	0	-0.2086	0.1521	14.7820	1	0	0	1	1	94.1400
6523	58.6742	0.3550	99.9407	9019	1	0.0000	0	-0.2809	0.3163	14.8263	1	1	0	1	1	94.1400
6523	58.6742	0.3550	99.9407	6000	1	0.0000	0	-0.1069	1.1131	14.3769	1	2	0	1	1	94.1400
6557  	57.9015	-0.1965	100.2829	9019	1	0.0000	0	-0.0352	0.9129	6.2880	1	0	0	1	1	94.1400
6561  	58.4853	0.1383	99.4023	9019	1	0.0003	0	0.4035	-0.0928	5.9020	1	0	0	1	1	94.1400
6561	58.4853	0.1383	99.4023	6000	1	0.0000	0	-0.9794	0.2106	11.1828	1	1	0	1	1	94.1400
6594  	57.7239	0.1305	100.9477	9019	1	0.0157	0	-0.7734	-0.1287	8.9331	1	0	0	1	1	94.1400
6602  	58.2684	-0.0757	99.9640	9019	1	0.0000	0	-0.0209	0.0162	10.8680	1	0	0	1	1	94.1400
6613  	58.2180	-0.6764	99.6842	9019	1	0.0073	0	0.3566	0.9223	11.4191	1	0	0	1	1	94.1400
6636  	58.0930	-0.0844	100.4780	9019	1	0.0000	0	-0.4793	-0.4689	3.8506	1	0	0	1	1	94.1400
6711  	57.5373	-0.4671	99.7638	9019	1	0.0000	0	-0.2904	0.3892	8.6943	1	0	0	1	1	94.1400
6711	57.5373	-0.4671	99.7638	9019	1	0.0000	0	-0.5065	0.3424	8.4536	1	1	0	1	1	94.1400
6711	57.5373	-0.4671	99.7638	9019	1	0.0000	0	-0.9125	0.3604	8.8165	1	2	0	1	1	94.1400
6714  	57.7360	0.0912	99.3666	9019	1	0.0000	0	-1.1356	0.1954	6.0628	1	0	0	1	1	94.1400
6719  	58.5171	0.6882	99.8296	9019	1	0.0000	0	0.9155	-0.0181	6.4087	1	0	0	1	1	94.1400
6719	58.5171	0.6882	99.8296	9019	1	0.0000	0	0.7416	0.2526	6.3573	1	1	0	1	1	94.1400
6719	58.5171	0.6882	99.8296	9019	1	0.0000	0	-1.1371	-0.2739	13.5565	1	2	0	1	1	94.1400
6720  	57.8127	0.2381	99.4632	9019	1	0.0000	0	-0.3769	0.5088	19.1757	1	0	0	1	1	94.1400
6835  	57.9803	-0.6629	99.5279	9019	1	0.0001	0	0.3778	1.0895	11.0971	1	0	0	1	1	94.1400
6887  	58.7633	0.1527	100.3443	6000	1	0.0000	0	-0.2060	-0.3966	3.6904	1	0	0	1	1	94.1400
6894  	58.1704	-0.2053	100.7755	6000	1	0.0006	0	-0.6749	-0.2328	8.0837	1	0	0	1	1	94.1400
6904  	58.6248	0.5107	100.4797	9019	1	0.0000	0	-1.0599	-0.3975	16.5342	1	0	0	1	1	94.1400
6904	58.6248	0.5107	100.4797	9019	1	0.0000	0	-0.5532	0.2167	8.6356	1	1	0	1	1	94.1400
6949  	57.4793	0.0279	99.3808	9019	1	0.0000	0	0.4583	0.3008	8.4572	1	0	0	1	1	94.1400
6990  	58.7097	-0.3369	100.1443	9019	1	0.0125	0	-0.5655	0.4189	13.3009	1	0	0	1	1	94.1400
6990	58.7097	-0.3369	100.1443	9019	1	0.0070	0	-0.5781	-0.1691	12.7679	1	1	0	1	1	94.1400
7011  	57.4194	-0.2859	99.2972	9019	1	0.0000	0	-0.3445	0.3533	17.5937	1	0	0	1	1	94.1400
7041  	58.3635	-0.2371	99.6166	9019	1	0.0000	0	-0.4079	-0.3485	8.5538	1	0	0	1	1	94.1400
7041	58.3635	-0.2371	99.6166	6000	1	0.0001	0	-0.5345	-0.4229	8.4375	1	1	0	1	1	94.1400
7073  	58.7146	-0.2065	99.3495	9019	1	0.0127	0	0.9940	-0.3737	7.7301	1	0	0	1	1	94.1400
7197  	57.6181	0.0936	99.3279	6000	1	0.0000	0	-0.4231	1.0461	11.6589	1	0	0	1	1	94.1400
7202  	57.6164	0.2163	100.6988	9019	1	0.0093	0	-0.0089	-0.9275	7.7927	1	0	0	1	1	94.1400
7205  	57.8289	-0.8421	99.6889	9019	1	0.0000	0	-0.4379	-1.0119	10.5709	1	0	0	1	1	94.1400
7205	57.8289	-0.8421	99.6889	9019	1	0.0000	0	-0.0455	0.7252	7.9881	1	1	0	1	1	94.1400
7209  	57.4237	-0.0763	100.7265	9019	1	0.0000	0	0.9842	-0.5595	12.4727	1	0	0	1	1	94.1400
7209	57.4237	-0.0763	100.7265	9019	1	0.0001	0	-0.4420	-0.8691	13.2082	1	1	0	1	1	94.1400
7218  	58.4082	-0.7909	99.8040	9019	1	0.0000	0	-0.4375	0.5048	1.9470	1	0	0	1	1	94.1400
7260  	57.6676	-0.4178	100.1855	9019	1	0.0020	0	0.8933	0.0829	9.0303	1	0	0	1	1	94.1400
7260	57.6676	-0.4178	100.1855	9019	1	0.0029	0	0.1944	-0.0620	8.2900	1	1	0	1	1	94.1400
7260	57.6676	-0.4178	100.1855	9019	1	0.0005	0	0.2177	-0.2041	7.9115	1	2	0	1	1	94.1400
7260	57.6676	-0.4178	100.1855	6000	1	0.0000	0	0.8981	-0.5258	5.9100	1	3	0	1	1	94.1400
7273  	57.0817	-0.1886	99.7905	9019	1	0.0000	0	0.0618	-1.1849	9.4660	1	0	0	1	1	94.1400
7273	57.0817	-0.1886	99.7905	6000	1	0.0000	0	0.0794	-0.3809	9.5730	1	1	0	1	1	94.1400
7382  	57.2353	0.0367	99.6396	6000	1	0.0000	0	0.5430	0.2277	6.8352	1	0	0	1	1	94.1400
7382	57.2353	0.0367	99.6396	9019	1	0.0000	0	0.2473	-0.7219	4.9302	1	1	0	1	1	94.1400
7387  	57.7928	0.3536	99.1923	9019	1	0.0167	0	0.8852	-0.2949	7.5499	1	0	0	1	1	94.1400
7389  	58.4581	0.3815	99.4978	6000	1	0.0075	0	-0.0897	-0.0673	10.0076	1	0	0	1	1	94.1400
7407  	58.7036	-0.0696	99.3162	9019	1	0.0000	0	-0.5178	0.3653	17.7048	1	0	0	1	1	94.1400
7438  	57.8071	0.7001	99.6897	9019	1	0.0078	0	-0.4468	-0.6207	8.9310	1	0	0	1	1	94.1400
7438	57.8071	0.7001	99.6897	6000	1	0.0109	0	-0.5230	0.4634	9.6134	1	1	0	1	1	94.1400
7438	57.8071	0.7001	99.6897	9019	1	0.0023	0	-0.0357	0.1327	9.6098	1	2	0	1	1	94.1400
7444  	57.8712	0.1854	100.0586	9019	1	0.0000	0	0.6003	0.5273	3.5108	1	0	0	1	1	94.1400
7478  	57.3681	0.3120	100.3258	9019	1	0.0000	0	-0.0214	0.2007	4.7745	1	0	0	1	1	94.1400
7503  	58.0651	-0.5965	100.1881	9019	1	0.0089	0	0.8077	-0.4193	12.4177	1	0	0	1	1	94.1400
7527  	58.8766	0.1491	100.3422	9019	1	0.0003	0	-0.3360	0.9023	18.2001	1	0	0	1	1	94.1400
7527	58.8766	0.1491	100.3422	9019	1	0.0001	0	-0.8563	-0.2314	17.5201	1	1	0	1	1	94.1400
7540  	58.1098	0.2093	99.9102	9019	1	0.0000	0	0.6647	0.2831	11.9606	1	0	0	1	1	94.1400
7653  	57.6175	0.7199	99.9756	9019	1	0.0000	0	-0.5302	-0.0104	14.3838	1	0	0	1	1	94.1400
7740  	58.0716	-0.7079	100.0110	6000	1	0.0000	0	-0.8336	0.2450	10.1242	1	0	0	1	1	94.1400
7812  	58.6290	-0.4111	100.5393	6000	1	0.0000	0	-0.3283	-0.5171	13.4886	1	0	0	1	1	94.1400
7815  	57.9998	-0.2843	99.8456	6000	1	0.0000	0	0.6544	0.0162	7.3254	1	0	0	1	1	94.1400
7815	57.9998	-0.2843	99.8456	9019	1	0.0000	0	-0.2813	1.1499	10.7347	1	1	0	1	1	94.1400
7815	57.9998	-0.2843	99.8456	9019	1	0.0000	0	-0.4967	0.4360	12.0266	1	2	0	1	1	94.1400
7836  	58.1981	-0.0415	99.1628	9019	1	0.0008	0	0.9004	0.4433	9.1829	1	0	0	1	1	94.1400
7927  	57.9450	0.1573	99.0170	9019	1	0.0017	0	-0.0248	-0.0493	5.2820	1	0	0	1	1	94.1400
8003  	57.5425	0.3805	99.8810	9019	1	0.0000	0	-0.0991	0.9812	12.1110	1	0	0	1	1	94.1400
8060  	58.1239	0.3441	100.4441	6000	1	0.0000	0	-0.0725	0.5979	6.2108	1	0	0	1	1	94.1400
8060	58.1239	0.3441	100.4441	9019	1	0.0000	0	0.1405	0.3625	6.4288	1	1	0	1	1	94.1400
8060	58.1239	0.3441	100.4441	6000	1	0.0000	0	0.6089	0.5963	6.4501	1	2	0	1	1	94.1400
8060	58.1239	0.3441	100.4441	9019	1	0.0000	0	0.7859	0.6513	5.7421	1	3	0	1	1	94.1400
8095  	58.7157	-0.0411	100.0201	6000	1	0.0000	0	-0.1213	-0.3677	8.7017	1	0	0	1	1	94.1400
8095	58.7157	-0.0411	100.0201	9019	1	0.0000	0	0.1013	-0.9368	8.2111	1	1	0	1	1	94.1400
8095	58.7157	-0.0411	100.0201	9019	1	0.0000	0	0.4588	0.9517	14.1692	1	2	0	1	1	94.1400
8095	58.7157	-0.0411	100.0201	6000	1	0.0000	0	0.3323	0.0459	13.6243	1	3	0	1	1	94.1400
8158  	58.3496	0.2512	100.3358	9019	1	0.0041	0	-0.5434	0.7826	6.4493	1	0	0	1	1	94.1400
8167  	57.5497	0.6291	99.7385	9019	1	0.0000	0	0.9345	-0.2774	10.2757	1	0	0	1	1	94.1400
8167	57.5497	0.6291	99.7385	9019	1	0.0000	0	-0.0486	-0.3916	5.0930	1	1	0	1	1	94.1400
8178  	57.8823	-0.3037	99.4317	9019	1	0.0000	0	-0.0530	1.0697	9.3429	1	0	0	1	1	94.1400
8184  	58.3794	0.2492	100.6819	6000	1	0.0000	0	-0.6861	-0.8206	14.6428	1	0	0	1	1	94.1400
8184	58.3794	0.2492	100.6819	9019	1	0.0000	0	-0.6034	-0.8022	14.9638	1	1	0	1	1	94.1400
8195  	57.8721	0.8461	100.0648	9019	1	0.0000	0	-0.5550	0.6956	8.2903	1	0	0	1	1	94.1400
8228  	58.4084	0.6273	99.3466	9019	1	0.0023	0	-0.1703	0.1237	9.9466	1	0	0	1	1	94.1400
8233  	58.1471	0.5039	99.8129	9019	1	0.0000	0	-0.0880	-1.0977	8.8521	1	0	0	1	1	94.1400
8341  	58.0956	-0.3476	100.4883	9019	1	0.0000	0	-0.3595	0.6397	5.3180	1	0	0	1	1	94.1400
8393  	57.4851	0.4990	99.9638	9019	1	0.0159	0	-1.1874	0.0840	10.1455	1	0	0	1	1	94.1400
8396  	58.4737	0.8197	99.7743	6000	1	0.0004	0	0.6124	-0.6169	14.9173	1	0	0	1	1	94.1400
8396	58.4737	0.8197	99.7743	9019	1	0.0020	0	0.4875	-0.9957	18.1842	1	1	0	1	1	94.1400
8421  	58.1616	-0.2503	99.2194	9019	1	0.0002	0	0.9920	-0.6410	10.9600	1	0	0	1	1	94.1400
8518  	57.2456	-0.3367	99.9884	9019	1	0.0114	0	0.8116	-0.1656	11.2704	1	0	0	1	1	94.1400
8591  	57.9958	0.4168	99.9103	9019	1	0.0001	0	-0.1048	-0.2891	7.1392	1	0	0	1	1	94.1400
8705  	58.4744	-0.4476	100.0501	6000	1	0.0003	0	0.2791	-0.5545	10.5458	1	0	0	1	1	94.1400
8739  	57.7916	0.8433	100.1546	6000	1	0.0008	0	1.0990	-0.1631	14.7939	1	0	0	1	1	94.1400
8745  	58.1708	-0.6191	99.6801	9019	1	0.0000	0	0.7535	-0.1334	11.1368	1	0	0	1	1	94.1400
8884  	58.4491	0.4299	100.7613	9019	1	0.0001	0	-0.7826	-0.8925	9.6530	1	0	0	1	1	94.1400
8884	58.4491	0.4299	100.7613	9019	1	0.0005	0	-0.5959	-0.2279	8.7107	1	1	0	1	1	94.1400
8914  	57.4757	0.5224	100.4824	9019	1	0.0000	0	-1.0849	0.3339	2.1134	1	0	0	1	1	94.1400
8914	57.4757	0.5224	100.4824	9019	1	0.0000	0	-1.1031	0.3508	2.1406	1	1	0	1	1	94.1400
9001  	57.4126	0.3665	100.1769	9019	1	0.0000	0	0.1361	-0.8081	2.1533	1	0	0	1	1	94.1400
9051  	58.3496	-0.1165	99.3787	9019	1	0.0001	0	-0.0883	0.1599	18.9246	1	0	0	1	1	94.1400
9122  	57.3571	-0.2920	99.9400	9019	1	0.0055	0	0.9070	0.0823	9.0013	1	0	0	1	1	94.1400
9122	57.3571	-0.2920	99.9400	9019	1	0.0076	0	0.8657	0.2696	9.3574	1	1	0	1	1	94.1400
9227  	58.3876	0.5479	99.8574	9019	1	0.0000	0	0.4470	-0.2952	9.5667	1	0	0	1	1	94.1400
9237  	57.8659	-0.1223	99.0542	9019	1	0.0137	0	-0.1049	-0.8434	12.7632	1	0	0	1	1	94.1400
9238  	58.1811	-0.2006	100.2422	6000	1	0.0000	0	1.1504	-0.0157	6.8887	1	0	0	1	1	94.1400
9238	58.1811	-0.2006	100.2422	6000	1	0.0000	0	-0.8906	0.0713	6.4169	1	1	0	1	1	94.1400
9244  	57.8161	-0.0415	100.1665	9019	1	0.0005	0	0.0880	0.9026	1.9404	1	0	0	1	1	94.1400
9244	57.8161	-0.0415	100.1665	9019	1	0.0015	0	-0.0017	0.9221	1.8840	1	1	0	1	1	94.1400
9264  	58.4358	0.4127	100.3729	6000	1	0.0010	0	-0.2524	0.4727	5.4371	1	0	0	1	1	94.1400
9278  	57.6711	-0.1617	99.3878	9019	1	0.0000	0	0.0572	-0.6120	8.0457	1	0	0	1	1	94.1400
9278	57.6711	-0.1617	99.3878	9019	1	0.0000	0	0.0627	-0.8344	8.4574	1	1	0	1	1	94.1400
9278	57.6711	-0.1617	99.3878	9019	1	0.0000	0	-0.8069	-0.4161	8.7650	1	2	0	1	1	94.1400
9310  	57.8595	0.5186	99.2153	9019	1	0.0018	0	0.9097	-0.4196	11.8015	1	0	0	1	1	94.1400
9310	57.8595	0.5186	99.2153	9019	1	0.0011	0	0.7645	-0.4437	11.7482	1	1	0	1	1	94.1400
9395  	58.3263	-0.2098	99.2045	9019	1	0.0106	0	-0.3507	-0.8871	12.9539	1	0	0	1	1	94.1400
9438  	58.5509	-0.0497	99.8687	9019	1	0.0000	0	0.3088	0.4795	7.7590	1	0	0	1	1	94.1400
9459  	57.3652	-0.2594	100.0404	9019	1	0.0000	0	-0.2138	0.1878	0.9438	1	0	0	1	1	94.1400
9459	57.3652	-0.2594	100.0404	9019	1	0.0000	0	-0.0658	-0.0699	0.5853	1	1	0	1	1	94.1400
9524  	57.4695	0.4577	99.8774	9019	1	0.0000	0	0.0063	-0.2566	3.8083	1	0	0	1	1	94.1400
9524	57.4695	0.4577	99.8774	9019	1	0.0000	0	0.2761	-1.1185	2.6612	1	1	0	1	1	94.1400
9604  	58.1227	-0.6151	99.8686	9019	1	0.0000	0	-0.4259	-0.0431	12.8356	1	0	0	1	1	94.1400
9816  	57.6047	0.2080	99.6550	6000	1	0.0000	0	-0.7713	-0.3801	14.2722	1	0	0	1	1	94.1400
9853  	57.5188	0.1726	99.8309	6000	1	0.0000	0	-0.9464	-0.1592	11.1543	1	0	0	1	1	94.1400
9923  	58.1632	0.1079	99.4425	9019	1	0.0000	0	0.6150	-0.8528	1.5937	1	0	0	1	1	94.1400
9975  	57.2101	0.2561	100.4593	6000	1	0.0000	0	-0.2272	0.5611	13.0509	1	0	0	1	1	94.1400
