0     	57.3094	0.1742	100.4041	9019	1	0.0000	0	0.0654	-0.3892	15.1166	1	0	0	1	1	94.1400
8     	58.3772	-0.8348	99.7807	9019	1	0.0048	0	0.5146	-0.2926	11.3351	1	0	0	1	1	94.1400
50    	57.7316	0.7262	100.0658	9019	1	0.0000	0	-1.0859	0.5007	10.1958	1	0	0	1	1	94.1400
67    	58.5478	0.2605	99.8297	9019	1	0.0001	0	0.8660	-0.7785	6.4045	1	0	0	1	1	94.1400
70    	58.3482	0.3307	100.1174	9019	1	0.0000	0	0.5294	-0.1059	12.9333	1	0	0	1	1	94.1400
140   	57.5538	-0.0852	99.3285	9019	1	0.0013	0	-0.7299	0.0722	6.4988	1	0	0	1	1	94.1400
140	57.5538	-0.0852	99.3285	6000	1	0.0027	0	-0.9325	0.0385	6.0167	1	1	0	1	1	94.1400
143   	57.3154	-0.1442	100.4117	9019	1	0.0000	0	0.2041	0.9775	16.3765	1	0	0	1	1	94.1400
143	57.3154	-0.1442	100.4117	9019	1	0.0000	0	0.1329	-0.5223	19.1658	1	1	0	1	1	94.1400
208   	57.6502	0.0555	100.8996	9019	1	0.0000	0	-0.4676	0.2738	7.9845	1	0	0	1	1	94.1400
224   	58.5340	0.2421	100.3248	6000	1	0.0001	0	-0.1563	0.2045	7.9755	1	0	0	1	1	94.1400
224	58.5340	0.2421	100.3248	9019	1	0.0000	0	1.0798	0.4685	14.7796	1	1	0	1	1	94.1400
227   	57.3938	0.4357	99.7830	9019	1	0.0000	0	0.2175	-0.6976	16.3965	1	0	0	1	1	94.1400
242   	58.4972	0.4815	100.7000	9019	1	0.0007	0	-0.6622	0.1792	7.5990	1	0	0	1	1	94.1400
263   	58.3909	0.4129	99.8150	6000	1	0.0001	0	-0.5813	0.2585	9.0004	1	0	0	1	1	94.1400
294   	58.1435	-0.4256	99.7875	6000	1	0.0026	0	-0.4939	0.9805	11.3267	1	0	0	1	1	94.1400
305   	58.0559	-0.5200	100.4685	6000	1	0.0000	0	0.0241	0.9500	12.8249	1	0	0	1	1	94.1400
342   	57.9022	0.5824	99.4815	6000	1	0.0051	0	0.7375	0.3530	11.1895	1	0	0	1	1	94.1400
342	57.9022	0.5824	99.4815	9019	1	0.0006	0	1.0439	0.1453	13.3755	1	1	0	1	1	94.1400
342	57.9022	0.5824	99.4815	9019	1	0.0064	0	0.6908	0.8341	15.1209	1	2	0	1	1	94.1400
355   	57.6624	0.8616	100.1717	9019	1	0.0000	0	-0.7682	0.2564	9.9886	1	0	0	1	1	94.1400
355	57.6624	0.8616	100.1717	9019	1	0.0000	0	-0.8108	0.7734	8.5555	1	1	0	1	1	94.1400
414   	58.3915	-0.6666	100.4584	9019	1	0.0131	0	0.3008	-0.7112	9.4383	1	0	0	1	1	94.1400
415   	57.8487	0.0015	99.7345	9019	1	0.0085	0	-0.0399	0.8981	9.8453	1	0	0	1	1	94.1400
415	57.8487	0.0015	99.7345	9019	1	0.0026	0	-0.1001	1.1486	10.3775	1	1	0	1	1	94.1400
452   	58.6977	-0.0389	99.5624	6000	1	0.0000	0	-1.0613	0.4757	11.0516	1	0	0	1	1	94.1400
484   	57.9209	-0.6438	99.3977	9019	1	0.0000	0	0.6984	-0.1470	5.2593	1	0	0	1	1	94.1400
490   	57.6493	0.0913	99.8225	6000	1	0.0086	0	0.5136	1.0419	10.3290	1	0	0	1	1	94.1400
589   	58.2511	0.1400	99.8731	9019	1	0.0000	0	0.1644	0.2840	15.1053	1	0	0	1	1	94.1400
608   	58.0514	0.3223	99.5427	9019	1	0.0000	0	-0.9616	-0.0170	9.5960	1	0	0	1	1	94.1400
608	58.0514	0.3223	99.5427	6000	1	0.0000	0	0.0592	-0.0315	12.3510	1	1	0	1	1	94.1400
608	58.0514	0.3223	99.5427	9019	1	0.0000	0	0.1763	-0.3415	12.5133	1	2	0	1	1	94.1400
608	58.0514	0.3223	99.5427	6000	1	0.0000	0	0.0894	-0.4688	12.7121	1	3	0	1	1	94.1400
666   	58.9145	-0.1257	99.8263	9019	1	0.0043	0	0.3620	-0.5811	7.4850	1	0	0	1	1	94.1400
666	58.9145	-0.1257	99.8263	6000	1	0.0011	0	1.1272	-0.3156	13.2626	1	1	0	1	1	94.1400
666	58.9145	-0.1257	99.8263	9019	1	0.0000	0	-0.5712	0.6631	12.6926	1	2	0	1	1	94.1400
666	58.9145	-0.1257	99.8263	9019	1	0.0000	0	1.0654	-0.4693	5.3587	1	3	0	1	1	94.1400
708   	57.1729	-0.1198	100.0872	9019	1	0.0149	0	-0.2391	0.8221	14.5398	1	0	0	1	1	94.1400
711   	57.4842	0.1166	99.8968	9019	1	0.0000	0	1.0034	-0.4097	10.2276	1	0	0	1	1	94.1400
726   	58.0029	0.0502	100.2300	9019	1	0.0005	0	-0.2634	0.9720	6.2930	1	0	0	1	1	94.1400
751   	57.9525	0.2814	100.0953	6000	1	0.0000	0	-0.7935	0.3961	10.1516	1	0	0	1	1	94.1400
763   	57.4225	-0.3572	100.1721	9019	1	0.0000	0	-0.6215	-0.1040	12.5424	1	0	0	1	1	94.1400
775   	57.8370	0.1711	100.4087	9019	1	0.0000	0	-0.7028	-0.8343	9.4130	1	0	0	1	1	94.1400
775	57.8370	0.1711	100.4087	9019	1	0.0000	0	0.3246	0.3765	4.8545	1	1	0	1	1	94.1400
813   	57.6221	-0.7357	99.8867	9019	1	0.0056	0	0.9216	-0.5744	11.5667	1	0	0	1	1	94.1400
816   	57.6814	-0.2049	100.3519	9019	1	0.0000	0	-0.0672	-0.2579	6.2256	1	0	0	1	1	94.1400
816	57.6814	-0.2049	100.3519	6000	1	0.0000	0	0.4288	-0.0318	4.7108	1	1	0	1	1	94.1400
819   	58.3390	0.2317	99.6300	9019	1	0.0011	0	-0.2517	-0.2479	14.5946	1	0	0	1	1	94.1400
819	58.3390	0.2317	99.6300	9019	1	0.0000	0	0.0144	0.1804	14.9145	1	1	0	1	1	94.1400
853   	57.6803	-0.1259	100.5324	9019	1	0.0000	0	0.2336	-0.9786	10.9922	1	0	0	1	1	94.1400
870   	58.4540	-0.7850	100.0548	9019	1	0.0162	0	0.6704	-0.9843	9.2172	1	0	0	1	1	94.1400
899   	57.8417	-0.5922	99.9701	6000	1	0.0000	0	-0.3225	-0.5168	8.6370	1	0	0	1	1	94.1400
899	57.8417	-0.5922	99.9701	9019	1	0.0000	0	-0.9899	0.6685	1.8301	1	1	0	1	1	94.1400
986   	58.1172	0.0964	100.6911	9019	1	0.0000	0	0.1982	-0.4743	13.6062	1	0	0	1	1	94.1400
1012  	57.7846	0.1924	100.7239	6000	1	0.0004	0	0.0617	-0.3558	6.5811	1	1	0	1	1	94.1400
1074  	57.8221	-0.8846	100.1659	9019	1	0.0006	0	-0.3773	0.0101	9.8804	1	0	0	1	1	94.1400
1102  	57.9914	-0.5107	100.6677	9019	1	0.0000	0	-0.5560	-0.8752	13.3903	1	0	0	1	1	94.1400
1102	57.9914	-0.5107	100.6677	9019	1	0.0000	0	-0.5634	-0.4067	12.8829	1	1	0	1	1	94.1400
1122  	58.4893	-0.4030	100.7401	9019	1	0.0000	0	0.3413	-0.4404	13.1555	1	0	0	1	1	94.1400
1122	58.4893	-0.4030	100.7401	9019	1	0.0000	0	-0.0324	0.0522	13.0058	1	1	0	1	1	94.1400
1131  	57.3101	0.4199	100.2496	9019	1	0.0001	0	0.7829	-0.7357	10.9806	1	0	0	1	1	94.1400
1147  	57.6295	-0.6410	100.6495	6000	1	0.0000	0	0.6384	-0.5573	5.8371	1	0	0	1	1	94.1400
1147	57.6295	-0.6410	100.6495	9019	1	0.0000	0	0.4692	-0.4523	5.7453	1	1	0	1	1	94.1400
1203  	57.9009	0.4932	99.6810	9019	1	0.0134	0	-0.7473	-0.0826	6.7575	1	0	0	1	1	94.1400
1203	57.9009	0.4932	99.6810	9019	1	0.0079	0	-0.6803	-0.4879	7.4753	1	1	0	1	1	94.1400
1287  	57.4871	-0.8159	99.9063	9019	1	0.0000	0	-0.2693	-0.9870	11.4403	1	0	0	1	1	94.1400
1319  	58.2924	-0.8960	100.2484	6000	1	0.0001	0	-0.3473	-0.0901	11.6346	1	0	0	1	1	94.1400
1320  	57.8062	-0.2796	99.5673	6000	1	0.0146	0	1.0186	-0.0578	12.1249	1	0	0	1	1	94.1400
1329  	58.2955	-0.0236	99.4335	9019	1	0.0000	0	0.3591	0.1189	11.8004	1	0	0	1	1	94.1400
1333  	57.3879	0.6834	100.2115	9019	1	0.0015	0	0.2570	-0.3610	8.1693	1	0	0	1	1	94.1400
1341  	58.7434	-0.4479	99.8950	9019	1	0.0000	0	-0.3062	-0.2668	6.2530	1	0	0	1	1	94.1400
1341	58.7434	-0.4479	99.8950	9019	1	0.0000	0	0.0744	0.5522	4.5584	1	1	0	1	1	94.1400
1467  	57.2646	0.5931	100.2659	9019	1	0.0000	0	0.7112	0.0111	7.7600	1	0	0	1	1	94.1400
1467	57.2646	0.5931	100.2659	6000	1	0.0000	0	0.8110	-0.0713	7.8210	1	1	0	1	1	94.1400
1476  	58.4954	0.1000	99.8758	6000	1	0.0056	0	-0.6466	-0.2976	9.3039	1	0	0	1	1	94.1400
1541  	58.4631	0.2797	99.7002	9019	1	0.0001	0	0.0323	1.1599	5.5176	1	0	0	1	1	94.1400
1541	58.4631	0.2797	99.7002	9019	1	0.0000	0	0.2426	0.4667	4.1071	1	1	0	1	1	94.1400
1563  	57.5157	-0.2464	99.9109	9019	1	0.0049	0	-0.1534	-0.3765	8.9480	1	0	0	1	1	94.1400
1564  	58.7586	0.1033	99.4512	9019	1	0.0000	0	-0.8146	-0.4460	12.9603	1	0	0	1	1	94.1400
1572  	58.2958	0.0862	99.1823	6000	1	0.0000	0	0.8724	0.7157	11.8856	1	0	0	1	1	94.1400
1574  	57.2640	0.1334	99.6279	9019	1	0.0000	0	-1.0541	-0.3032	9.1385	1	0	0	1	1	94.1400
1586  	58.0210	-0.4141	99.8901	6000	1	0.0121	0	1.0085	-0.2881	8.0658	1	0	0	1	1	94.1400
1604  	57.3014	-0.1787	99.9087	6000	1	0.0002	0	0.7725	0.0061	10.7108	1	0	0	1	1	94.1400
1604	57.3014	-0.1787	99.9087	9019	1	0.0001	0	0.4491	-0.5596	11.0924	1	1	0	1	1	94.1400
1604	57.3014	-0.1787	99.9087	6000	1	0.0007	0	0.3228	-0.5697	11.1013	1	2	0	1	1	94.1400
1610  	58.3828	-0.0121	100.6268	6000	1	0.0067	0	-0.4710	0.1936	9.6286	1	0	0	1	1	94.1400
1610	58.3828	-0.0121	100.6268	6000	1	0.0107	0	-0.7606	0.8796	9.1030	1	1	0	1	1	94.1400
1634  	57.9690	-0.5774	99.5357	9019	1	0.0006	0	-0.6725	-0.3705	11.2900	1	0	0	1	1	94.1400
1651  	58.1075	-0.0620	100.5380	6000	1	0.0005	0	0.5100	0.0976	10.9612	1	0	0	1	1	94.1400
1651	58.1075	-0.0620	100.5380	9019	1	0.0000	0	-0.0810	0.8362	5.0488	1	1	0	1	1	94.1400
1651	58.1075	-0.0620	100.5380	9019	1	0.0000	0	-0.2699	-0.2761	12.1694	1	2	0	1	1	94.1400
1702  	58.0735	-0.2828	100.7366	6000	1	0.0000	0	-0.8478	-0.3971	9.9632	1	0	0	1	1	94.1400
1702	58.0735	-0.2828	100.7366	9019	1	0.0000	0	-0.9265	-0.5469	7.3680	1	1	0	1	1	94.1400
1738  	58.7286	0.5003	99.9456	9019	1	0.0000	0	0.9699	0.5990	12.3325	1	0	0	1	1	94.1400
1758  	58.1997	-0.4556	100.1916	9019	1	0.0000	0	-0.2168	-0.5515	4.2100	1	0	0	1	1	94.1400
1758	58.1997	-0.4556	100.1916	9019	1	0.0000	0	-0.0218	-0.3239	4.1866	1	1	0	1	1	94.1400
1783  	57.8703	0.1861	100.3479	9019	1	0.0000	0	1.0416	0.2298	7.3974	1	0	0	1	1	94.1400
1788  	57.9588	0.7999	99.7752	9019	1	0.0000	0	0.2611	-0.8927	16.1934	1	0	0	1	1	94.1400
1788	57.9588	0.7999	99.7752	9019	1	0.0000	0	0.0654	-0.9221	16.2657	1	1	0	1	1	94.1400
1888  	58.2162	0.1585	100.6977	6000	1	0.0000	0	-0.0308	0.9932	11.9707	1	0	0	1	1	94.1400
1888	58.2162	0.1585	100.6977	6000	1	0.0000	0	-0.8613	0.1117	12.9373	1	1	0	1	1	94.1400
1930  	58.5638	0.6071	99.7074	6000	1	0.0000	0	0.9813	-0.1549	4.6652	1	0	0	1	1	94.1400
1930	58.5638	0.6071	99.7074	6000	1	0.0000	0	0.9890	-0.1905	4.5390	1	1	0	1	1	94.1400
1945  	58.2536	-0.3680	100.2199	9019	1	0.0000	0	0.3910	0.2577	8.4124	1	0	0	1	1	94.1400
1945	58.2536	-0.3680	100.2199	9019	1	0.0000	0	0.1651	-0.2680	8.9898	1	1	0	1	1	94.1400
1952  	57.6210	0.1242	99.7377	6000	1	0.0000	0	0.3403	-0.8185	13.7125	1	0	0	1	1	94.1400
1952	57.6210	0.1242	99.7377	6000	1	0.0000	0	0.4995	-0.9073	17.7742	1	1	0	1	1	94.1400
1972  	58.4246	-0.5468	100.4289	9019	1	0.0170	0	0.8344	0.6522	11.4356	1	0	0	1	1	94.1400
1986  	58.1995	0.1678	100.3728	9019	1	0.0002	0	-1.1722	-0.2158	9.8879	1	0	0	1	1	94.1400
2049  	58.5405	0.5282	99.7713	9019	1	0.0000	0	1.0099	0.4995	3.0412	1	0	0	1	1	94.1400
2089  	58.4411	-0.6122	99.3539	9019	1	0.0000	0	0.2796	0.7883	4.8801	1	0	0	1	1	94.1400
2096  	57.2817	0.0475	99.6754	6000	1	0.0000	0	-0.5171	-1.0133	6.8228	1	0	0	1	1	94.1400
2096	57.2817	0.0475	99.6754	9019	1	0.0039	0	-0.5458	-0.4521	6.4247	1	1	0	1	1	94.1400
2096	57.2817	0.0475	99.6754	9019	1	0.0009	0	-0.4548	-1.0870	7.1446	1	2	0	1	1	94.1400
2109  	58.9106	0.0931	100.1423	6000	1	0.0001	0	0.1410	1.1289	11.4308	1	0	0	1	1	94.1400
2112  	58.2614	-0.2642	99.2874	6000	1	0.0019	0	-0.3910	-1.0935	9.9641	1	0	0	1	1	94.1400
2118  	57.8102	0.0355	100.1895	9019	1	0.0108	0	-0.5157	0.8849	11.5779	1	0	0	1	1	94.1400
2118	57.8102	0.0355	100.1895	9019	1	0.0008	0	-0.5745	0.8872	10.9637	1	1	0	1	1	94.1400
2118	57.8102	0.0355	100.1895	9019	1	0.0080	0	-0.9085	0.6469	10.2128	1	2	0	1	1	94.1400
2118	57.8102	0.0355	100.1895	6000	1	0.0000	0	-0.2811	0.6575	7.8888	1	3	0	1	1	94.1400
2168  	58.4794	-0.2395	100.1058	9019	1	0.0111	0	0.8843	0.2209	7.6175	1	0	0	1	1	94.1400
2196  	57.0786	-0.2523	100.2527	6000	1	0.0000	0	0.5531	0.8781	6.6030	1	0	0	1	1	94.1400
2225  	57.4526	-0.3141	100.7359	9019	1	0.0000	0	-0.3740	-0.6761	10.1205	1	0	0	1	1	94.1400
2227  	57.8800	-0.3386	99.6156	6000	1	0.0000	0	-0.5874	-0.7919	12.8798	1	0	0	1	1	94.1400
2253  	58.4627	-0.0746	100.5879	6000	1	0.0000	0	0.8602	-0.5220	18.9183	1	0	0	1	1	94.1400
2291  	58.7350	0.4904	100.3922	9019	1	0.0000	0	0.3828	0.3742	8.5225	1	0	0	1	1	94.1400
2309  	57.8536	-0.8686	100.2139	9019	1	0.0002	0	0.8626	0.3841	9.2649	1	0	0	1	1	94.1400
2309	57.8536	-0.8686	100.2139	9019	1	0.0011	0	0.7930	-0.0561	9.3374	1	1	0	1	1	94.1400
2309	57.8536	-0.8686	100.2139	9019	1	0.0000	0	0.2968	0.2601	6.4323	1	2	0	1	1	94.1400
2309	57.8536	-0.8686	100.2139	9019	1	0.0000	0	0.2696	0.2492	6.4490	1	3	0	1	1	94.1400
2333  	57.6189	0.5753	100.6203	9019	1	0.0000	0	-0.1589	-0.4621	4.0996	1	0	0	1	1	94.1400
2342  	57.2134	0.1692	100.2560	6000	1	0.0000	0	0.4747	-0.6818	10.1188	1	0	0	1	1	94.1400
2342	57.2134	0.1692	100.2560	9019	1	0.0000	0	0.4485	-0.6638	10.0537	1	1	0	1	1	94.1400
2342	57.2134	0.1692	100.2560	9019	1	0.0000	0	0.5832	-0.9579	9.2331	1	2	0	1	1	94.1400
2394  	57.5047	0.2390	100.2219	9019	1	0.0000	0	1.1338	0.1916	11.0490	1	0	0	1	1	94.1400
2394	57.5047	0.2390	100.2219	9019	1	0.0000	0	1.0831	0.0770	10.9553	1	1	0	1	1	94.1400
2394	57.5047	0.2390	100.2219	6000	1	0.0000	0	1.0774	0.3419	10.9699	1	2	0	1	1	94.1400
2394	57.5047	0.2390	100.2219	9019	1	0.0000	0	0.0493	0.5926	8.0974	1	3	0	1	1	94.1400
2399  	57.4092	0.4355	99.9868	6000	1	0.0002	0	-0.1820	-0.3751	12.8645	1	0	0	1	1	94.1400
2480  	57.4430	0.3782	99.7282	6000	1	0.0000	0	0.2134	0.7801	7.3306	1	0	0	1	1	94.1400
2480	57.4430	0.3782	99.7282	6000	1	0.0000	0	0.6025	-0.1995	5.4966	1	1	0	1	1	94.1400
2563  	58.0362	-0.3224	100.8847	9019	1	0.0019	0	-0.2048	1.0597	7.5644	1	0	0	1	1	94.1400
2563	58.0362	-0.3224	100.8847	9019	1	0.0067	0	-0.2215	0.3919	7.3317	1	1	0	1	1	94.1400
2575  	58.2318	-0.2268	99.8698	6000	1	0.0000	0	-0.8424	-0.7603	17.0973	1	0	0	1	1	94.1400
2592  	57.4832	0.4878	100.5823	9019	1	0.0024	0	0.3487	-1.0362	11.6856	1	0	0	1	1	94.1400
2598  	57.7360	0.6922	100.0303	9019	1	0.0012	0	1.0050	0.4610	6.3313	1	0	0	1	1	94.1400
2598	57.7360	0.6922	100.0303	9019	1	0.0000	0	-1.1774	0.0487	3.4958	1	1	0	1	1	94.1400
2606  	57.4143	-0.1770	100.5456	9019	1	0.0131	0	0.7761	0.2873	10.0432	1	0	0	1	1	94.1400
2614  	58.1325	-0.4298	100.6213	6000	1	0.0002	0	0.4728	0.8121	8.5563	1	0	0	1	1	94.1400
2614	58.1325	-0.4298	100.6213	6000	1	0.0009	0	0.1542	1.1897	8.3118	1	1	0	1	1	94.1400
2647  	57.8608	-0.1205	99.9023	6000	1	0.0000	0	1.0267	-0.5859	4.1483	1	0	0	1	1	94.1400
2647	57.8608	-0.1205	99.9023	9019	1	0.0000	0	0.6136	-0.7519	3.8303	1	1	0	1	1	94.1400
2647	57.8608	-0.1205	99.9023	9019	1	0.0000	0	0.3390	0.4519	4.3799	1	2	0	1	1	94.1400
2663  	58.4221	-0.4726	99.4005	6000	1	0.0017	0	0.9323	-0.6725	10.8285	1	0	0	1	1	94.1400
2723  	57.8961	-0.5712	100.5304	9019	1	0.0010	0	0.3469	-0.4166	9.7377	1	0	0	1	1	94.1400
2723	57.8961	-0.5712	100.5304	9019	1	0.0065	0	-1.1150	-0.1933	10.2742	1	1	0	1	1	94.1400
2726  	57.7162	-0.5909	100.6811	6000	1	0.0000	0	-0.1780	0.0139	10.3596	1	0	0	1	1	94.1400
2726	57.7162	-0.5909	100.6811	9019	1	0.0000	0	-0.2220	-0.6703	8.4851	1	1	0	1	1	94.1400
2746  	57.9107	0.2646	99.3559	9019	1	0.0001	0	0.5314	0.1174	8.0732	1	0	0	1	1	94.1400
2756  	57.6598	-0.8300	99.6768	6000	1	0.0150	0	-0.1627	-0.5043	13.2883	1	0	0	1	1	94.1400
2756	57.6598	-0.8300	99.6768	9019	1	0.0003	0	-0.1249	-0.6350	13.2384	1	1	0	1	1	94.1400
2756	57.6598	-0.8300	99.6768	9019	1	0.0000	0	-0.9811	0.1599	13.9179	1	2	0	1	1	94.1400
2756	57.6598	-0.8300	99.6768	9019	1	0.0000	0	-0.4524	1.0594	12.1463	1	3	0	1	1	94.1400
2756	57.6598	-0.8300	99.6768	9019	1	0.0000	0	0.3196	0.6307	12.7240	1	4	0	1	1	94.1400
2801  	57.4757	0.3933	99.7777	9019	1	0.0000	0	-0.4781	0.6516	14.8652	1	0	0	1	1	94.1400
2801	57.4757	0.3933	99.7777	9019	1	0.0000	0	-0.5570	0.6197	14.6574	1	1	0	1	1	94.1400
2808  	57.9706	-0.4049	99.6148	6000	1	0.0000	0	0.8452	-0.0378	10.7951	1	0	0	1	1	94.1400
2823  	57.7722	-0.6414	100.5328	9019	1	0.0136	0	0.1078	-0.8022	11.2057	1	0	0	1	1	94.1400
2828  	58.5568	-0.2765	100.5398	6000	1	0.0000	0	0.5112	-0.4591	16.2597	1	0	0	1	1	94.1400
2828	58.5568	-0.2765	100.5398	6000	1	0.0000	0	-0.9204	-0.6057	12.1781	1	1	0	1	1	94.1400
2898  	58.7878	-0.1037	99.9007	9019	1	0.0005	0	-0.3028	0.3529	8.1347	1	0	0	1	1	94.1400
2898	58.7878	-0.1037	99.9007	9019	1	0.0006	0	-0.6425	-0.1077	7.4665	1	1	0	1	1	94.1400
2898	58.7878	-0.1037	99.9007	9019	1	0.0000	0	-0.2155	-0.1700	0.6804	1	2	0	1	1	94.1400
2898	58.7878	-0.1037	99.9007	9019	1	0.0000	0	0.0069	-0.1007	0.4282	1	3	0	1	1	94.1400
2928  	58.1655	-0.2729	100.4572	6000	1	0.0000	0	0.0053	-0.4778	10.2428	1	0	0	1	1	94.1400
2928	58.1655	-0.2729	100.4572	9019	1	0.0000	0	-0.7891	-0.8438	13.8299	1	1	0	1	1	94.1400
2928	58.1655	-0.2729	100.4572	9019	1	0.0000	0	0.5653	-0.8158	11.1435	1	2	0	1	1	94.1400
2940  	58.1969	0.2227	99.1509	9019	1	0.0010	0	0.1540	0.2154	8.2067	1	0	0	1	1	94.1400
2947  	57.7649	0.3990	99.2558	6000	1	0.0000	0	0.6791	-0.6107	11.4553	1	0	0	1	1	94.1400
3036  	58.6212	-0.5275	100.5034	9019	1	0.0009	0	-0.3790	-0.1056	9.3829	1	0	0	1	1	94.1400
3100  	58.6365	0.4153	99.4751	9019	1	0.0000	0	-1.1345	0.3789	6.8778	1	0	0	1	1	94.1400
3100	58.6365	0.4153	99.4751	9019	1	0.0000	0	-0.5856	-0.5007	7.1943	1	1	0	1	1	94.1400
3223  	57.6200	-0.2907	99.2644	9019	1	0.0000	0	0.3167	-0.4940	8.8733	1	0	0	1	1	94.1400
3243  	57.8924	0.8874	99.8976	6000	1	0.0000	0	-0.2731	0.1598	5.5791	1	0	0	1	1	94.1400
3243	57.8924	0.8874	99.8976	9019	1	0.0000	0	-0.9525	-0.3211	5.4434	1	1	0	1	1	94.1400
3287  	58.4615	-0.5255	99.7513	9019	1	0.0131	0	-0.4233	1.1192	6.1768	1	0	0	1	1	94.1400
3299  	57.8774	0.3789	100.8673	9019	1	0.0000	0	-0.5877	-0.7178	10.6961	1	0	0	1	1	94.1400
3299	57.8774	0.3789	100.8673	9019	1	0.0000	0	-0.4648	-0.5511	10.6764	1	1	0	1	1	94.1400
3301  	58.1018	-0.7864	99.9459	6000	1	0.0000	0	0.8848	-0.6675	9.4827	1	0	0	1	1	94.1400
3330  	58.7137	-0.0340	100.5823	9019	1	0.0111	0	0.7843	0.5116	7.8666	1	0	0	1	1	94.1400
3330	58.7137	-0.0340	100.5823	9019	1	0.0090	0	0.7376	0.1535	8.0840	1	1	0	1	1	94.1400
3337  	58.5858	0.2073	99.3279	9019	1	0.0126	0	-0.2410	0.8612	9.0781	1	0	0	1	1	94.1400
3352  	57.9456	-0.9641	99.8770	9019	1	0.0037	0	0.4302	-0.9992	8.9728	1	0	0	1	1	94.1400
3352	57.9456	-0.9641	99.8770	6000	1	0.0069	0	0.4299	-0.9990	8.9727	1	1	0	1	1	94.1400
3396  	58.1653	-0.0818	99.4208	9019	1	0.0086	0	-0.0989	-0.3037	13.4539	1	0	0	1	1	94.1400
3396	58.1653	-0.0818	99.4208	9019	1	0.0096	0	-0.6714	0.4618	12.5981	1	1	0	1	1	94.1400
3404  	58.4630	-0.2284	99.8863	6000	1	0.0000	0	-0.1156	0.9653	12.1832	1	0	0	1	1	94.1400
3404	58.4630	-0.2284	99.8863	9019	1	0.0000	0	-0.0158	0.8515	12.2425	1	1	0	1	1	94.1400
3414  	57.4247	0.6428	100.4083	6000	1	0.0041	0	0.6628	-0.8682	10.7540	1	0	0	1	1	94.1400
3418  	57.3410	-0.4180	100.4716	9019	1	0.0164	0	0.6378	-0.5421	6.6240	1	0	0	1	1	94.1400
3427  	57.2715	-0.0940	99.9934	6000	1	0.0000	0	-0.7345	0.1431	6.0861	1	0	0	1	1	94.1400
3427	57.2715	-0.0940	99.9934	9019	1	0.0000	0	0.7033	-0.1285	3.9055	1	1	0	1	1	94.1400
3432  	58.5487	0.1706	100.1385	6000	1	0.0000	0	0.1899	0.2284	5.5673	1	0	0	1	1	94.1400
3445  	58.6040	0.2037	99.6948	9019	1	0.0001	0	-0.7865	-0.1448	9.5682	1	0	0	1	1	94.1400
3445	58.6040	0.2037	99.6948	9019	1	0.0001	0	0.3548	-0.5897	10.1943	1	1	0	1	1	94.1400
3457  	57.5590	-0.0464	99.5305	9019	1	0.0005	0	0.5662	0.7855	14.0881	1	0	0	1	1	94.1400
3457	57.5590	-0.0464	99.5305	6000	1	0.0000	0	0.7503	-0.8602	15.3925	1	1	0	1	1	94.1400
3505  	57.2694	-0.2385	100.4354	9019	1	0.0004	0	-0.7431	-0.7053	7.7156	1	0	0	1	1	94.1400
3605  	57.8123	-0.2804	99.8497	9019	1	0.0000	0	-0.8870	0.2218	11.9641	1	0	0	1	1	94.1400
3605	57.8123	-0.2804	99.8497	6000	1	0.0000	0	1.1772	-0.2074	12.5208	1	1	0	1	1	94.1400
3605	57.8123	-0.2804	99.8497	9019	1	0.0000	0	-0.5738	-0.4596	11.4704	1	2	0	1	1	94.1400
3620  	57.9827	0.0247	100.8173	6000	1	0.0006	0	-0.4568	-1.1004	5.6450	1	0	0	1	1	94.1400
3659  	58.2452	0.1765	99.9825	6000	1	0.0012	0	-0.2267	0.7196	11.2036	1	0	0	1	1	94.1400
3744  	58.2031	0.3415	99.0909	6000	1	0.0000	0	0.5055	0.3297	5.5194	1	0	0	1	1	94.1400
3744	58.2031	0.3415	99.0909	6000	1	0.0000	0	-0.5095	-0.1466	2.0542	1	1	0	1	1	94.1400
3763  	57.5815	-0.2857	99.2357	9019	1	0.0051	0	-0.7580	-0.2759	7.8560	1	0	0	1	1	94.1400
3763	57.5815	-0.2857	99.2357	9019	1	0.0018	0	-1.0315	-0.0511	5.7053	1	1	0	1	1	94.1400
3775  	57.2853	-0.0645	100.5292	6000	1	0.0000	0	0.6202	0.5743	6.6443	1	0	0	1	1	94.1400
3844  	57.9584	0.7522	100.2137	9019	1	0.0046	0	-0.1490	0.7947	8.5295	1	0	0	1	1	94.1400
3861  	58.8691	0.3982	99.9257	9019	1	0.0000	0	-0.1491	0.8323	12.9338	1	0	0	1	1	94.1400
3861	58.8691	0.3982	99.9257	9019	1	0.0000	0	-0.8842	-0.7835	16.9167	1	1	0	1	1	94.1400
3893  	57.2749	-0.4413	99.7982	9019	1	0.0088	0	-0.6036	-0.7620	7.3135	1	0	0	1	1	94.1400
3893	57.2749	-0.4413	99.7982	9019	1	0.0012	0	-0.4275	-0.4362	6.8105	1	1	0	1	1	94.1400
3893	57.2749	-0.4413	99.7982	9019	1	0.0108	0	-0.3210	0.3435	0.3905	1	2	0	1	1	94.1400
3968  	57.4287	0.3148	99.5356	9019	1	0.0038	0	0.7696	0.3146	7.4817	1	0	0	1	1	94.1400
3975  	58.3112	-0.2415	100.3722	6000	1	0.0087	0	-0.0838	1.1125	11.1283	1	0	0	1	1	94.1400
4005  	57.0700	-0.2232	100.2862	9019	1	0.0001	0	-0.7570	0.4369	7.6736	1	0	0	1	1	94.1400
4020  	58.6183	-0.1976	100.4974	9019	1	0.0000	0	-0.1422	0.0790	9.6562	1	0	0	1	1	94.1400
4020	58.6183	-0.1976	100.4974	6000	1	0.0000	0	0.0634	0.3439	9.9198	1	1	0	1	1	94.1400
4035  	58.0221	-0.1096	100.0884	9019	1	0.0000	0	-0.4845	-0.8903	5.7940	1	0	0	1	1	94.1400
4046  	58.2789	0.1745	100.0809	6000	1	0.0186	0	1.0931	0.0375	10.0006	1	0	0	1	1	94.1400
4055  	57.5411	0.1708	99.3289	9019	1	0.0000	0	0.3457	-1.0057	12.3039	1	0	0	1	1	94.1400
4060  	58.1183	-0.5241	100.6971	9019	1	0.0000	0	-0.9490	-0.1478	11.0343	1	0	0	1	1	94.1400
4072  	58.4680	-0.1557	99.2235	9019	1	0.0000	0	0.9803	-0.0809	10.2679	1	0	0	1	1	94.1400
4072	58.4680	-0.1557	99.2235	9019	1	0.0000	0	1.0487	0.1787	10.0493	1	1	0	1	1	94.1400
4133  	57.6772	0.5729	99.9560	6000	1	0.0004	0	-0.1337	0.7813	8.2426	1	0	0	1	1	94.1400
4133	57.6772	0.5729	99.9560	9019	1	0.0000	0	-0.9333	-0.0926	7.3034	1	1	0	1	1	94.1400
4137  	58.1077	-0.4757	100.1073	9019	1	0.0067	0	-0.5664	-0.5247	6.4956	1	0	0	1	1	94.1400
4165  	57.7590	0.4435	100.3783	9019	1	0.0001	0	0.1726	-0.5863	14.6425	1	0	0	1	1	94.1400
4165	57.7590	0.4435	100.3783	9019	1	0.0000	0	0.2382	-0.5352	12.2315	1	1	0	1	1	94.1400
4175  	57.9932	0.0706	100.9438	9019	1	0.0003	0	-0.0750	0.4179	7.5721	1	0	0	1	1	94.1400
4193  	58.0141	-0.4328	100.4353	9019	1	0.0000	0	0.6817	-0.9174	5.8465	1	0	0	1	1	94.1400
4193	58.0141	-0.4328	100.4353	6000	1	0.0000	0	0.9782	-0.5390	6.3624	1	1	0	1	1	94.1400
4231  	58.1514	-0.2510	100.2305	9019	1	0.0000	0	-0.3533	0.5235	10.0655	1	0	0	1	1	94.1400
4247  	58.8278	-0.1621	99.9367	9019	1	0.0001	0	0.5103	-0.4853	8.9685	1	0	0	1	1	94.1400
4247	58.8278	-0.1621	99.9367	9019	1	0.0002	0	-0.4072	-0.0163	10.0771	1	1	0	1	1	94.1400
4247	58.8278	-0.1621	99.9367	6000	1	0.0001	0	-0.3331	0.1841	10.0262	1	2	0	1	1	94.1400
4247	58.8278	-0.1621	99.9367	9019	1	0.0002	0	-0.4504	0.3404	9.9485	1	3	0	1	1	94.1400
4263  	57.9838	0.3108	100.1323	6000	1	0.0184	0	-0.0808	0.5421	8.9800	1	0	0	1	1	94.1400
4280  	57.8457	0.1800	99.4683	9019	1	0.0000	0	0.3842	1.1348	3.8589	1	0	0	1	1	94.1400
4280	57.8457	0.1800	99.4683	9019	1	0.0000	0	0.4244	1.0666	3.8943	1	1	0	1	1	94.1400
4280	57.8457	0.1800	99.4683	9019	1	0.0000	0	0.4255	1.0053	4.0097	1	2	0	1	1	94.1400
4311  	58.3262	0.1017	100.6332	9019	1	0.0000	0	0.7859	-0.5501	6.3265	1	0	0	1	1	94.1400
4318  	57.7117	0.4681	100.6673	6000	1	0.0000	0	0.4849	0.8747	8.7096	1	0	0	1	1	94.1400
4355  	58.4112	-0.3145	99.7867	9019	1	0.0000	0	1.1535	0.0620	10.1424	1	0	0	1	1	94.1400
4377  	58.5992	0.4215	99.6857	9019	1	0.0000	0	0.4328	0.0049	10.2184	1	0	0	1	1	94.1400
4390  	58.0600	-0.6786	100.4878	9019	1	0.0000	0	-0.7896	0.6730	17.6971	1	0	0	1	1	94.1400
4390	58.0600	-0.6786	100.4878	9019	1	0.0000	0	-0.4739	0.6093	17.6472	1	1	0	1	1	94.1400
4390	58.0600	-0.6786	100.4878	9019	1	0.0000	0	-0.3118	0.4277	17.8159	1	2	0	1	1	94.1400
4412  	58.5204	0.0364	100.2028	9019	1	0.0029	0	-0.4115	-0.6891	14.0286	1	0	0	1	1	94.1400
4412	58.5204	0.0364	100.2028	9019	1	0.0017	0	-0.3975	-0.5055	14.8780	1	1	0	1	1	94.1400
4424  	58.0639	-0.2341	100.8535	9019	1	0.0002	0	0.5869	-0.9648	12.0360	1	0	0	1	1	94.1400
4424	58.0639	-0.2341	100.8535	9019	1	0.0000	0	0.6831	0.5822	12.6346	1	1	0	1	1	94.1400
4424	58.0639	-0.2341	100.8535	9019	1	0.0000	0	-0.2640	-1.0669	9.5755	1	2	0	1	1	94.1400
4475  	58.2567	-0.1214	100.4671	9019	1	0.0000	0	-0.3081	1.1318	18.4803	1	0	0	1	1	94.1400
4495  	57.3903	-0.1753	99.8580	9019	1	0.0119	0	0.3832	0.0387	12.0633	1	0	0	1	1	94.1400
4495	57.3903	-0.1753	99.8580	9019	1	0.0023	0	0.3875	-0.4391	11.5543	1	1	0	1	1	94.1400
4503  	58.2261	-0.2943	99.9484	6000	1	0.0016	0	0.6537	0.2895	10.4994	1	0	0	1	1	94.1400
4538  	57.3309	-0.3252	100.5433	9019	1	0.0000	0	1.0633	0.1100	3.7669	1	0	0	1	1	94.1400
4538	57.3309	-0.3252	100.5433	6000	1	0.0000	0	1.0499	0.0219	2.7246	1	1	0	1	1	94.1400
4568  	58.3252	-0.7799	99.6523	9019	1	0.0029	0	0.8902	0.4484	9.0610	1	0	0	1	1	94.1400
4673  	58.6505	0.5987	100.1278	9019	1	0.0000	0	0.3797	-0.1867	18.1334	1	0	0	1	1	94.1400
4740  	57.4876	-0.8223	100.2023	9019	1	0.0000	0	0.1475	0.5431	14.4397	1	0	0	1	1	94.1400
4785  	58.3424	-0.5998	99.6289	6000	1	0.0000	0	0.3475	-1.0702	5.9061	1	0	0	1	1	94.1400
4800  	57.2589	-0.2509	99.9705	9019	1	0.0000	0	1.0438	0.4886	14.6837	1	0	0	1	1	94.1400
4800	57.2589	-0.2509	99.9705	9019	1	0.0000	0	0.9890	0.4718	14.7737	1	1	0	1	1	94.1400
4830  	57.9818	-0.9624	100.2310	9019	1	0.0001	0	-0.0340	-0.2793	10.6738	1	0	0	1	1	94.1400
4830	57.9818	-0.9624	100.2310	9019	1	0.0001	0	0.3723	-0.7832	13.0308	1	1	0	1	1	94.1400
4854  	57.5587	-0.3530	99.7244	9019	1	0.0100	0	-0.5065	0.5518	7.4995	1	0	0	1	1	94.1400
4862  	57.9018	-0.1791	100.1845	9019	1	0.0125	0	0.9044	0.0040	6.7997	1	0	0	1	1	94.1400
4862	57.9018	-0.1791	100.1845	9019	1	0.0124	0	0.9317	-0.0088	6.7806	1	1	0	1	1	94.1400
4865  	57.5631	-0.3065	99.5603	9019	1	0.0002	0	0.7591	-0.7325	11.3998	1	0	0	1	1	94.1400
4869  	58.4725	-0.1157	99.1703	9019	1	0.0000	0	0.9080	0.3715	9.6277	1	0	0	1	1	94.1400
4869	58.4725	-0.1157	99.1703	9019	1	0.0000	0	0.9228	0.0605	9.7438	1	1	0	1	1	94.1400
4871  	58.7529	-0.0334	99.3920	9019	1	0.0000	0	0.9829	-0.0929	4.9591	1	0	0	1	1	94.1400
4898  	58.2251	0.4783	99.6691	9019	1	0.0000	0	-0.9469	-0.0209	14.6131	1	0	0	1	1	94.1400
4906  	58.4615	0.4088	99.2856	6000	1	0.0000	0	0.9654	0.4066	9.0593	1	0	0	1	1	94.1400
4934  	58.2798	0.2190	100.3306	9019	1	0.0000	0	0.3910	-1.0278	14.6238	1	0	0	1	1	94.1400
4944  	57.4817	0.4004	99.9363	9019	1	0.0074	0	0.5765	-0.8040	7.7986	1	0	0	1	1	94.1400
4998  	58.6841	-0.3581	99.4612	9019	1	0.0068	0	-0.2568	-1.0978	9.4550	1	0	0	1	1	94.1400
5033  	57.8109	-0.1091	100.2089	9019	1	0.0001	0	0.2575	-0.5687	6.7638	1	0	0	1	1	94.1400
5120  	58.4364	-0.2829	99.9638	9019	1	0.0007	0	-0.2888	0.0464	10.4558	1	0	0	1	1	94.1400
5121  	58.7363	-0.1743	99.7354	9019	1	0.0001	0	-0.0436	0.0178	7.1207	1	0	0	1	1	94.1400
5128  	57.3111	0.0752	99.5608	9019	1	0.0000	0	0.7276	-0.2771	5.2682	1	0	0	1	1	94.1400
5146  	57.2926	-0.2008	100.0664	9019	1	0.0000	0	0.3950	-0.8843	9.1374	1	0	0	1	1	94.1400
5153  	57.5502	-0.8011	100.3131	9019	1	0.0000	0	0.2086	0.4985	18.4133	1	0	0	1	1	94.1400
5153	57.5502	-0.8011	100.3131	9019	1	0.0000	0	0.3553	0.5136	18.4666	1	1	0	1	1	94.1400
5170  	57.7947	0.1111	100.4869	9019	1	0.0000	0	0.8863	-0.0924	11.2829	1	0	0	1	1	94.1400
5195  	58.2118	0.5353	100.4500	9019	1	0.0001	0	0.5382	-0.9435	5.0710	1	0	0	1	1	94.1400
5198  	58.5481	0.4410	100.1983	9019	1	0.0000	0	0.8538	-0.6182	10.5702	1	0	0	1	1	94.1400
5243  	58.2116	-0.3886	99.7613	9019	1	0.0000	0	1.1614	-0.2147	18.2143	1	0	0	1	1	94.1400
5245  	58.1701	-0.0511	100.3216	9019	1	0.0000	0	-0.6084	-0.9496	13.0686	1	0	0	1	1	94.1400
5247  	58.3387	0.3029	100.3831	9019	1	0.0002	0	0.3885	-0.4136	10.0482	1	0	0	1	1	94.1400
5267  	57.7244	-0.6637	100.5241	9019	1	0.0000	0	-0.8960	0.6931	9.4730	1	0	0	1	1	94.1400
5274  	58.3032	-0.6343	100.3157	9019	1	0.0001	0	0.4907	-0.8745	3.2446	1	0	0	1	1	94.1400
5289  	57.9308	0.0428	100.3484	9019	1	0.0022	0	-0.7930	-0.0265	8.9842	1	0	0	1	1	94.1400
5289	57.9308	0.0428	100.3484	9019	1	0.0005	0	-0.8167	-0.0389	8.6611	1	1	0	1	1	94.1400
5345  	57.9275	-0.1829	100.9647	9019	1	0.0007	0	-0.7729	0.8892	12.8950	1	0	0	1	1	94.1400
5346  	58.8416	-0.1777	99.5779	9019	1	0.0000	0	0.8380	0.6425	10.8589	1	0	0	1	1	94.1400
5346	58.8416	-0.1777	99.5779	9019	1	0.0000	0	0.1888	0.9079	12.3408	1	1	0	1	1	94.1400
5346	58.8416	-0.1777	99.5779	9019	1	0.0000	0	-0.0347	1.1040	11.3863	1	2	0	1	1	94.1400
5416  	57.6006	-0.2312	99.6575	6000	1	0.0000	0	0.4590	0.4982	7.4179	1	0	0	1	1	94.1400
5455  	58.4186	-0.2755	100.4959	9019	1	0.0000	0	0.4096	-0.0427	16.0628	1	0	0	1	1	94.1400
5455	58.4186	-0.2755	100.4959	9019	1	0.0000	0	-0.2006	-0.0994	15.5614	1	1	0	1	1	94.1400
5455	58.4186	-0.2755	100.4959	9019	1	0.0000	0	0.3723	-0.4081	14.8438	1	2	0	1	1	94.1400
5479  	58.5095	-0.4385	100.0982	9019	1	0.0001	0	0.5747	-0.1005	6.9405	1	0	0	1	1	94.1400
5479	58.5095	-0.4385	100.0982	6000	1	0.0002	0	0.2753	0.9956	7.3160	1	1	0	1	1	94.1400
5494  	58.6338	-0.5531	99.5326	9019	1	0.0022	0	-0.0516	-0.5210	13.8109	1	0	0	1	1	94.1400
5494	58.6338	-0.5531	99.5326	9019	1	0.0006	0	-0.0556	0.5936	14.2081	1	1	0	1	1	94.1400
5494	58.6338	-0.5531	99.5326	9019	1	0.0020	0	-0.8694	0.5489	15.5074	1	2	0	1	1	94.1400
5494	58.6338	-0.5531	99.5326	9019	1	0.0001	0	-0.1947	-0.1712	13.0437	1	3	0	1	1	94.1400
5494	58.6338	-0.5531	99.5326	9019	1	0.0000	0	0.2806	-0.1530	12.1897	1	4	0	1	1	94.1400
5511  	57.1492	0.3606	100.2758	6000	1	0.0000	0	-0.3392	0.4612	3.4900	1	0	0	1	1	94.1400
5511	57.1492	0.3606	100.2758	9019	1	0.0000	0	-0.4106	0.0465	3.9525	1	1	0	1	1	94.1400
5511	57.1492	0.3606	100.2758	9019	1	0.0000	0	-0.0684	-1.1337	3.3904	1	2	0	1	1	94.1400
5515  	58.0993	-0.4020	100.3622	9019	1	0.0002	0	-1.0011	0.0597	14.7963	1	0	0	1	1	94.1400
5515	58.0993	-0.4020	100.3622	6000	1	0.0001	0	-0.8562	-0.2717	13.8129	1	1	0	1	1	94.1400
5527  	57.2663	-0.3920	99.9320	6000	1	0.0000	0	0.2816	-0.5764	10.0993	1	0	0	1	1	94.1400
5527	57.2663	-0.3920	99.9320	9019	1	0.0000	0	0.2636	-0.6393	10.2148	1	1	0	1	1	94.1400
5527	57.2663	-0.3920	99.9320	6000	1	0.0000	0	0.3857	-0.6297	10.2487	1	2	0	1	1	94.1400
5533  	58.2608	0.5417	100.3922	6000	1	0.0000	0	-0.8876	0.0513	12.7648	1	0	0	1	1	94.1400
5552  	57.6415	0.2437	100.0364	9019	1	0.0000	0	-0.0778	0.8124	14.9581	1	0	0	1	1	94.1400
5552	57.6415	0.2437	100.0364	6000	1	0.0000	0	-0.1316	0.0109	12.9978	1	1	0	1	1	94.1400
5562  	57.7732	0.2674	99.4255	9019	1	0.0052	0	0.9575	0.4078	7.6176	1	0	0	1	1	94.1400
5562	57.7732	0.2674	99.4255	6000	1	0.0003	0	0.8027	-0.2542	6.2727	1	1	0	1	1	94.1400
5562	57.7732	0.2674	99.4255	9019	1	0.0054	0	-0.4032	0.6942	5.5637	1	2	0	1	1	94.1400
5570  	57.9509	-0.6640	100.3109	9019	1	0.0000	0	0.5085	0.2468	10.9330	1	0	0	1	1	94.1400
5583  	57.9705	-0.1636	100.1356	9019	1	0.0000	0	0.8567	0.8163	12.0432	1	0	0	1	1	94.1400
5584  	57.7944	0.2757	100.3959	9019	1	0.0014	0	0.5814	-0.3148	7.4687	1	0	0	1	1	94.1400
5584	57.7944	0.2757	100.3959	9019	1	0.0031	0	-0.1752	-0.0099	7.3554	1	1	0	1	1	94.1400
5584	57.7944	0.2757	100.3959	6000	1	0.0073	0	-0.3379	0.3337	7.4374	1	2	0	1	1	94.1400
5623  	57.1539	0.0471	99.9167	9019	1	0.0076	0	-0.4477	-0.9141	12.9105	1	0	0	1	1	94.1400
5623	57.1539	0.0471	99.9167	9019	1	0.0002	0	0.8315	-0.3206	11.3406	1	1	0	1	1	94.1400
5623	57.1539	0.0471	99.9167	6000	1	0.0020	0	1.1290	0.2527	11.1691	1	2	0	1	1	94.1400
5661  	57.2233	0.0240	99.5552	9019	1	0.0000	0	0.7325	-0.3868	13.4115	1	0	0	1	1	94.1400
5665  	57.8966	-0.0629	100.9836	6000	1	0.0000	0	-0.4473	0.4551	7.0857	1	0	0	1	1	94.1400
5731  	57.7298	-0.2688	99.8740	9019	1	0.0112	0	-0.3572	-0.6121	7.5156	1	0	0	1	1	94.1400
5731	57.7298	-0.2688	99.8740	6000	1	0.0049	0	-0.4216	-0.5920	7.8441	1	1	0	1	1	94.1400
5731	57.7298	-0.2688	99.8740	9019	1	0.0044	0	-0.4295	-0.6452	7.8928	1	2	0	1	1	94.1400
5753  	57.2801	0.2630	100.5021	9019	1	0.0000	0	-0.3160	-0.3854	8.3344	1	0	0	1	1	94.1400
5757  	58.6491	0.0600	99.3608	9019	1	0.0002	0	0.9561	-0.0851	4.6771	1	0	0	1	1	94.1400
5765  	57.8926	0.4042	100.5083	9019	1	0.0003	0	0.6249	-0.8626	9.2871	1	0	0	1	1	94.1400
5772  	57.9781	0.8728	100.3113	6000	1	0.0003	0	0.9579	-0.5956	8.6522	1	0	0	1	1	94.1400
5797  	58.5148	0.1911	100.3773	9019	1	0.0062	0	0.7976	-0.6578	9.5569	1	0	0	1	1	94.1400
5813  	58.2702	0.3421	99.2708	9019	1	0.0000	0	-0.1326	-0.8908	13.5024	1	0	0	1	1	94.1400
5871  	57.5707	0.8900	99.9169	9019	1	0.0051	0	0.4658	-0.8557	13.3022	1	0	0	1	1	94.1400
5871	57.5707	0.8900	99.9169	9019	1	0.0056	0	0.4538	-0.0100	14.7055	1	1	0	1	1	94.1400
5899  	58.3093	-0.1199	100.0169	6000	1	0.0000	0	1.0256	0.2478	12.3075	1	0	0	1	1	94.1400
5907  	57.4904	-0.2858	100.3158	6000	1	0.0000	0	0.2257	0.7978	2.7113	1	0	0	1	1	94.1400
5955  	57.0868	-0.1709	100.2225	9019	1	0.0006	0	0.3745	1.1153	7.8276	1	0	0	1	1	94.1400
5955	57.0868	-0.1709	100.2225	9019	1	0.0013	0	0.2918	1.0472	8.0455	1	1	0	1	1	94.1400
5955	57.0868	-0.1709	100.2225	9019	1	0.0010	0	0.1634	0.9081	7.5421	1	2	0	1	1	94.1400
5955	57.0868	-0.1709	100.2225	9019	1	0.0009	0	0.0785	0.8889	7.7757	1	3	0	1	1	94.1400
5963  	57.9949	-0.7260	99.5760	9019	1	0.0000	0	0.9161	0.3207	3.7258	1	0	0	1	1	94.1400
5983  	57.8599	-0.1318	100.6972	9019	1	0.0013	0	0.6535	-0.6542	10.4158	1	0	0	1	1	94.1400
5983	57.8599	-0.1318	100.6972	6000	1	0.0007	0	0.8782	0.0759	10.9600	1	1	0	1	1	94.1400
6062  	57.4271	-0.0100	99.9194	9019	1	0.0000	0	0.0083	-1.0433	11.2344	1	0	0	1	1	94.1400
6062	57.4271	-0.0100	99.9194	9019	1	0.0000	0	0.0590	-1.0081	11.2181	1	1	0	1	1	94.1400
6074  	57.4281	-0.6796	100.1587	6000	1	0.0000	0	0.3253	-1.1215	10.2272	1	0	0	1	1	94.1400
6074	57.4281	-0.6796	100.1587	9019	1	0.0000	0	-0.2589	-0.8356	9.9745	1	1	0	1	1	94.1400
6141  	57.8222	-0.2682	99.8562	9019	1	0.0003	0	-0.5987	0.9034	6.1387	1	0	0	1	1	94.1400
6141	57.8222	-0.2682	99.8562	6000	1	0.0008	0	-0.0398	0.4840	5.0845	1	1	0	1	1	94.1400
6144  	57.6957	-0.5495	100.4031	9019	1	0.0000	0	0.4993	-0.3771	14.3823	1	0	0	1	1	94.1400
6144	57.6957	-0.5495	100.4031	6000	1	0.0000	0	-0.5443	-1.0189	14.6483	1	1	0	1	1	94.1400
6144	57.6957	-0.5495	100.4031	6000	1	0.0000	0	-0.5629	-1.0418	14.6374	1	2	0	1	1	94.1400
6164  	58.1503	0.3938	99.3266	9019	1	0.0000	0	0.6787	-0.8024	7.1189	1	0	0	1	1	94.1400
6164	58.1503	0.3938	99.3266	9019	1	0.0000	0	0.6770	-0.8010	7.1251	1	1	0	1	1	94.1400
6164	58.1503	0.3938	99.3266	9019	1	0.0000	0	1.0541	-0.4067	5.9232	1	2	0	1	1	94.1400
6165  	58.0505	-0.1137	99.6008	9019	1	0.0005	0	-0.0737	0.8028	13.2241	1	0	0	1	1	94.1400
6165	58.0505	-0.1137	99.6008	9019	1	0.0102	0	-0.6032	0.7029	13.6723	1	1	0	1	1	94.1400
6206  	57.8804	-0.8180	100.4868	9019	1	0.0002	0	-0.1204	-0.4493	5.5346	1	0	0	1	1	94.1400
6212  	58.3529	-0.8057	100.1006	9019	1	0.0000	0	-0.6198	-0.0744	13.7003	1	0	0	1	1	94.1400
6294  	58.7717	-0.4022	100.4905	6000	1	0.0004	0	-0.6762	0.5264	14.7534	1	0	0	1	1	94.1400
6300  	58.4950	0.6712	99.7226	9019	1	0.0032	0	0.6404	0.2330	11.0697	1	0	0	1	1	94.1400
6300	58.4950	0.6712	99.7226	9019	1	0.0123	0	0.5873	0.2926	11.1261	1	1	0	1	1	94.1400
6354  	58.0406	-0.2294	99.7776	9019	1	0.0000	0	-0.2541	0.2902	3.7576	1	0	0	1	1	94.1400
6354	58.0406	-0.2294	99.7776	9019	1	0.0000	0	-0.8770	-0.1285	3.7743	1	1	0	1	1	94.1400
6360  	57.5058	0.1314	100.2100	9019	1	0.0001	0	0.0975	-0.6206	6.0719	1	0	0	1	1	94.1400
6381  	57.6837	-0.1859	99.6031	9019	1	0.0000	0	-1.0532	-0.1151	6.2071	1	0	0	1	1	94.1400
6432  	58.3292	0.3978	99.9828	6000	1	0.0013	0	0.0608	-0.3857	6.9186	1	0	0	1	1	94.1400
6432	58.3292	0.3978	99.9828	9019	1	0.0000	0	0.8576	0.6493	7.0404	1	1	0	1	1	94.1400
6476  	57.6923	-0.1788	100.0170	9019	1	0.0170	0	0.7596	-0.3952	12.0477	1	0	0	1	1	94.1400
6479  	57.7689	-0.8641	99.8432	9019	1	0.0001	0	-0.6047	-0.6273	10.9549	1	0	0	1	1	94.1400
6497  	58.1747	-0.0266	99.4293	9019	1	0.0000	0	0.0473	0.6043	8.0147	1	0	0	1	1	94.1400
6554  	57.9330	-0.9392	100.2492	9019	1	0.0000	0	0.5497	-0.7121	6.4384	1	0	0	1	1	94.1400
6554	57.9330	-0.9392	100.2492	9019	1	0.0000	0	-0.7175	0.9361	7.4615	1	1	0	1	1	94.1400
6554	57.9330	-0.9392	100.2492	9019	1	0.0000	0	0.2694	-0.1284	8.1078	1	2	0	1	1	94.1400
6554	57.9330	-0.9392	100.2492	9019	1	0.0000	0	0.5479	0.6026	7.8295	1	3	0	1	1	94.1400
6580  	57.3977	0.0308	100.1389	6000	1	0.0008	0	0.3243	-0.8395	8.8784	1	0	0	1	1	94.1400
6603  	58.6377	0.5759	99.9184	9019	1	0.0000	0	0.5777	0.7441	9.3689	1	0	0	1	1	94.1400
6603	58.6377	0.5759	99.9184	9019	1	0.0000	0	0.5034	0.7888	8.8837	1	1	0	1	1	94.1400
6618  	57.8126	-0.5774	100.7303	9019	1	0.0000	0	1.0930	0.4573	11.7326	1	0	0	1	1	94.1400
6636  	58.2683	-0.1450	99.1904	9019	1	0.0000	0	-0.1579	0.0093	11.1239	1	0	0	1	1	94.1400
6636	58.2683	-0.1450	99.1904	6000	1	0.0000	0	0.6862	0.4374	7.8566	1	1	0	1	1	94.1400
6636	58.2683	-0.1450	99.1904	9019	1	0.0000	0	0.7100	0.5009	7.9002	1	2	0	1	1	94.1400
6662  	57.7841	0.5470	99.2082	6000	1	0.0000	0	0.4617	-0.0396	11.0777	1	0	0	1	1	94.1400
6684  	58.0190	0.7037	100.7056	9019	1	0.0000	0	-0.0002	-0.3880	2.5686	1	0	0	1	1	94.1400
6684	58.0190	0.7037	100.7056	6000	1	0.0000	0	-0.7186	0.9449	0.0520	1	1	0	1	1	94.1400
6684	58.0190	0.7037	100.7056	9019	1	0.0000	0	-1.1031	0.1705	0.4609	1	2	0	1	1	94.1400
6705  	57.9222	-0.1117	99.3113	9019	1	0.0152	0	-0.8535	-0.5425	10.2307	1	0	0	1	1	94.1400
6714  	58.3369	-0.6730	100.5030	9019	1	0.0039	0	1.1605	-0.1437	8.1405	1	0	0	1	1	94.1400
6809  	58.2180	-0.2975	100.7881	6000	1	0.0000	0	0.6718	0.2969	7.8377	1	0	0	1	1	94.1400
6825  	57.4097	0.2728	99.5625	9019	1	0.0000	0	-0.9826	-0.1014	5.9781	1	0	0	1	1	94.1400
6825	57.4097	0.2728	99.5625	9019	1	0.0000	0	-0.1257	-0.9091	4.4084	1	1	0	1	1	94.1400
6825	57.4097	0.2728	99.5625	9019	1	0.0000	0	-0.7966	-0.6791	3.9142	1	2	0	1	1	94.1400
6836  	57.8136	-0.6270	99.8943	9019	1	0.0000	0	-0.0051	-0.5997	17.1944	1	0	0	1	1	94.1400
6836	57.8136	-0.6270	99.8943	9019	1	0.0000	0	0.1604	-0.3492	17.1398	1	1	0	1	1	94.1400
6841  	57.0557	-0.0358	100.3123	9019	1	0.0000	0	0.1613	1.1634	8.3392	1	0	0	1	1	94.1400
6841	57.0557	-0.0358	100.3123	9019	1	0.0000	0	0.0654	1.1829	6.2865	1	1	0	1	1	94.1400
6841	57.0557	-0.0358	100.3123	6000	1	0.0000	0	-0.1735	0.4845	1.0137	1	2	0	1	1	94.1400
6999  	58.4202	0.3191	99.8142	9019	1	0.0000	0	-0.5700	0.1352	16.9728	1	0	0	1	1	94.1400
7007  	57.3023	0.2567	99.5248	6000	1	0.0008	0	-0.9067	-0.7702	13.5992	1	0	0	1	1	94.1400
7011  	58.4774	-0.1533	100.3743	9019	1	0.0007	0	-0.5945	0.2356	7.0845	1	0	0	1	1	94.1400
7018  	58.7624	-0.4574	99.9437	6000	1	0.0031	0	0.7988	0.2779	9.4209	1	0	0	1	1	94.1400
7018	58.7624	-0.4574	99.9437	9019	1	0.0132	0	0.0562	0.2723	8.6545	1	1	0	1	1	94.1400
7072  	58.0196	-0.5834	99.6254	9019	1	0.0000	0	0.3269	0.1096	9.2308	1	0	0	1	1	94.1400
7072	58.0196	-0.5834	99.6254	9019	1	0.0000	0	0.3485	0.8959	10.7563	1	1	0	1	1	94.1400
7072	58.0196	-0.5834	99.6254	9019	1	0.0000	0	0.5915	0.2564	18.4238	1	2	0	1	1	94.1400
7072	58.0196	-0.5834	99.6254	6000	1	0.0000	0	0.0614	-0.2503	16.2194	1	3	0	1	1	94.1400
7100  	57.4051	0.6383	99.9502	9019	1	0.0001	0	0.9517	-0.4381	7.7920	1	0	0	1	1	94.1400
7101  	57.6711	-0.7665	99.7054	9019	1	0.0000	0	-0.1854	1.0637	14.7518	1	0	0	1	1	94.1400
7117  	57.9049	0.6855	100.1209	9019	1	0.0001	0	-0.2966	0.0637	8.6130	1	0	0	1	1	94.1400
7226  	57.5985	-0.8611	100.1901	9019	1	0.0164	0	0.1525	-0.9247	7.3715	1	0	0	1	1	94.1400
7226	57.5985	-0.8611	100.1901	9019	1	0.0001	0	0.2879	-0.7693	7.4572	1	1	0	1	1	94.1400
7226	57.5985	-0.8611	100.1901	9019	1	0.0099	0	0.7294	-0.2248	7.8842	1	2	0	1	1	94.1400
7244  	58.5094	0.6640	99.7962	9019	1	0.0000	0	0.5941	0.5786	6.4388	1	0	0	1	1	94.1400
7376  	58.1596	0.2014	99.9214	9019	1	0.0000	0	0.1482	-0.3271	14.4495	1	0	0	1	1	94.1400
7376	58.1596	0.2014	99.9214	6000	1	0.0000	0	0.0846	-0.4889	14.3379	1	1	0	1	1	94.1400
7401  	57.6670	-0.7887	99.7499	6000	1	0.0205	0	-0.0690	-0.5038	7.5777	1	0	0	1	1	94.1400
7500  	57.7922	0.9142	99.8797	9019	1	0.0001	0	0.9705	0.5300	9.5990	1	0	0	1	1	94.1400
7508  	57.9068	-0.6263	100.3636	9019	1	0.0033	0	0.5545	-0.2651	7.0560	1	0	0	1	1	94.1400
7508	57.9068	-0.6263	100.3636	9019	1	0.0001	0	-0.4974	-0.0175	3.7486	1	1	0	1	1	94.1400
7512  	57.2222	0.5166	100.0148	9019	1	0.0000	0	-0.0448	-0.9680	15.2855	1	0	0	1	1	94.1400
7531  	58.2064	0.2583	100.4986	6000	1	0.0011	0	-0.3751	-0.1756	11.4150	1	0	0	1	1	94.1400
7532  	58.5869	0.0464	100.0240	9019	1	0.0000	0	-0.0509	1.1101	3.9252	1	0	0	1	1	94.1400
7532	58.5869	0.0464	100.0240	9019	1	0.0000	0	-0.0214	0.7703	10.4402	1	1	0	1	1	94.1400
7534  	57.6778	0.4549	100.5604	9019	1	0.0000	0	-0.8621	-0.0632	5.0514	1	0	0	1	1	94.1400
7547  	58.3285	0.3994	100.4752	9019	1	0.0000	0	-0.1197	-0.5022	19.4787	1	0	0	1	1	94.1400
7577  	57.6006	-0.6828	100.2105	9019	1	0.0164	0	1.0025	-0.3804	10.4134	1	0	0	1	1	94.1400
7577	57.6006	-0.6828	100.2105	6000	1	0.0180	0	1.0787	-0.1643	10.5347	1	1	0	1	1	94.1400
7577	57.6006	-0.6828	100.2105	9019	1	0.0054	0	0.4452	-1.1079	10.9178	1	2	0	1	1	94.1400
7577	57.6006	-0.6828	100.2105	9019	1	0.0066	0	0.2147	-1.0224	10.7790	1	3	0	1	1	94.1400
7578  	58.2609	0.1602	99.2236	9019	1	0.0023	0	0.2366	-0.5699	11.6116	1	0	0	1	1	94.1400
7620  	57.3165	-0.6334	100.1151	9019	1	0.0082	0	0.3646	1.0866	13.7007	1	0	0	1	1	94.1400
7633  	57.4027	0.5577	100.3789	9019	1	0.0000	0	0.2136	-0.2996	11.7856	1	0	0	1	1	94.1400
7700  	58.4565	0.2865	100.7471	9019	1	0.0000	0	0.5825	0.3515	11.0852	1	0	0	1	1	94.1400
7700	58.4565	0.2865	100.7471	9019	1	0.0000	0	0.0710	-0.6508	12.1400	1	1	0	1	1	94.1400
7700	58.4565	0.2865	100.7471	6000	1	0.0000	0	0.2948	-0.7577	12.6631	1	2	0	1	1	94.1400
7705  	57.2943	0.2224	100.1349	6000	1	0.0000	0	0.4382	-0.8377	11.9531	1	0	0	1	1	94.1400
7707  	58.8629	0.1205	100.0052	9019	1	0.0003	0	-0.1157	0.5268	11.3079	1	0	0	1	1	94.1400
7719  	57.8625	0.2475	100.5425	6000	1	0.0050	0	0.4428	-0.0170	6.9026	1	0	0	1	1	94.1400
7719	57.8625	0.2475	100.5425	9019	1	0.0038	0	-0.3367	0.4275	7.3348	1	1	0	1	1	94.1400
7769  	58.3582	-0.3117	100.7358	9019	1	0.0012	0	-0.0435	0.1417	8.4448	1	0	0	1	1	94.1400
7785  	58.4504	0.6093	99.5778	9019	1	0.0080	0	0.6486	-0.5181	10.6299	1	0	0	1	1	94.1400
7785	58.4504	0.6093	99.5778	9019	1	0.0043	0	1.0807	0.2273	17.7876	1	1	0	1	1	94.1400
7810  	58.6640	-0.0118	99.3278	9019	1	0.0035	0	0.0266	-0.6145	10.5667	1	0	0	1	1	94.1400
7810	58.6640	-0.0118	99.3278	9019	1	0.0057	0	-0.2689	-0.9065	10.9539	1	1	0	1	1	94.1400
7819  	58.4938	-0.7128	99.6331	9019	1	0.0044	0	-0.0521	-1.0316	7.5020	1	0	0	1	1	94.1400
7887  	57.5968	0.5773	99.7559	9019	1	0.0000	0	-0.2160	0.3857	4.3748	1	0	0	1	1	94.1400
7903  	58.2552	-0.3485	100.8383	6000	1	0.0000	0	0.9625	-0.2652	15.9289	1	0	0	1	1	94.1400
7915  	58.6055	0.7400	100.2440	9019	1	0.0005	0	-0.8920	-0.3873	11.1800	1	0	0	1	1	94.1400
7954  	58.5294	-0.2915	99.5127	6000	1	0.0005	0	-0.8505	-0.6337	0.3743	1	0	0	1	1	94.1400
7967  	58.3827	-0.0920	100.0986	6000	1	0.0000	0	0.6259	-0.9846	16.1981	1	0	0	1	1	94.1400
7992  	57.5252	0.4366	100.4631	6000	1	0.0014	0	0.5200	-0.0278	11.2671	1	0	0	1	1	94.1400
7992	57.5252	0.4366	100.4631	9019	1	0.0005	0	0.6991	0.3063	11.2627	1	1	0	1	1	94.1400
7992	57.5252	0.4366	100.4631	6000	1	0.0000	0	-0.1242	-0.4037	17.1562	1	2	0	1	1	94.1400
8125  	57.9442	0.0821	100.4055	9019	1	0.0022	0	1.1696	0.2032	8.0463	1	0	0	1	1	94.1400
8125	57.9442	0.0821	100.4055	9019	1	0.0032	0	-0.7799	0.6631	7.8351	1	1	0	1	1	94.1400
8137  	58.9662	0.1664	99.9356	9019	1	0.0000	0	0.4850	-1.0147	2.9523	1	0	0	1	1	94.1400
8147  	57.3135	-0.5256	99.8571	9019	1	0.0109	0	-0.6482	-0.1914	10.2258	1	0	0	1	1	94.1400
8147	57.3135	-0.5256	99.8571	6000	1	0.0025	0	-0.5883	0.5924	9.3786	1	1	0	1	1	94.1400
8147	57.3135	-0.5256	99.8571	9019	1	0.0098	0	-0.0095	1.1614	4.2085	1	2	0	1	1	94.1400
8183  	58.1720	0.1750	99.5995	9019	1	0.0000	0	0.2410	0.4427	8.7374	1	0	0	1	1	94.1400
8183	58.1720	0.1750	99.5995	9019	1	0.0000	0	0.5065	0.5348	8.4605	1	1	0	1	1	94.1400
8183	58.1720	0.1750	99.5995	9019	1	0.0000	0	0.3004	-0.8316	3.8385	1	2	0	1	1	94.1400
8183	58.1720	0.1750	99.5995	9019	1	0.0000	0	0.6629	0.0565	2.7131	1	3	0	1	1	94.1400
8194  	57.8015	-0.2529	100.8465	6000	1	0.0000	0	-1.0426	0.4958	10.0323	1	0	0	1	1	94.1400
8194	57.8015	-0.2529	100.8465	9019	1	0.0000	0	-0.3862	-0.5615	8.5646	1	1	0	1	1	94.1400
8194	57.8015	-0.2529	100.8465	9019	1	0.0000	0	0.2189	-0.6105	8.1637	1	2	0	1	1	94.1400
8197  	58.1646	-0.7430	100.1267	9019	1	0.0004	0	-0.5052	1.0036	6.2990	1	0	0	1	1	94.1400
8197	58.1646	-0.7430	100.1267	9019	1	0.0001	0	-0.0257	0.6463	7.4600	1	1	0	1	1	94.1400
8197	58.1646	-0.7430	100.1267	9019	1	0.0000	0	0.1043	0.3553	5.6306	1	2	0	1	1	94.1400
8203  	57.7947	-0.5935	100.3766	9019	1	0.0000	0	-0.3774	0.2159	7.7431	1	0	0	1	1	94.1400
8217  	57.7362	-0.6823	99.5975	6000	1	0.0000	0	0.1854	0.5607	11.1419	1	0	0	1	1	94.1400
8228  	57.4418	0.3188	100.3485	9019	1	0.0000	0	-0.0567	0.9008	11.2159	1	0	0	1	1	94.1400
8228	57.4418	0.3188	100.3485	9019	1	0.0000	0	0.1417	-0.4655	13.0552	1	1	0	1	1	94.1400
8330  	57.7632	-0.8313	99.9210	9019	1	0.0000	0	0.5208	0.0705	8.1812	1	0	0	1	1	94.1400
8339  	58.2122	-0.1461	99.4373	9019	1	0.0085	0	0.6165	-0.4006	7.4794	1	0	0	1	1	94.1400
8360  	58.3255	-0.9236	100.1133	9019	1	0.0003	0	0.4195	-0.8064	17.0153	1	0	0	1	1	94.1400
8540  	57.5046	0.7810	99.9716	9019	1	0.0051	0	-0.3903	0.3810	11.7515	1	0	0	1	1	94.1400
8573  	58.6567	-0.2780	99.3008	9019	1	0.0008	0	-0.2053	-0.9281	6.7864	1	0	0	1	1	94.1400
8683  	57.4941	-0.4003	100.7631	6000	1	0.0000	0	-0.3853	0.4199	12.9662	1	0	0	1	1	94.1400
8721  	58.5632	-0.3322	99.8684	9019	1	0.0000	0	-0.6537	0.9560	15.0093	1	0	0	1	1	94.1400
8721	58.5632	-0.3322	99.8684	6000	1	0.0000	0	-1.0529	0.4343	12.7761	1	1	0	1	1	94.1400
8721	58.5632	-0.3322	99.8684	9019	1	0.0000	0	-1.1616	0.1377	8.4754	1	2	0	1	1	94.1400
8721	58.5632	-0.3322	99.8684	9019	1	0.0000	0	-0.9818	0.5393	7.5010	1	3	0	1	1	94.1400
8723  	57.5253	0.3740	100.1779	9019	1	0.0000	0	0.3022	0.0303	15.1278	1	0	0	1	1	94.1400
8740  	57.6647	0.5956	100.0317	9019	1	0.0000	0	0.6026	0.3009	8.3745	1	0	0	1	1	94.1400
8759  	58.3888	-0.5818	99.5394	6000	1	0.0000	0	0.4990	0.7678	4.7752	1	0	0	1	1	94.1400
8764  	58.5776	-0.4188	99.5343	6000	1	0.0000	0	0.7735	0.1613	6.1711	1	0	0	1	1	94.1400
8764	58.5776	-0.4188	99.5343	9019	1	0.0000	0	0.7605	0.8550	2.9560	1	1	0	1	1	94.1400
8770  	57.9493	0.8491	100.3329	9019	1	0.0000	0	0.5863	-0.4623	14.2733	1	0	0	1	1	94.1400
8798  	57.7404	-0.8224	99.9778	9019	1	0.0000	0	0.1841	1.1164	13.7243	1	0	0	1	1	94.1400
8798	57.7404	-0.8224	99.9778	9019	1	0.0000	0	0.0620	-1.0523	11.6669	1	1	0	1	1	94.1400
8806  	58.5198	-0.4892	99.4478	9019	1	0.0000	0	-0.4564	-0.4806	8.6244	1	0	0	1	1	94.1400
8815  	57.8499	-0.0262	99.1867	9019	1	0.0000	0	0.1217	-0.5401	13.6159	1	0	0	1	1	94.1400
8820  	58.3383	-0.3312	100.5686	6000	1	0.0040	0	0.8652	-0.3533	17.5609	1	0	0	1	1	94.1400
8820	58.3383	-0.3312	100.5686	9019	1	0.0000	0	0.1269	0.3987	18.5224	1	1	0	1	1	94.1400
8833  	58.1442	0.2700	100.0748	9019	1	0.0104	0	0.3588	0.7345	12.4801	1	0	0	1	1	94.1400
8858  	58.4408	-0.3301	100.6704	9019	1	0.0000	0	-0.6985	0.0562	15.9423	1	0	0	1	1	94.1400
8858	58.4408	-0.3301	100.6704	9019	1	0.0000	0	-0.6213	-0.1970	15.7308	1	1	0	1	1	94.1400
8872  	57.7854	-0.7604	99.8295	9019	1	0.0000	0	0.1109	-0.3823	11.5852	1	0	0	1	1	94.1400
8911  	58.2627	0.6623	100.2987	6000	1	0.0025	0	0.1876	0.3240	10.2101	1	0	0	1	1	94.1400
8927  	58.2940	0.0349	99.9588	9019	1	0.0170	0	0.3197	0.7848	8.1116	1	0	0	1	1	94.1400
8936  	57.6086	-0.7262	100.3730	6000	1	0.0000	0	-0.5364	-0.7757	6.6967	1	0	0	1	1	94.1400
8936	57.6086	-0.7262	100.3730	9019	1	0.0000	0	-0.7869	0.0029	11.3404	1	1	0	1	1	94.1400
8936	57.6086	-0.7262	100.3730	9019	1	0.0000	0	0.5729	-0.3148	7.4274	1	2	0	1	1	94.1400
8972  	57.5017	-0.7525	100.2405	6000	1	0.0010	0	0.2315	-0.5912	8.0592	1	0	0	1	1	94.1400
8988  	58.6015	0.5692	100.5054	9019	1	0.0060	0	0.3496	-0.0859	8.0116	1	0	0	1	1	94.1400
8988	58.6015	0.5692	100.5054	9019	1	0.0000	0	0.9545	0.1091	7.5168	1	1	0	1	1	94.1400
8990  	57.9611	-0.5419	99.9285	6000	1	0.0000	0	0.2996	-0.7544	5.6207	1	0	0	1	1	94.1400
8994  	58.3360	-0.7387	99.8088	6000	1	0.0000	0	0.9539	0.6594	8.4347	1	0	0	1	1	94.1400
9031  	57.9914	-0.6993	100.4262	9019	1	0.0078	0	1.1000	0.1398	10.0166	1	0	0	1	1	94.1400
9041  	58.2924	0.6476	99.4606	9019	1	0.0000	0	-0.6198	-0.5785	5.9113	1	0	0	1	1	94.1400
9050  	58.6168	0.4541	100.1290	6000	1	0.0000	0	0.7017	0.3626	9.2869	1	0	0	1	1	94.1400
9106  	57.6839	-0.7351	99.7100	9019	1	0.0000	0	-0.2172	0.6232	13.2829	1	0	0	1	1	94.1400
9106	57.6839	-0.7351	99.7100	9019	1	0.0000	0	-0.2388	-0.1800	14.0396	1	1	0	1	1	94.1400
9150  	58.3846	-0.4863	99.3629	6000	1	0.0002	0	-0.4048	0.9230	13.0025	1	0	0	1	1	94.1400
9150	58.3846	-0.4863	99.3629	6000	1	0.0007	0	-0.3168	0.2048	15.7536	1	1	0	1	1	94.1400
9150	58.3846	-0.4863	99.3629	6000	1	0.0001	0	-0.1262	-0.9887	13.9356	1	2	0	1	1	94.1400
9150	58.3846	-0.4863	99.3629	6000	1	0.0004	0	-0.0995	-0.9704	13.8503	1	3	0	1	1	94.1400
9150	58.3846	-0.4863	99.3629	9019	1	0.0000	0	-1.0735	-0.2676	11.8609	1	4	0	1	1	94.1400
9150	58.3846	-0.4863	99.3629	6000	1	0.0000	0	-0.5390	-0.7668	10.9707	1	5	0	1	1	94.1400
9160  	58.3817	0.4333	99.5455	9019	1	0.0008	0	0.5695	0.4305	11.3081	1	0	0	1	1	94.1400
9160	58.3817	0.4333	99.5455	9019	1	0.0062	0	0.1637	0.4510	11.5437	1	1	0	1	1	94.1400
9177  	58.5321	-0.3273	99.8695	9019	1	0.0001	0	-0.4072	0.4450	6.1859	1	0	0	1	1	94.1400
9190  	58.2514	0.0023	100.3580	6000	1	0.0000	0	0.5046	-0.3761	11.9782	1	0	0	1	1	94.1400
9236  	58.0371	-0.9493	99.7090	6000	1	0.0000	0	-0.7732	0.3865	11.6314	1	0	0	1	1	94.1400
9249  	58.2938	0.4762	99.3588	6000	1	0.0000	0	0.3481	-0.6047	12.4875	1	0	0	1	1	94.1400
9260  	58.0734	0.7344	100.0497	6000	1	0.0000	0	0.6570	0.6383	5.4372	1	0	0	1	1	94.1400
9306  	58.7265	-0.1573	99.8252	9019	1	0.0000	0	0.1612	0.5652	10.3415	1	0	0	1	1	94.1400
9397  	58.0608	-0.4039	99.4136	9019	1	0.0000	0	-0.4184	0.1038	10.2923	1	0	0	1	1	94.1400
9450  	57.5060	-0.5661	99.8928	9019	1	0.0001	0	-0.7374	-0.1970	15.3539	1	0	0	1	1	94.1400
9450	57.5060	-0.5661	99.8928	9019	1	0.0000	0	-0.2470	0.3364	11.7004	1	1	0	1	1	94.1400
9450	57.5060	-0.5661	99.8928	9019	1	0.0000	0	-0.2566	0.3489	11.7301	1	2	0	1	1	94.1400
9490  	57.7001	-0.6941	99.9879	9019	1	0.0027	0	-0.0869	0.2845	15.1281	1	0	0	1	1	94.1400
9490	57.7001	-0.6941	99.9879	6000	1	0.0010	0	-0.0719	0.2746	15.1141	1	1	0	1	1	94.1400
9490	57.7001	-0.6941	99.9879	6000	1	0.0000	0	-0.7671	0.3893	12.1308	1	2	0	1	1	94.1400
9510  	58.1614	-0.3312	99.3013	6000	1	0.0000	0	-0.0840	1.1689	7.6748	1	0	0	1	1	94.1400
9512  	57.8925	-0.4372	99.2349	9019	1	0.0000	0	-0.6340	-0.3093	13.9507	1	0	0	1	1	94.1400
9530  	57.7791	-0.1012	99.7979	6000	1	0.0105	0	0.4222	0.5511	9.3223	1	0	0	1	1	94.1400
9530	57.7791	-0.1012	99.7979	9019	1	0.0076	0	0.4093	-0.2937	9.5626	1	1	0	1	1	94.1400
9530	57.7791	-0.1012	99.7979	6000	1	0.0084	0	0.4102	-0.2912	9.5584	1	2	0	1	1	94.1400
9557  	58.1448	-0.1214	99.3110	9019	1	0.0048	0	0.6230	-0.9449	7.0743	1	0	0	1	1	94.1400
9559  	57.8851	-0.7099	100.3578	9019	1	0.0012	0	0.3635	-1.0807	11.2675	1	0	0	1	1	94.1400
9563  	57.8931	0.4820	100.5242	6000	1	0.0000	0	-0.4936	1.0937	9.7929	1	0	0	1	1	94.1400
9602  	58.2441	-0.4641	100.0715	6000	1	0.0037	0	-0.1181	0.8581	11.0900	1	0	0	1	1	94.1400
9602	58.2441	-0.4641	100.0715	6000	1	0.0195	0	-0.9133	0.4939	11.6320	1	1	0	1	1	94.1400
9604  	57.0762	0.0549	100.1370	6000	1	0.0027	0	-0.0551	0.7766	11.0732	1	0	0	1	1	94.1400
9645  	57.1411	0.2246	99.6650	9019	1	0.0000	0	0.9200	-0.4332	9.0170	1	0	0	1	1	94.1400
9656  	58.4787	0.1674	100.2367	6000	1	0.0000	0	0.8921	-0.5582	10.3083	1	0	0	1	1	94.1400
9656	58.4787	0.1674	100.2367	9019	1	0.0000	0	0.8964	-0.5053	10.3121	1	1	0	1	1	94.1400
9719  	58.5173	0.7402	100.2485	9019	1	0.0000	0	-0.1848	-0.9617	17.0441	1	0	0	1	1	94.1400
9719	58.5173	0.7402	100.2485	9019	1	0.0000	0	-0.1127	-1.0343	17.0195	1	1	0	1	1	94.1400
9725  	57.9674	0.6983	99.5036	9019	1	0.0000	0	-0.4278	-0.9195	2.2570	1	0	0	1	1	94.1400
9775  	58.8512	-0.4396	99.8211	6000	1	0.0000	0	0.6682	0.2319	12.7126	1	0	0	1	1	94.1400
9790  	57.9088	0.5327	99.7669	6000	1	0.0085	0	1.1135	0.2637	12.1938	1	0	0	1	1	94.1400
9839  	58.2187	0.1659	100.2987	9019	1	0.0000	0	-0.2246	-0.1525	8.7983	1	0	0	1	1	94.1400
9857  	58.2639	-0.0883	99.1838	6000	1	0.0000	0	0.2270	-0.0030	12.8285	1	0	0	1	1	94.1400
9857	58.2639	-0.0883	99.1838	9019	1	0.0000	0	-0.1667	-0.7067	14.1440	1	1	0	1	1	94.1400
9863  	58.5813	0.3107	99.3607	9019	1	0.0000	0	0.6487	-0.6110	11.4615	1	0	0	1	1	94.1400
9878  	57.9512	0.1642	100.2850	9019	1	0.0000	0	-0.3334	0.0553	4.2810	1	0	0	1	1	94.1400
9887  	57.7054	-0.6218	99.9342	9019	1	0.0027	0	1.1471	0.0640	9.8786	1	0	0	1	1	94.1400
9893  	57.6530	0.3433	99.3584	9019	1	0.0002	0	0.5600	-0.8097	7.6944	1	0	0	1	1	94.1400
9915  	58.4215	-0.7459	100.2584	9019	1	0.0000	0	-0.5932	0.5816	10.8586	1	0	0	1	1	94.1400
9915	58.4215	-0.7459	100.2584	9019	1	0.0000	0	-0.2161	0.5960	10.3349	1	1	0	1	1	94.1400
9918  	58.3408	-0.1824	100.5015	9019	1	0.0000	0	-0.6994	0.7464	14.2815	1	0	0	1	1	94.1400
9918	58.3408	-0.1824	100.5015	9019	1	0.0000	0	-0.3730	1.0988	15.3776	1	1	0	1	1	94.1400
9940  	58.0956	-0.0743	99.7138	9019	1	0.0000	0	0.4229	-0.3985	10.7829	1	0	0	1	1	94.1400
9941  	57.8285	0.3555	99.0858	9019	1	0.0000	0	0.5229	0.8515	8.0819	1	0	0	1	1	94.1400
9941	57.8285	0.3555	99.0858	9019	1	0.0000	0	0.9104	-0.3033	8.5026	1	1	0	1	1	94.1400
9948  	58.8756	0.2771	100.0257	9019	1	0.0000	0	-1.0567	-0.2465	10.5945	1	0	0	1	1	94.1400
9948	58.8756	0.2771	100.0257	9019	1	0.0000	0	-0.6150	0.4584	11.7471	1	1	0	1	1	94.1400
9990  	57.7011	0.4227	100.1446	6000	1	0.0018	0	-1.0963	-0.3068	13.2381	1	0	0	1	1	94.1400
9990	57.7011	0.4227	100.1446	9019	1	0.0000	0	-0.0509	-0.6169	15.9677	1	1	0	1	1	94.1400
9996  	57.3529	-0.1939	100.5781	9019	1	0.0003	0	0.5143	-0.6414	12.9793	1	0	0	1	1	94.1400
9996	57.3529	-0.1939	100.5781	9019	1	0.0095	0	0.4861	-0.6388	12.9962	1	1	0	1	1	94.1400
9996	57.3529	-0.1939	100.5781	6000	1	0.0000	0	0.5971	0.9384	10.6410	1	2	0	1	1	94.1400
