3     	57.8857	-0.2171	99.3143	9019	1	0.0000	0	1.0882	0.3125	16.2180	1	0	0	1	1	94.1400
38    	58.3853	-0.4328	99.3100	9019	1	0.0000	0	0.4767	0.8646	5.6311	1	0	0	1	1	94.1400
41    	58.6302	-0.2887	100.3590	6000	1	0.0000	0	-1.0538	0.4984	15.5023	1	0	0	1	1	94.1400
66    	58.7160	0.3663	100.1484	9019	1	0.0024	0	0.3514	0.9528	8.1414	1	0	0	1	1	94.1400
66	58.7160	0.3663	100.1484	9019	1	0.0070	0	0.2984	0.9256	8.0820	1	1	0	1	1	94.1400
86    	57.3171	0.2546	99.9645	6000	1	0.0000	0	-0.3640	0.0527	13.9552	1	0	0	1	1	94.1400
86	57.3171	0.2546	99.9645	6000	1	0.0000	0	0.6760	0.1531	17.0224	1	1	0	1	1	94.1400
96    	57.6930	0.0479	99.0741	6000	1	0.0048	0	0.7893	0.8549	8.6858	1	0	0	1	1	94.1400
132   	58.7117	0.5330	99.8056	9019	1	0.0000	0	0.9977	-0.3802	12.7963	1	0	0	1	1	94.1400
157   	58.4517	-0.7669	99.5623	6000	1	0.0000	0	-1.0173	-0.1915	10.5878	1	0	0	1	1	94.1400
157	58.4517	-0.7669	99.5623	9019	1	0.0000	0	-0.3652	-0.3721	12.3271	1	1	0	1	1	94.1400
177   	57.9871	-0.5534	100.6256	6000	1	0.0000	0	0.9392	-0.4053	10.6658	1	0	0	1	1	94.1400
177	57.9871	-0.5534	100.6256	9019	1	0.0000	0	0.8552	-0.5993	9.8842	1	1	0	1	1	94.1400
177	57.9871	-0.5534	100.6256	9019	1	0.0000	0	0.9385	-0.4897	10.0073	1	2	0	1	1	94.1400
208   	58.5668	-0.2896	100.6002	9019	1	0.0000	0	0.8441	0.0965	15.1904	1	0	0	1	1	94.1400
212   	57.2659	0.6597	99.9392	9019	1	0.0000	0	0.9462	0.6827	7.5593	1	0	0	1	1	94.1400
244   	58.2449	-0.6262	99.9489	6000	1	0.0000	0	0.5960	-1.0046	11.6274	1	0	0	1	1	94.1400
249   	57.8977	0.3383	99.8715	6000	1	0.0000	0	0.6726	0.4220	11.0550	1	0	0	1	1	94.1400
282   	58.0224	-0.1565	99.7035	9019	1	0.0004	0	0.5206	-0.1749	15.7577	1	0	0	1	1	94.1400
326   	58.4699	0.8064	100.2628	6000	1	0.0000	0	-0.2307	-1.0345	11.8167	1	0	0	1	1	94.1400
419   	58.6166	-0.4574	100.2557	9019	1	0.0000	0	0.7508	-0.2720	2.8747	1	0	0	1	1	94.1400
436   	58.0599	0.8807	100.3856	9019	1	0.0003	0	0.0524	0.8500	9.8291	1	0	0	1	1	94.1400
476   	57.7607	0.0229	99.1327	9019	1	0.0177	0	1.1599	-0.1616	8.5567	1	0	0	1	1	94.1400
546   	58.4919	-0.5028	100.4088	9019	1	0.0003	0	0.9738	0.2021	10.1695	1	0	0	1	1	94.1400
551   	58.4879	0.0185	99.7931	6000	1	0.0000	0	-0.2258	0.9185	12.9249	1	0	0	1	1	94.1400
551	58.4879	0.0185	99.7931	6000	1	0.0000	0	0.1544	0.8537	12.3267	1	1	0	1	1	94.1400
581   	58.3441	-0.0104	100.3367	9019	1	0.0000	0	0.6300	0.1849	8.1697	1	0	0	1	1	94.1400
588   	58.2953	0.6287	99.8877	9019	1	0.0000	0	-0.7367	0.4724	4.9859	1	0	0	1	1	94.1400
607   	58.0822	-0.6256	99.5313	9019	1	0.0000	0	-0.0276	0.1779	17.2374	1	0	0	1	1	94.1400
607	58.0822	-0.6256	99.5313	9019	1	0.0000	0	0.6070	0.9116	10.7589	1	1	0	1	1	94.1400
615   	57.7737	0.7582	99.9337	9019	1	0.0072	0	1.0471	-0.1335	11.9095	1	0	0	1	1	94.1400
692   	57.5958	0.6126	99.4752	9019	1	0.0009	0	1.0453	-0.3541	6.4603	1	0	0	1	1	94.1400
773   	58.6357	0.1314	99.5677	9019	1	0.0000	0	-0.8894	-0.7415	6.2595	1	0	0	1	1	94.1400
773	58.6357	0.1314	99.5677	6000	1	0.0000	0	-0.5902	-0.0803	10.8718	1	1	0	1	1	94.1400
773	58.6357	0.1314	99.5677	9019	1	0.0000	0	-0.8093	-0.5899	7.6374	1	2	0	1	1	94.1400
775   	58.7753	0.1035	99.7060	9019	1	0.0001	0	0.0666	-0.7897	4.2105	1	0	0	1	1	94.1400
819   	58.0372	0.3094	100.8584	6000	1	0.0004	0	0.3329	0.5534	15.3532	1	0	0	1	1	94.1400
820   	58.1057	-0.1696	99.0975	6000	1	0.0000	0	0.2874	-0.1024	7.0699	1	0	0	1	1	94.1400
837   	58.2417	-0.8829	100.1041	6000	1	0.0000	0	0.2903	-0.8866	8.0157	1	0	0	1	1	94.1400
844   	58.3627	-0.1770	99.6136	9019	1	0.0049	0	0.4021	0.4670	9.5171	1	0	0	1	1	94.1400
921   	58.4432	0.1537	100.3369	9019	1	0.0000	0	0.1493	1.1447	12.2304	1	0	0	1	1	94.1400
921	58.4432	0.1537	100.3369	6000	1	0.0000	0	0.4584	0.6542	11.9218	1	1	0	1	1	94.1400
921	58.4432	0.1537	100.3369	9019	1	0.0000	0	0.6675	-0.4915	12.7351	1	2	0	1	1	94.1400
921	58.4432	0.1537	100.3369	9019	1	0.0000	0	0.3920	-0.1959	12.3696	1	3	0	1	1	94.1400
921	58.4432	0.1537	100.3369	9019	1	0.0000	0	-1.1156	-0.3024	12.6736	1	4	0	1	1	94.1400
1014  	57.2193	0.4587	100.0152	9019	1	0.0000	0	1.0738	0.5242	13.9441	1	0	0	1	1	94.1400
1060  	57.6273	0.1154	99.2956	6000	1	0.0030	0	0.3258	1.0754	10.4591	1	0	0	1	1	94.1400
1159  	58.9554	-0.0790	99.8385	9019	1	0.0000	0	0.1043	-0.4384	10.2643	1	0	0	1	1	94.1400
1313  	57.6684	0.7101	100.1872	6000	1	0.0004	0	-0.0124	-0.0888	11.5150	1	0	0	1	1	94.1400
1313	57.6684	0.7101	100.1872	9019	1	0.0001	0	0.0671	-0.2452	15.4443	1	1	0	1	1	94.1400
1317  	58.2499	-0.3449	99.5401	9019	1	0.0000	0	-0.4786	-0.5679	7.7731	1	0	0	1	1	94.1400
1317	58.2499	-0.3449	99.5401	9019	1	0.0000	0	-0.2167	0.0072	8.2339	1	1	0	1	1	94.1400
1359  	57.1871	0.0964	100.4093	6000	1	0.0000	0	-0.0378	1.0213	7.2000	1	0	0	1	1	94.1400
1406  	58.4735	-0.2665	99.8368	9019	1	0.0044	0	-1.0076	0.4785	13.0041	1	0	0	1	1	94.1400
1418  	57.9675	-0.5522	99.5839	6000	1	0.0002	0	-0.2944	0.4696	9.0281	1	0	0	1	1	94.1400
1418	57.9675	-0.5522	99.5839	6000	1	0.0018	0	-0.6735	0.7735	10.0390	1	1	0	1	1	94.1400
1438  	58.2729	0.1807	99.0835	9019	1	0.0000	0	-0.5434	1.0006	15.8079	1	0	0	1	1	94.1400
1438	58.2729	0.1807	99.0835	9019	1	0.0000	0	-0.9873	0.0323	18.1804	1	1	0	1	1	94.1400
1448  	58.3696	-0.0017	99.4948	9019	1	0.0001	0	0.1454	1.1244	11.5769	1	0	0	1	1	94.1400
1448	58.3696	-0.0017	99.4948	6000	1	0.0000	0	0.7755	-0.6492	13.8069	1	1	0	1	1	94.1400
1552  	57.4794	-0.2549	100.0241	9019	1	0.0055	0	0.8352	-0.8312	11.3427	1	0	0	1	1	94.1400
1665  	58.0298	0.3663	100.0825	6000	1	0.0000	0	1.1794	-0.1859	13.6385	1	0	0	1	1	94.1400
1670  	57.9256	0.8876	100.3693	6000	1	0.0002	0	0.7673	-0.4113	6.4778	1	0	0	1	1	94.1400
1697  	58.3388	0.2307	99.5035	9019	1	0.0000	0	1.0140	-0.6291	9.1508	1	0	0	1	1	94.1400
1707  	57.8921	0.0956	99.9928	9019	1	0.0021	0	-0.1254	1.0801	11.8451	1	0	0	1	1	94.1400
1707	57.8921	0.0956	99.9928	9019	1	0.0010	0	0.1523	1.0328	11.7967	1	1	0	1	1	94.1400
1707	57.8921	0.0956	99.9928	6000	1	0.0001	0	-0.0846	-0.5976	10.4033	1	2	0	1	1	94.1400
1716  	58.2894	-0.0260	100.7551	9019	1	0.0000	0	-0.5891	0.9339	9.0583	1	0	0	1	1	94.1400
1716	58.2894	-0.0260	100.7551	9019	1	0.0000	0	-0.4933	0.7077	9.0288	1	1	0	1	1	94.1400
1761  	58.3000	-0.1591	100.3580	6000	1	0.0000	0	0.2748	-0.9966	16.3513	1	0	0	1	1	94.1400
1775  	58.8638	0.3260	99.9166	9019	1	0.0019	0	-0.4361	0.5800	8.7053	1	0	0	1	1	94.1400
1797  	58.1301	-0.0466	99.6144	9019	1	0.0000	0	0.8468	-0.0279	15.4757	1	0	0	1	1	94.1400
1797	58.1301	-0.0466	99.6144	9019	1	0.0000	0	0.8552	-0.0262	15.4632	1	1	0	1	1	94.1400
1808  	58.2322	-0.0699	99.2533	6000	1	0.0000	0	0.0611	1.0285	7.7053	1	0	0	1	1	94.1400
1809  	58.0225	-0.6230	99.3497	9019	1	0.0000	0	-0.8946	-0.4982	13.7094	1	0	0	1	1	94.1400
1877  	57.9345	0.1322	100.3891	9019	1	0.0000	0	0.5770	0.4581	15.1361	1	0	0	1	1	94.1400
1877	57.9345	0.1322	100.3891	9019	1	0.0001	0	0.4672	-0.2767	15.8857	1	1	0	1	1	94.1400
1877	57.9345	0.1322	100.3891	9019	1	0.0000	0	0.7425	-0.2660	15.0542	1	2	0	1	1	94.1400
1877	57.9345	0.1322	100.3891	9019	1	0.0000	0	0.8295	-0.3547	15.0201	1	3	0	1	1	94.1400
1913  	57.9047	0.1979	100.7591	6000	1	0.0052	0	0.7519	-0.8616	11.6849	1	0	0	1	1	94.1400
1946  	57.1068	-0.1847	100.3072	9019	1	0.0000	0	0.7480	-0.1910	0.9580	1	0	0	1	1	94.1400
1970  	57.8172	-0.6669	99.4140	6000	1	0.0007	0	0.9693	0.6652	12.2190	1	0	0	1	1	94.1400
2007  	57.1056	-0.3725	99.8341	9019	1	0.0000	0	0.1633	-1.1694	13.3232	1	0	0	1	1	94.1400
2032  	58.6883	0.2536	99.8565	6000	1	0.0000	0	0.6938	-0.5004	18.3543	1	0	0	1	1	94.1400
2032	58.6883	0.2536	99.8565	6000	1	0.0000	0	-0.0350	0.1425	8.5499	1	1	0	1	1	94.1400
2036  	57.4367	0.1442	99.9173	6000	1	0.0000	0	0.8137	0.8118	7.8571	1	0	0	1	1	94.1400
2036	57.4367	0.1442	99.9173	9019	1	0.0000	0	-0.5309	0.4211	8.4151	1	1	0	1	1	94.1400
2036	57.4367	0.1442	99.9173	6000	1	0.0000	0	-1.1474	0.3298	8.3606	1	2	0	1	1	94.1400
2036	57.4367	0.1442	99.9173	9019	1	0.0000	0	-0.9184	0.1166	8.9430	1	3	0	1	1	94.1400
2142  	58.6959	-0.5611	99.6527	9019	1	0.0024	0	0.3520	-0.9797	10.5454	1	0	0	1	1	94.1400
2206  	58.2588	-0.5635	100.0854	6000	1	0.0003	0	0.1580	1.0410	15.0277	1	0	0	1	1	94.1400
2206	58.2588	-0.5635	100.0854	6000	1	0.0005	0	0.2761	0.6242	15.2461	1	1	0	1	1	94.1400
2206	58.2588	-0.5635	100.0854	9019	1	0.0001	0	0.5743	0.8621	13.4432	1	2	0	1	1	94.1400
2283  	57.4552	-0.2089	100.3588	9019	1	0.0009	0	0.8880	-0.6874	11.3862	1	0	0	1	1	94.1400
2283	57.4552	-0.2089	100.3588	9019	1	0.0109	0	0.5180	-0.7150	11.5883	1	1	0	1	1	94.1400
2283	57.4552	-0.2089	100.3588	9019	1	0.0056	0	-0.2557	0.2044	10.8995	1	2	0	1	1	94.1400
2290  	57.4975	-0.3450	99.4801	6000	1	0.0041	0	0.2710	0.9522	12.3178	1	0	0	1	1	94.1400
2303  	57.5412	0.3083	99.4864	9019	1	0.0000	0	0.5242	0.8819	12.9763	1	0	0	1	1	94.1400
2355  	57.8156	0.4808	100.0746	9019	1	0.0000	0	-0.1522	-0.5721	8.3387	1	0	0	1	1	94.1400
2358  	57.8062	-0.3707	99.1801	9019	1	0.0021	0	0.3689	-0.9152	12.0896	1	0	0	1	1	94.1400
2372  	57.5366	-0.2304	99.6578	6000	1	0.0000	0	0.5327	0.5880	13.7259	1	0	0	1	1	94.1400
2372	57.5366	-0.2304	99.6578	6000	1	0.0000	0	0.5678	0.7408	13.7506	1	1	0	1	1	94.1400
2384  	57.9487	-0.5134	99.4892	9019	1	0.0100	0	-0.4000	0.4565	7.0348	1	0	0	1	1	94.1400
2419  	58.6956	0.5307	99.9508	6000	1	0.0000	0	0.9058	-0.0117	6.3750	1	0	0	1	1	94.1400
2452  	58.8409	0.3326	99.7779	6000	1	0.0016	0	-0.4530	-0.7641	10.6032	1	0	0	1	1	94.1400
2461  	57.2932	-0.2123	100.5637	6000	1	0.0000	0	-0.6947	0.1844	3.6481	1	0	0	1	1	94.1400
2461	57.2932	-0.2123	100.5637	6000	1	0.0000	0	-0.5671	0.3051	5.4395	1	1	0	1	1	94.1400
2500  	57.5800	-0.5292	100.2087	6000	1	0.0000	0	-0.0741	0.9354	12.4862	1	0	0	1	1	94.1400
2586  	58.7860	-0.1111	100.2490	9019	1	0.0000	0	-1.1290	-0.2957	0.8925	1	0	0	1	1	94.1400
2614  	58.5754	0.2309	99.4273	9019	1	0.0001	0	0.9006	-0.1732	9.9094	1	0	0	1	1	94.1400
2646  	58.6303	-0.2580	99.6321	6000	1	0.0000	0	0.5448	-0.1746	4.8140	1	0	0	1	1	94.1400
2655  	57.7492	0.5612	100.2615	9019	1	0.0000	0	0.5229	-0.8443	10.4868	1	0	0	1	1	94.1400
2655	57.7492	0.5612	100.2615	9019	1	0.0000	0	1.0534	-0.3398	7.4617	1	1	0	1	1	94.1400
2733  	57.4780	0.2231	99.3036	9019	1	0.0000	0	-0.0592	0.6656	8.4023	1	0	0	1	1	94.1400
2733	57.4780	0.2231	99.3036	9019	1	0.0000	0	1.0663	0.5367	4.2286	1	1	0	1	1	94.1400
2770  	58.2035	0.5875	100.1406	9019	1	0.0000	0	-0.3791	-1.0683	11.3815	1	0	0	1	1	94.1400
2770	58.2035	0.5875	100.1406	9019	1	0.0000	0	-0.4503	-0.9504	12.5722	1	1	0	1	1	94.1400
2871  	58.1516	0.5655	100.7517	6000	1	0.0044	0	-0.4407	-0.2402	7.5816	1	0	0	1	1	94.1400
2877  	58.1939	0.8593	99.7889	9019	1	0.0000	0	-0.2326	0.4114	4.9746	1	0	0	1	1	94.1400
2877	58.1939	0.8593	99.7889	9019	1	0.0000	0	-0.4146	0.5096	5.4894	1	1	0	1	1	94.1400
2940  	58.0873	0.7793	99.5366	6000	1	0.0000	0	-0.1642	-0.8727	6.8616	1	0	0	1	1	94.1400
2940	58.0873	0.7793	99.5366	9019	1	0.0000	0	-0.4126	-0.7568	9.3971	1	1	0	1	1	94.1400
2941  	57.1573	0.1616	99.9021	6000	1	0.0000	0	0.7953	-0.3516	14.6109	1	0	0	1	1	94.1400
2941	57.1573	0.1616	99.9021	9019	1	0.0000	0	0.5194	0.7436	14.3762	1	1	0	1	1	94.1400
2941	57.1573	0.1616	99.9021	9019	1	0.0000	0	-0.3381	1.0708	14.4003	1	2	0	1	1	94.1400
2948  	57.9330	0.7891	99.4119	9019	1	0.0000	0	-0.2009	-0.1555	1.6419	1	0	0	1	1	94.1400
2948	57.9330	0.7891	99.4119	9019	1	0.0000	0	0.9385	0.4228	0.2317	1	1	0	1	1	94.1400
2948	57.9330	0.7891	99.4119	9019	1	0.0000	0	-0.5375	-0.3443	0.5575	1	2	0	1	1	94.1400
2999  	57.2623	-0.1739	100.6077	9019	1	0.0071	0	0.7910	0.4043	11.9784	1	0	0	1	1	94.1400
3001  	58.5169	0.5789	100.1371	9019	1	0.0002	0	0.5284	-0.6601	12.2260	1	0	0	1	1	94.1400
3001	58.5169	0.5789	100.1371	9019	1	0.0002	0	0.3794	-0.9019	11.5455	1	1	0	1	1	94.1400
3025  	58.4808	0.3503	100.3938	9019	1	0.0000	0	0.2282	1.1461	3.6394	1	0	0	1	1	94.1400
3052  	58.7697	0.1844	100.4043	9019	1	0.0054	0	1.1244	-0.0264	10.9879	1	0	0	1	1	94.1400
3060  	58.1340	-0.8605	100.4302	9019	1	0.0047	0	0.5130	0.0034	9.3160	1	0	0	1	1	94.1400
3067  	57.6073	-0.1459	100.8004	9019	1	0.0000	0	-0.8071	0.1185	9.8078	1	0	0	1	1	94.1400
3087  	58.5155	0.1246	99.5069	9019	1	0.0000	0	0.8402	-0.0832	11.5024	1	0	0	1	1	94.1400
3093  	57.8440	0.0388	100.1348	9019	1	0.0000	0	1.1190	0.2138	5.2458	1	0	0	1	1	94.1400
3105  	58.2110	-0.1857	99.5289	6000	1	0.0000	0	-0.5101	0.7273	12.9018	1	0	0	1	1	94.1400
3132  	58.0452	-0.9288	100.0616	9019	1	0.0019	0	0.7424	0.6682	10.5326	1	0	0	1	1	94.1400
3146  	58.2542	0.1013	100.0160	6000	1	0.0004	0	0.6684	0.0793	14.1532	1	0	0	1	1	94.1400
3170  	57.9284	-0.1692	99.5730	9019	1	0.0000	0	0.3839	-0.5999	4.4656	1	0	0	1	1	94.1400
3193  	58.4103	0.4734	100.2846	6000	1	0.0000	0	0.8298	-0.3983	5.6232	1	0	0	1	1	94.1400
3193	58.4103	0.4734	100.2846	9019	1	0.0000	0	-0.3838	0.6322	5.1556	1	1	0	1	1	94.1400
3193	58.4103	0.4734	100.2846	9019	1	0.0000	0	0.8850	0.5818	4.9463	1	2	0	1	1	94.1400
3193	58.4103	0.4734	100.2846	9019	1	0.0000	0	0.7478	0.5141	5.0077	1	3	0	1	1	94.1400
3196  	58.1097	-0.5687	100.5567	6000	1	0.0000	0	1.1684	-0.1879	10.1119	1	0	0	1	1	94.1400
3205  	58.4924	-0.2007	100.1740	9019	1	0.0009	0	-0.5021	-0.4530	8.7062	1	0	0	1	1	94.1400
3279  	58.6133	0.0026	99.4923	9019	1	0.0152	0	-0.7775	0.7189	14.1364	1	0	0	1	1	94.1400
3280  	58.7654	-0.0816	100.3764	9019	1	0.0000	0	1.1283	-0.0756	12.2222	1	0	0	1	1	94.1400
3280	58.7654	-0.0816	100.3764	6000	1	0.0005	0	0.3483	-0.4946	12.1418	1	1	0	1	1	94.1400
3418  	57.3393	-0.3103	99.9901	9019	1	0.0008	0	-0.8162	-0.8140	9.5069	1	0	0	1	1	94.1400
3418	57.3393	-0.3103	99.9901	9019	1	0.0003	0	-1.1247	-0.2260	9.5739	1	1	0	1	1	94.1400
3419  	58.4128	-0.7531	99.9313	9019	1	0.0022	0	0.5661	0.4107	12.0937	1	0	0	1	1	94.1400
3419	58.4128	-0.7531	99.9313	9019	1	0.0027	0	-0.0336	0.3411	14.1455	1	1	0	1	1	94.1400
3435  	57.9458	0.2591	99.6031	9019	1	0.0000	0	0.3233	0.5197	1.9120	1	0	0	1	1	94.1400
3513  	57.8783	0.4671	100.1217	6000	1	0.0000	0	0.3435	0.8547	8.1912	1	0	0	1	1	94.1400
3513	57.8783	0.4671	100.1217	6000	1	0.0000	0	0.5083	0.1419	8.3017	1	1	0	1	1	94.1400
3519  	57.9535	-0.5696	99.8106	9019	1	0.0119	0	-0.1270	-0.1417	11.0402	1	0	0	1	1	94.1400
3519	57.9535	-0.5696	99.8106	9019	1	0.0009	0	0.6124	0.3971	2.7501	1	1	0	1	1	94.1400
3603  	58.8668	-0.1794	100.0491	9019	1	0.0001	0	-0.3156	-0.5257	10.4150	1	0	0	1	1	94.1400
3604  	58.3489	-0.6881	100.4990	6000	1	0.0004	0	-0.7144	0.2497	7.6765	1	0	0	1	1	94.1400
3604	58.3489	-0.6881	100.4990	9019	1	0.0000	0	-0.5616	-0.8150	2.2388	1	1	0	1	1	94.1400
3608  	58.5147	0.8270	99.9214	9019	1	0.0013	0	-0.0602	1.1360	8.5642	1	0	0	1	1	94.1400
3608	58.5147	0.8270	99.9214	9019	1	0.0063	0	-0.1710	1.1306	8.4942	1	1	0	1	1	94.1400
3608	58.5147	0.8270	99.9214	9019	1	0.0054	0	-0.5575	-0.6406	8.0739	1	2	0	1	1	94.1400
3639  	57.9697	0.0949	99.6875	6000	1	0.0000	0	-0.2150	0.0702	3.8236	1	0	0	1	1	94.1400
3639	57.9697	0.0949	99.6875	9019	1	0.0000	0	-0.2189	-0.7948	2.2853	1	1	0	1	1	94.1400
3639	57.9697	0.0949	99.6875	6000	1	0.0000	0	-0.2886	0.8075	1.5341	1	2	0	1	1	94.1400
3703  	57.4805	0.3369	100.6612	9019	1	0.0000	0	0.7252	-0.3475	12.7971	1	0	0	1	1	94.1400
3703	57.4805	0.3369	100.6612	6000	1	0.0000	0	0.6239	0.4685	11.5926	1	1	0	1	1	94.1400
3705  	58.4347	-0.2079	100.6713	9019	1	0.0000	0	0.2518	0.8827	5.3207	1	0	0	1	1	94.1400
3739  	57.8221	-0.3867	100.7899	9019	1	0.0080	0	0.8054	0.4111	7.4033	1	0	0	1	1	94.1400
3740  	58.3144	0.1389	99.3957	6000	1	0.0000	0	-0.2693	0.8348	9.3856	1	0	0	1	1	94.1400
3740	58.3144	0.1389	99.3957	9019	1	0.0000	0	-0.8582	0.8076	9.7316	1	1	0	1	1	94.1400
3744  	57.4200	-0.1896	99.7804	6000	1	0.0000	0	-0.1927	0.4565	7.9633	1	0	0	1	1	94.1400
3772  	58.4013	0.2511	100.5946	9019	1	0.0000	0	0.0461	0.5049	10.7398	1	0	0	1	1	94.1400
3772	58.4013	0.2511	100.5946	6000	1	0.0000	0	-0.5260	0.7073	10.4339	1	1	0	1	1	94.1400
3775  	57.4832	0.0087	100.2645	6000	1	0.0000	0	-0.2169	0.3692	14.6949	1	0	0	1	1	94.1400
3796  	57.7470	0.3491	100.4754	9019	1	0.0002	0	1.1211	-0.1328	10.4442	1	0	0	1	1	94.1400
3797  	58.5052	-0.4600	99.5617	9019	1	0.0020	0	0.0145	0.5842	10.4408	1	0	0	1	1	94.1400
3797	58.5052	-0.4600	99.5617	9019	1	0.0167	0	-0.0508	0.6810	10.4193	1	1	0	1	1	94.1400
3810  	57.2652	-0.1378	100.2983	6000	1	0.0000	0	0.1312	-0.4585	6.9585	1	0	0	1	1	94.1400
3853  	57.7400	-0.7451	99.7685	9019	1	0.0000	0	-0.2237	0.6247	17.7397	1	0	0	1	1	94.1400
3873  	58.2438	-0.7824	100.0242	9019	1	0.0001	0	-0.4381	0.0624	12.8563	1	0	0	1	1	94.1400
3884  	57.8002	0.3081	99.4039	9019	1	0.0001	0	0.9643	-0.4287	15.1342	1	0	0	1	1	94.1400
3884	57.8002	0.3081	99.4039	6000	1	0.0001	0	0.7199	-0.0277	16.0193	1	1	0	1	1	94.1400
3901  	58.0174	0.4097	99.8530	9019	1	0.0001	0	0.3326	0.2637	12.1602	1	0	0	1	1	94.1400
3909  	58.0872	0.7394	100.4362	9019	1	0.0180	0	0.8750	-0.4660	10.0951	1	0	0	1	1	94.1400
3909	58.0872	0.7394	100.4362	9019	1	0.0005	0	0.1370	-0.6658	11.4139	1	1	0	1	1	94.1400
3909	58.0872	0.7394	100.4362	9019	1	0.0049	0	0.3473	-0.8247	11.2153	1	2	0	1	1	94.1400
3909	58.0872	0.7394	100.4362	6000	1	0.0041	0	-0.6776	-0.8137	11.7356	1	3	0	1	1	94.1400
3928  	57.9029	0.8886	99.5900	9019	1	0.0000	0	-0.1204	0.7389	11.9818	1	0	0	1	1	94.1400
3930  	58.5971	-0.2524	100.6002	9019	1	0.0006	0	-1.0686	0.1660	4.7169	1	0	0	1	1	94.1400
4006  	58.0528	-0.0916	99.4922	9019	1	0.0004	0	0.0277	-0.0206	15.0759	1	0	0	1	1	94.1400
4006	58.0528	-0.0916	99.4922	6000	1	0.0194	0	-0.7839	-0.1482	16.3162	1	1	0	1	1	94.1400
4047  	58.0974	0.5750	100.2310	9019	1	0.0000	0	-0.0969	0.6078	6.9589	1	0	0	1	1	94.1400
4057  	58.4501	-0.3214	99.2859	9019	1	0.0000	0	-0.1164	-0.4212	11.3637	1	0	0	1	1	94.1400
4077  	57.3765	0.3960	99.8912	6000	1	0.0000	0	0.7116	-0.7963	7.4105	1	0	0	1	1	94.1400
4123  	57.3963	0.7442	100.1406	9019	1	0.0008	0	-1.0341	-0.3287	11.1995	1	0	0	1	1	94.1400
4198  	58.5190	-0.3433	99.3485	9019	1	0.0000	0	0.1199	0.9189	8.8991	1	0	0	1	1	94.1400
4198	58.5190	-0.3433	99.3485	6000	1	0.0003	0	-0.3394	0.6869	9.3187	1	1	0	1	1	94.1400
4206  	58.2179	-0.2219	99.1814	9019	1	0.0076	0	-1.0212	-0.3459	8.8906	1	0	0	1	1	94.1400
4254  	57.6660	-0.5272	99.3018	9019	1	0.0026	0	0.5630	0.3038	10.3522	1	0	0	1	1	94.1400
4254	57.6660	-0.5272	99.3018	6000	1	0.0013	0	-0.3262	-0.7065	11.1490	1	1	0	1	1	94.1400
4283  	57.9089	-0.5010	100.1667	9019	1	0.0074	0	1.1759	-0.1920	10.1820	1	0	0	1	1	94.1400
4415  	57.1634	0.1113	100.2422	9019	1	0.0003	0	-1.0280	0.5817	4.7596	1	0	0	1	1	94.1400
4472  	57.7935	0.5261	99.1996	9019	1	0.0056	0	0.9118	0.4420	13.0068	1	0	0	1	1	94.1400
4480  	58.2535	0.5759	99.6830	9019	1	0.0000	0	-0.1965	1.0139	15.0037	1	0	0	1	1	94.1400
4502  	58.0450	0.7117	100.5954	9019	1	0.0000	0	0.7746	0.7013	3.0698	1	0	0	1	1	94.1400
4502	58.0450	0.7117	100.5954	9019	1	0.0000	0	-0.2651	0.7902	5.6350	1	1	0	1	1	94.1400
4542  	57.8801	-0.4413	100.5097	6000	1	0.0000	0	-0.6016	0.5441	16.3667	1	0	0	1	1	94.1400
4542	57.8801	-0.4413	100.5097	9019	1	0.0000	0	-0.6671	-0.6153	2.4033	1	1	0	1	1	94.1400
4558  	57.8972	0.5749	99.4937	9019	1	0.0000	0	0.1887	0.8945	9.8302	1	0	0	1	1	94.1400
4629  	58.7305	-0.4277	100.2220	9019	1	0.0000	0	0.3495	-0.9524	10.4140	1	0	0	1	1	94.1400
4719  	58.5882	0.5909	99.7866	9019	1	0.0003	0	0.8063	-0.6656	14.5298	1	0	0	1	1	94.1400
4722  	58.3595	-0.0382	99.6747	6000	1	0.0000	0	0.8480	-0.2041	7.3937	1	0	0	1	1	94.1400
4733  	58.3943	-0.3398	100.0639	9019	1	0.0000	0	1.0792	-0.2954	18.6754	1	0	0	1	1	94.1400
4749  	58.0072	0.1072	99.9756	9019	1	0.0000	0	-0.4699	-0.0213	15.7721	1	0	0	1	1	94.1400
4772  	57.8525	0.4834	99.4365	6000	1	0.0009	0	0.6370	0.6027	9.1073	1	0	0	1	1	94.1400
4774  	57.9430	-0.0686	100.7874	9019	1	0.0000	0	0.9406	0.1994	1.4233	1	0	0	1	1	94.1400
4807  	57.5403	0.5165	99.4860	6000	1	0.0084	0	0.7029	0.4079	7.9365	1	0	0	1	1	94.1400
4807	57.5403	0.5165	99.4860	9019	1	0.0000	0	0.7896	-0.6689	15.3348	1	1	0	1	1	94.1400
4843  	58.0616	0.4268	99.1325	9019	1	0.0000	0	0.0750	-0.0319	14.3616	1	0	0	1	1	94.1400
4975  	58.7298	0.2743	99.8616	6000	1	0.0001	0	0.8326	-0.4176	10.5226	1	0	0	1	1	94.1400
4975	58.7298	0.2743	99.8616	9019	1	0.0000	0	0.2679	-0.4358	13.9659	1	1	0	1	1	94.1400
4987  	57.5817	-0.0812	99.4980	6000	1	0.0000	0	0.4151	0.9288	5.6858	1	0	0	1	1	94.1400
4993  	58.2047	0.5075	99.5729	9019	1	0.0000	0	0.6090	-0.2704	6.9040	1	0	0	1	1	94.1400
4994  	58.3031	-0.6093	99.3339	9019	1	0.0042	0	-0.4161	0.1390	8.0785	1	0	0	1	1	94.1400
4994	58.3031	-0.6093	99.3339	6000	1	0.0242	0	-0.6507	0.4926	7.8321	1	1	0	1	1	94.1400
4994	58.3031	-0.6093	99.3339	6000	1	0.0024	0	0.2557	0.0012	8.0830	1	2	0	1	1	94.1400
5106  	58.2875	-0.1014	99.8874	6000	1	0.0000	0	-0.0376	-1.1959	5.3784	1	0	0	1	1	94.1400
5114  	57.3069	0.2172	99.9863	6000	1	0.0062	0	0.3731	-0.2202	7.5494	1	0	0	1	1	94.1400
5114	57.3069	0.2172	99.9863	9019	1	0.0010	0	0.3717	-0.2190	7.5551	1	1	0	1	1	94.1400
5114	57.3069	0.2172	99.9863	9019	1	0.0020	0	-0.0080	0.6786	7.7845	1	2	0	1	1	94.1400
5170  	58.1313	0.7905	100.5809	9019	1	0.0000	0	0.0106	0.8171	6.9850	1	0	0	1	1	94.1400
5170	58.1313	0.7905	100.5809	9019	1	0.0000	0	-0.7233	-0.9538	5.6500	1	1	0	1	1	94.1400
5220  	57.9277	0.0603	99.7384	6000	1	0.0000	0	0.2160	-0.8217	1.4350	1	0	0	1	1	94.1400
5220	57.9277	0.0603	99.7384	6000	1	0.0000	0	-0.0317	-0.4527	1.9029	1	1	0	1	1	94.1400
5232  	57.5398	-0.1129	100.0823	9019	1	0.0002	0	0.4045	-0.0400	12.4344	1	0	0	1	1	94.1400
5249  	58.1897	-0.7021	99.3365	9019	1	0.0052	0	0.1658	-0.8610	6.5702	1	0	0	1	1	94.1400
5260  	57.6140	-0.4864	100.2043	6000	1	0.0000	0	0.8503	-0.5362	7.0121	1	0	0	1	1	94.1400
5332  	58.5570	-0.7749	99.7792	6000	1	0.0000	0	-0.2543	0.3385	14.7169	1	0	0	1	1	94.1400
5333  	57.5543	0.0921	100.2671	9019	1	0.0000	0	0.5477	-0.1138	16.2408	1	0	0	1	1	94.1400
5333	57.5543	0.0921	100.2671	9019	1	0.0000	0	-0.2373	-0.2666	15.8021	1	1	0	1	1	94.1400
5393  	58.8746	0.1070	100.1613	9019	1	0.0000	0	-0.1153	0.9596	13.7330	1	0	0	1	1	94.1400
5394  	57.9050	-0.6824	100.6940	9019	1	0.0143	0	0.8599	0.3122	8.1997	1	0	0	1	1	94.1400
5394	57.9050	-0.6824	100.6940	9019	1	0.0114	0	0.9411	0.3587	8.1562	1	1	0	1	1	94.1400
5394	57.9050	-0.6824	100.6940	9019	1	0.0000	0	-0.5214	0.6586	11.5052	1	2	0	1	1	94.1400
5408  	57.7258	-0.6206	99.9825	9019	1	0.0000	0	0.2424	0.6912	2.2891	1	0	0	1	1	94.1400
5408	57.7258	-0.6206	99.9825	9019	1	0.0000	0	0.8344	0.0036	3.6710	1	1	0	1	1	94.1400
5502  	58.2404	-0.3332	100.9018	6000	1	0.0204	0	-0.5766	-0.3318	14.2208	1	0	0	1	1	94.1400
5502	58.2404	-0.3332	100.9018	6000	1	0.0021	0	0.4138	-0.0274	14.6334	1	1	0	1	1	94.1400
5534  	57.7493	-0.1354	100.1857	6000	1	0.0010	0	0.0197	0.1740	8.5790	1	0	0	1	1	94.1400
5534	57.7493	-0.1354	100.1857	9019	1	0.0007	0	-0.0272	0.3616	8.2834	1	1	0	1	1	94.1400
5534	57.7493	-0.1354	100.1857	9019	1	0.0000	0	0.3126	-0.6228	12.7353	1	2	0	1	1	94.1400
5534	57.7493	-0.1354	100.1857	9019	1	0.0000	0	-0.1682	0.3234	6.8625	1	3	0	1	1	94.1400
5564  	58.2350	0.1642	99.7560	9019	1	0.0000	0	-0.2661	-0.6516	5.7333	1	0	0	1	1	94.1400
5568  	57.9598	0.7973	99.6473	9019	1	0.0065	0	-1.1546	-0.1108	11.9609	1	0	0	1	1	94.1400
5584  	57.3194	-0.2635	100.6239	6000	1	0.0185	0	0.5670	0.2363	10.0385	1	0	0	1	1	94.1400
5626  	57.3339	-0.1779	99.4292	9019	1	0.0014	0	0.4484	-0.0745	10.1127	1	0	0	1	1	94.1400
5626	57.3339	-0.1779	99.4292	9019	1	0.0030	0	-0.0608	0.1433	9.9431	1	1	0	1	1	94.1400
5626	57.3339	-0.1779	99.4292	9019	1	0.0090	0	-0.2356	0.4534	10.0119	1	2	0	1	1	94.1400
5653  	58.4784	0.5210	100.6709	9019	1	0.0000	0	-0.5436	0.0455	9.6134	1	0	0	1	1	94.1400
5666  	57.2504	0.0008	100.3649	6000	1	0.0000	0	-1.0304	0.5405	13.0017	1	0	0	1	1	94.1400
5706  	58.1850	-0.3752	100.1476	9019	1	0.0003	0	0.6411	0.3411	9.6219	1	0	0	1	1	94.1400
5770  	58.2671	0.3933	99.6511	9019	1	0.0000	0	1.1157	0.3195	8.2344	1	0	0	1	1	94.1400
5770	58.2671	0.3933	99.6511	6000	1	0.0000	0	-0.5893	-0.6772	1.0759	1	1	0	1	1	94.1400
5770	58.2671	0.3933	99.6511	9019	1	0.0000	0	-0.9837	-0.1608	2.2121	1	2	0	1	1	94.1400
5914  	57.2038	0.4949	99.9004	9019	1	0.0000	0	0.4324	-0.1286	5.9944	1	0	0	1	1	94.1400
5914	57.2038	0.4949	99.9004	9019	1	0.0000	0	0.3436	0.4606	5.9604	1	1	0	1	1	94.1400
5914	57.2038	0.4949	99.9004	9019	1	0.0000	0	0.2061	0.4822	5.4437	1	2	0	1	1	94.1400
5914	57.2038	0.4949	99.9004	9019	1	0.0000	0	0.0579	1.1222	4.5759	1	3	0	1	1	94.1400
5920  	57.2844	-0.5832	99.8508	9019	1	0.0176	0	0.8873	-0.2944	8.7982	1	0	0	1	1	94.1400
5939  	58.0700	0.4382	99.5918	9019	1	0.0000	0	-0.5884	0.3042	7.5943	1	0	0	1	1	94.1400
5944  	58.6204	0.2943	100.2033	9019	1	0.0000	0	1.1214	-0.1482	13.5436	1	0	0	1	1	94.1400
5944	58.6204	0.2943	100.2033	9019	1	0.0000	0	0.1999	-0.9482	12.9467	1	1	0	1	1	94.1400
5944	58.6204	0.2943	100.2033	9019	1	0.0000	0	0.1760	-1.1856	13.3118	1	2	0	1	1	94.1400
6000  	58.0504	0.7436	99.4497	9019	1	0.0000	0	0.9035	0.6145	9.1814	1	0	0	1	1	94.1400
6016  	57.8706	-0.5557	100.6859	9019	1	0.0000	0	0.2060	0.8521	5.1211	1	0	0	1	1	94.1400
6122  	57.3338	-0.4117	100.0294	9019	1	0.0009	0	0.7628	0.3510	8.2674	1	0	0	1	1	94.1400
6134  	57.5698	0.5577	99.8496	9019	1	0.0004	0	0.4964	0.0532	13.9079	1	0	0	1	1	94.1400
6134	57.5698	0.5577	99.8496	6000	1	0.0008	0	0.1825	0.2190	13.4207	1	1	0	1	1	94.1400
6162  	58.0426	0.1947	99.6596	9019	1	0.0121	0	-0.7373	0.1741	9.7571	1	0	0	1	1	94.1400
6162	58.0426	0.1947	99.6596	9019	1	0.0075	0	-0.5480	0.4090	9.3230	1	1	0	1	1	94.1400
6162	58.0426	0.1947	99.6596	9019	1	0.0000	0	0.2804	0.8720	10.4313	1	2	0	1	1	94.1400
6162	58.0426	0.1947	99.6596	6000	1	0.0000	0	-0.2214	-1.0603	9.9245	1	3	0	1	1	94.1400
6162	58.0426	0.1947	99.6596	9019	1	0.0000	0	-0.8189	0.3925	8.1105	1	4	0	1	1	94.1400
6186  	57.8122	-0.4287	100.2791	6000	1	0.0000	0	0.4129	0.0319	3.8410	1	0	0	1	1	94.1400
6257  	57.9636	0.8398	99.4705	9019	1	0.0000	0	-0.6304	-0.5969	16.7203	1	0	0	1	1	94.1400
6387  	57.2848	0.4230	100.1250	9019	1	0.0000	0	-0.0513	0.3464	13.3226	1	0	0	1	1	94.1400
6476  	58.1268	-0.3296	100.7218	9019	1	0.0000	0	0.5733	0.0559	6.9615	1	0	0	1	1	94.1400
6476	58.1268	-0.3296	100.7218	6000	1	0.0000	0	-0.5116	0.0401	7.4659	1	1	0	1	1	94.1400
6526  	58.2101	-0.2909	99.7573	9019	1	0.0000	0	0.5332	0.6244	5.5598	1	0	0	1	1	94.1400
6526	58.2101	-0.2909	99.7573	9019	1	0.0000	0	0.0655	-0.1014	5.2390	1	1	0	1	1	94.1400
6526	58.2101	-0.2909	99.7573	6000	1	0.0000	0	-0.1189	-0.1854	5.1636	1	2	0	1	1	94.1400
6526	58.2101	-0.2909	99.7573	9019	1	0.0000	0	0.0242	-0.1912	5.0781	1	3	0	1	1	94.1400
6547  	58.5069	-0.3599	99.5899	6000	1	0.0008	0	1.0965	0.1052	10.6624	1	0	0	1	1	94.1400
6596  	57.3666	-0.5793	99.5014	6000	1	0.0000	0	-0.4155	0.0965	9.6832	1	0	0	1	1	94.1400
6657  	58.3992	0.0733	99.8746	6000	1	0.0016	0	-0.7504	0.9246	13.2825	1	0	0	1	1	94.1400
6682  	58.0956	-0.4210	100.4795	9019	1	0.0000	0	-0.5098	0.1911	1.2808	1	0	0	1	1	94.1400
6685  	57.6967	-0.3677	99.2960	6000	1	0.0000	0	0.0058	-0.3781	5.4568	1	0	0	1	1	94.1400
6739  	58.2013	0.0506	99.2421	9019	1	0.0000	0	-0.1601	-0.9302	4.4268	1	0	0	1	1	94.1400
6766  	58.3132	0.4017	100.0255	6000	1	0.0000	0	-1.0083	-0.3783	9.8126	1	0	0	1	1	94.1400
6793  	57.7499	0.0768	99.2498	9019	1	0.0000	0	0.4178	-0.9875	7.9645	1	0	0	1	1	94.1400
6812  	57.3122	0.4185	100.4957	9019	1	0.0000	0	0.9533	-0.1478	10.3052	1	0	0	1	1	94.1400
6862  	58.4246	0.6280	100.5481	9019	1	0.0000	0	0.5324	-0.6893	15.3524	1	0	0	1	1	94.1400
6934  	58.0467	-0.3137	100.5033	6000	1	0.0000	0	0.6279	-0.7303	11.3133	1	0	0	1	1	94.1400
6936  	57.6164	-0.8030	99.9299	9019	1	0.0000	0	-0.8970	-0.6073	12.2862	1	0	0	1	1	94.1400
7004  	58.5453	-0.1624	99.8400	6000	1	0.0000	0	-0.1977	-0.7745	13.1495	1	0	0	1	1	94.1400
7020  	57.0951	0.2288	99.8739	9019	1	0.0000	0	-0.5837	0.9800	12.3320	1	0	0	1	1	94.1400
7020	57.0951	0.2288	99.8739	6000	1	0.0000	0	0.1320	1.0490	1.7562	1	1	0	1	1	94.1400
7053  	57.4343	0.5295	99.8567	9019	1	0.0000	0	0.2935	-0.1290	15.1068	1	0	0	1	1	94.1400
7107  	58.4186	0.6485	100.2940	9019	1	0.0114	0	0.9478	0.4517	9.9946	1	0	0	1	1	94.1400
7113  	58.4471	0.7467	100.3173	6000	1	0.0000	0	-0.0230	-0.0095	7.4577	1	0	0	1	1	94.1400
7151  	57.6630	-0.4802	99.8791	9019	1	0.0000	0	1.0889	0.1064	1.2146	1	0	0	1	1	94.1400
7197  	58.4809	-0.2904	99.3229	9019	1	0.0000	0	0.2349	0.8601	15.2257	1	0	0	1	1	94.1400
7197	58.4809	-0.2904	99.3229	9019	1	0.0000	0	0.8961	-0.6662	16.5983	1	1	0	1	1	94.1400
7202  	58.5943	0.2811	100.4457	9019	1	0.0000	0	0.6909	0.0684	2.2962	1	0	0	1	1	94.1400
7202	58.5943	0.2811	100.4457	6000	1	0.0000	0	0.6360	-0.0543	2.5028	1	1	0	1	1	94.1400
7202	58.5943	0.2811	100.4457	6000	1	0.0000	0	0.5080	-0.0288	2.1463	1	2	0	1	1	94.1400
7202	58.5943	0.2811	100.4457	9019	1	0.0000	0	0.5330	0.6748	3.0984	1	3	0	1	1	94.1400
7218  	57.9262	-0.1527	99.9799	6000	1	0.0001	0	-0.5154	-0.2101	8.4291	1	0	0	1	1	94.1400
7274  	57.8461	-0.7607	100.1540	9019	1	0.0000	0	-0.6253	-0.0575	16.7439	1	0	0	1	1	94.1400
7301  	57.4862	-0.2322	100.3548	9019	1	0.0001	0	0.8119	0.4127	10.9913	1	0	0	1	1	94.1400
7301	57.4862	-0.2322	100.3548	6000	1	0.0000	0	1.1421	-0.1532	6.8208	1	1	0	1	1	94.1400
7391  	57.7478	0.0475	100.8773	6000	1	0.0000	0	-0.7708	0.5345	8.8313	1	0	0	1	1	94.1400
7431  	58.5286	-0.0840	99.3978	6000	1	0.0000	0	1.0127	0.2760	5.1096	1	0	0	1	1	94.1400
7502  	58.5205	-0.4987	99.9767	9019	1	0.0000	0	0.2749	-0.5190	14.2636	1	0	0	1	1	94.1400
7572  	57.8690	-0.4855	99.5196	9019	1	0.0016	0	-0.5540	0.0821	11.2384	1	0	0	1	1	94.1400
7600  	57.4955	0.1199	99.2343	6000	1	0.0000	0	0.5053	0.3591	11.6590	1	0	0	1	1	94.1400
7604  	57.6241	-0.8031	100.1700	6000	1	0.0030	0	0.5211	-0.4201	10.4871	1	0	0	1	1	94.1400
7698  	57.4999	0.3684	99.4122	9019	1	0.0000	0	-0.4744	1.0603	11.7849	1	0	0	1	1	94.1400
7698	57.4999	0.3684	99.4122	9019	1	0.0000	0	0.2589	1.0969	11.9676	1	1	0	1	1	94.1400
7701  	57.3867	0.2520	99.5473	9019	1	0.0004	0	1.0514	0.0833	12.1803	1	0	0	1	1	94.1400
7822  	58.2369	0.2611	99.2477	9019	1	0.0082	0	1.1228	0.0929	10.9530	1	0	0	1	1	94.1400
7848  	57.3279	0.4223	99.5745	9019	1	0.0000	0	0.9049	0.3593	7.3286	1	0	0	1	1	94.1400
7848	57.3279	0.4223	99.5745	9019	1	0.0000	0	0.7249	-0.7381	9.1978	1	1	0	1	1	94.1400
7848	57.3279	0.4223	99.5745	9019	1	0.0000	0	0.5920	-0.2232	7.9615	1	2	0	1	1	94.1400
7848	57.3279	0.4223	99.5745	6000	1	0.0000	0	0.1703	0.6732	4.0855	1	3	0	1	1	94.1400
7852  	58.6771	-0.1461	100.6050	6000	1	0.0000	0	-0.7009	-0.7217	11.9819	1	0	0	1	1	94.1400
7869  	57.6069	-0.0823	99.4020	9019	1	0.0000	0	-0.4739	-0.2757	0.6950	1	0	0	1	1	94.1400
7877  	57.9926	-0.2920	99.7137	6000	1	0.0000	0	-0.8226	0.2598	11.6891	1	0	0	1	1	94.1400
7877	57.9926	-0.2920	99.7137	6000	1	0.0000	0	0.7518	0.1081	6.4821	1	1	0	1	1	94.1400
7877	57.9926	-0.2920	99.7137	6000	1	0.0000	0	0.8576	-0.7174	3.6263	1	2	0	1	1	94.1400
7877	57.9926	-0.2920	99.7137	9019	1	0.0000	0	0.3275	0.8458	2.5787	1	3	0	1	1	94.1400
7877	57.9926	-0.2920	99.7137	9019	1	0.0000	0	0.0523	1.0313	2.0394	1	4	0	1	1	94.1400
7885  	57.7547	0.6369	100.2101	9019	1	0.0011	0	0.8891	-0.3665	11.3929	1	0	0	1	1	94.1400
7885	57.7547	0.6369	100.2101	9019	1	0.0000	0	0.6650	0.1155	9.1718	1	1	0	1	1	94.1400
7887  	57.6256	-0.5738	100.3619	9019	1	0.0002	0	-0.5894	-0.1064	13.0322	1	0	0	1	1	94.1400
7889  	57.3259	-0.1568	99.8000	9019	1	0.0117	0	0.1155	0.5482	10.3457	1	0	0	1	1	94.1400
7956  	58.5688	0.4590	100.4993	9019	1	0.0061	0	-0.8077	0.5183	12.2304	1	0	0	1	1	94.1400
7956	58.5688	0.4590	100.4993	9019	1	0.0076	0	-0.2334	0.1552	11.0346	1	1	0	1	1	94.1400
7956	58.5688	0.4590	100.4993	6000	1	0.0103	0	-0.2039	-0.7182	10.5155	1	2	0	1	1	94.1400
7970  	58.4943	0.4015	100.2889	6000	1	0.0000	0	0.3418	0.3950	6.4911	1	0	0	1	1	94.1400
7970	58.4943	0.4015	100.2889	9019	1	0.0000	0	0.4670	0.2435	6.3023	1	1	0	1	1	94.1400
7974  	58.7672	0.2052	99.7295	9019	1	0.0024	0	-0.6220	0.2311	14.7403	1	0	0	1	1	94.1400
7984  	58.9359	-0.0797	100.3186	6000	1	0.0000	0	0.3217	0.0448	15.0750	1	0	0	1	1	94.1400
7986  	58.6462	-0.1223	99.5716	9019	1	0.0044	0	0.5774	0.3186	13.8220	1	0	0	1	1	94.1400
8011  	58.7009	-0.3959	99.5770	9019	1	0.0002	0	0.3466	-0.5943	9.4509	1	0	0	1	1	94.1400
8047  	57.6054	0.2754	100.4164	9019	1	0.0043	0	0.3160	-0.4390	8.2900	1	0	0	1	1	94.1400
8211  	57.1146	-0.2453	99.6770	9019	1	0.0000	0	0.7147	-0.9223	13.6263	1	0	0	1	1	94.1400
8233  	57.9854	-0.2374	100.0587	6000	1	0.0006	0	0.3172	-0.2819	5.1656	1	0	0	1	1	94.1400
8233	57.9854	-0.2374	100.0587	6000	1	0.0000	0	-0.2131	-0.1384	2.5833	1	1	0	1	1	94.1400
8248  	57.5729	-0.1979	99.3345	9019	1	0.0000	0	0.4205	1.0642	8.2830	1	0	0	1	1	94.1400
8257  	57.9215	0.6058	99.5657	9019	1	0.0000	0	0.8293	-0.6647	5.3195	1	0	0	1	1	94.1400
8271  	57.9256	-0.6171	100.5648	6000	1	0.0000	0	-1.0995	0.0713	7.5679	1	0	0	1	1	94.1400
8305  	57.4351	-0.2596	100.1928	6000	1	0.0010	0	-0.7403	0.2715	3.7290	1	0	0	1	1	94.1400
8309  	57.0510	-0.2649	99.9539	9019	1	0.0000	0	-0.7240	-0.4370	6.6246	1	0	0	1	1	94.1400
8309	57.0510	-0.2649	99.9539	9019	1	0.0000	0	0.6789	-0.7867	4.9119	1	1	0	1	1	94.1400
8327  	58.0892	0.2631	100.4213	9019	1	0.0000	0	1.0297	0.4804	7.7295	1	0	0	1	1	94.1400
8342  	57.8339	0.6727	100.2143	9019	1	0.0009	0	0.8710	0.3157	10.7398	1	0	0	1	1	94.1400
8342	57.8339	0.6727	100.2143	9019	1	0.0005	0	0.8485	0.2744	10.6581	1	1	0	1	1	94.1400
8430  	58.6744	0.6367	99.6893	9019	1	0.0144	0	0.4901	0.1898	10.8055	1	0	0	1	1	94.1400
8430	58.6744	0.6367	99.6893	9019	1	0.0060	0	0.6757	0.0258	10.9343	1	1	0	1	1	94.1400
8430	58.6744	0.6367	99.6893	9019	1	0.0010	0	0.1146	0.8185	14.1363	1	2	0	1	1	94.1400
8435  	57.7915	0.4005	100.0931	9019	1	0.0003	0	0.0115	-1.0280	5.1787	1	0	0	1	1	94.1400
8435	57.7915	0.4005	100.0931	6000	1	0.0003	0	-0.0448	-1.1450	5.0936	1	1	0	1	1	94.1400
8488  	57.8571	-0.6930	99.6266	6000	1	0.0000	0	0.5163	0.2441	11.0278	1	0	0	1	1	94.1400
8488	57.8571	-0.6930	99.6266	6000	1	0.0000	0	1.1559	-0.0977	3.8087	1	1	0	1	1	94.1400
8521  	57.7361	-0.4160	99.1374	6000	1	0.0000	0	0.0551	-0.1039	6.4001	1	0	0	1	1	94.1400
8533  	57.7449	0.0713	100.4536	9019	1	0.0000	0	0.3876	-1.0996	10.1349	1	0	0	1	1	94.1400
8533	57.7449	0.0713	100.4536	9019	1	0.0000	0	0.9645	-0.5180	11.3824	1	1	0	1	1	94.1400
8533	57.7449	0.0713	100.4536	6000	1	0.0000	0	-0.3285	-0.0499	9.9318	1	2	0	1	1	94.1400
8568  	57.6529	0.5637	100.2378	9019	1	0.0041	0	-0.2046	0.5081	12.9411	1	0	0	1	1	94.1400
8568	57.6529	0.5637	100.2378	9019	1	0.0032	0	-0.9373	0.4079	12.5590	1	1	0	1	1	94.1400
8590  	58.4709	0.6159	99.9595	6000	1	0.0000	0	0.4568	0.3777	14.0691	1	0	0	1	1	94.1400
8778  	57.6174	0.0426	99.7452	6000	1	0.0000	0	0.8265	-0.5961	9.1447	1	0	0	1	1	94.1400
8778	57.6174	0.0426	99.7452	6000	1	0.0000	0	0.4499	-0.4895	9.0314	1	1	0	1	1	94.1400
8778	57.6174	0.0426	99.7452	6000	1	0.0000	0	0.3704	-0.4366	0.9395	1	2	0	1	1	94.1400
8805  	58.7000	0.1313	100.2811	9019	1	0.0034	0	0.2363	0.5052	5.9738	1	0	0	1	1	94.1400
8823  	58.7537	0.3426	100.0815	6000	1	0.0000	0	0.2356	0.6225	10.2089	1	0	0	1	1	94.1400
8855  	57.9705	0.0114	99.9457	9019	1	0.0000	0	0.9920	0.2537	12.1590	1	0	0	1	1	94.1400
8855	57.9705	0.0114	99.9457	9019	1	0.0000	0	0.9798	-0.1815	6.7216	1	1	0	1	1	94.1400
8855	57.9705	0.0114	99.9457	6000	1	0.0000	0	1.0865	-0.4755	6.6020	1	2	0	1	1	94.1400
8855	57.9705	0.0114	99.9457	9019	1	0.0000	0	-0.1167	-1.0910	5.6032	1	3	0	1	1	94.1400
9005  	58.5603	-0.0100	100.0641	9019	1	0.0000	0	0.2276	-1.0064	15.4393	1	0	0	1	1	94.1400
9124  	57.9580	0.4381	99.4639	6000	1	0.0002	0	0.0461	-1.0475	5.7670	1	0	0	1	1	94.1400
9164  	58.2987	0.3635	100.7357	9019	1	0.0000	0	-0.5554	0.7577	18.7367	1	0	0	1	1	94.1400
9281  	57.5563	0.0343	99.6538	6000	1	0.0000	0	-0.6025	0.9820	11.9094	1	0	0	1	1	94.1400
9281	57.5563	0.0343	99.6538	6000	1	0.0000	0	-0.4830	0.9577	3.8288	1	1	0	1	1	94.1400
9291  	58.2885	-0.4059	100.6454	9019	1	0.0000	0	-1.1408	-0.1207	9.7806	1	0	0	1	1	94.1400
9338  	57.9294	0.0543	100.1462	9019	1	0.0000	0	-1.1219	0.3438	4.3827	1	0	0	1	1	94.1400
9338	57.9294	0.0543	100.1462	6000	1	0.0000	0	-0.4932	0.2203	0.4492	1	1	0	1	1	94.1400
9354  	57.2885	0.0949	100.6485	9019	1	0.0000	0	0.6837	0.5416	7.7177	1	0	0	1	1	94.1400
9386  	57.2898	-0.1600	100.1526	6000	1	0.0011	0	0.0400	0.5501	5.8231	1	0	0	1	1	94.1400
9386	57.2898	-0.1600	100.1526	6000	1	0.0006	0	-0.4150	0.3957	5.9296	1	1	0	1	1	94.1400
9386	57.2898	-0.1600	100.1526	9019	1	0.0000	0	0.1407	-0.3682	2.7816	1	2	0	1	1	94.1400
9386	57.2898	-0.1600	100.1526	9019	1	0.0000	0	0.2083	-0.2832	2.7488	1	3	0	1	1	94.1400
9386	57.2898	-0.1600	100.1526	9019	1	0.0000	0	0.8703	-0.3146	3.0817	1	4	0	1	1	94.1400
9398  	58.3775	0.5531	100.0658	6000	1	0.0000	0	-0.9922	-0.3758	13.1956	1	0	0	1	1	94.1400
9400  	57.4552	-0.0740	99.3779	9019	1	0.0000	0	-0.6992	0.8234	10.1383	1	0	0	1	1	94.1400
9400	57.4552	-0.0740	99.3779	9019	1	0.0000	0	0.1712	-0.2980	7.6028	1	1	0	1	1	94.1400
9414  	57.1006	-0.2983	99.6987	9019	1	0.0016	0	0.3427	-1.1235	11.2266	1	0	0	1	1	94.1400
9433  	57.8955	0.6437	100.2356	6000	1	0.0000	0	0.4045	0.9673	15.6976	1	0	0	1	1	94.1400
9459  	58.3900	-0.2354	99.9535	9019	1	0.0005	0	0.5484	0.9954	10.2820	1	0	0	1	1	94.1400
9459	58.3900	-0.2354	99.9535	9019	1	0.0006	0	-0.3115	0.4559	11.3208	1	1	0	1	1	94.1400
9469  	58.3061	0.0600	100.2353	9019	1	0.0000	0	0.8782	0.6711	4.5122	1	0	0	1	1	94.1400
9479  	58.5986	-0.1138	100.2602	6000	1	0.0000	0	-0.3656	0.3067	8.9972	1	0	0	1	1	94.1400
9506  	57.3358	0.2603	100.5466	9019	1	0.0000	0	-0.6228	-0.5237	6.5369	1	0	0	1	1	94.1400
9543  	57.9320	-0.1973	100.6962	9019	1	0.0000	0	0.1549	-0.1059	8.3041	1	0	0	1	1	94.1400
9561  	58.5473	-0.4300	99.7158	6000	1	0.0000	0	0.2724	0.8168	11.3953	1	0	0	1	1	94.1400
9561	58.5473	-0.4300	99.7158	9019	1	0.0000	0	-0.1269	0.1486	16.2288	1	1	0	1	1	94.1400
9561	58.5473	-0.4300	99.7158	9019	1	0.0000	0	-0.4855	-0.4740	15.2183	1	2	0	1	1	94.1400
9561	58.5473	-0.4300	99.7158	9019	1	0.0000	0	0.0735	-0.4109	8.6379	1	3	0	1	1	94.1400
9586  	58.4798	0.2682	100.3481	6000	1	0.0000	0	0.0864	-0.9346	12.6197	1	0	0	1	1	94.1400
9588  	57.6784	0.5838	99.8151	9019	1	0.0000	0	-0.0513	-0.6989	12.4162	1	0	0	1	1	94.1400
9609  	58.0037	-0.3951	100.0860	6000	1	0.0000	0	-0.1607	1.1553	12.8872	1	0	0	1	1	94.1400
9642  	58.6422	-0.2582	99.7711	6000	1	0.0000	0	0.6943	-0.7790	3.2609	1	0	0	1	1	94.1400
9668  	58.0703	0.4461	99.7703	6000	1	0.0000	0	0.9747	-0.2748	13.9347	1	0	0	1	1	94.1400
9746  	58.4141	0.1064	99.9904	9019	1	0.0000	0	0.6813	-0.3582	12.6781	1	0	0	1	1	94.1400
9746	58.4141	0.1064	99.9904	6000	1	0.0001	0	-0.2026	0.2565	12.5179	1	1	0	1	1	94.1400
9746	58.4141	0.1064	99.9904	9019	1	0.0001	0	0.0576	0.4742	12.6989	1	2	0	1	1	94.1400
9791  	58.4599	0.1512	99.9458	6000	1	0.0000	0	0.1768	0.6488	9.8173	1	0	0	1	1	94.1400
9823  	57.9321	-0.5494	100.1392	9019	1	0.0025	0	0.3258	0.0748	6.1526	1	0	0	1	1	94.1400
9836  	57.7706	-0.0045	99.5874	9019	1	0.0123	0	0.6410	-0.2660	13.6942	1	0	0	1	1	94.1400
9862  	58.0864	0.0943	99.9494	9019	1	0.0000	0	0.5265	-0.8670	13.8553	1	0	0	1	1	94.1400
9862	58.0864	0.0943	99.9494	9019	1	0.0000	0	0.5915	-0.9133	13.7369	1	1	0	1	1	94.1400
9905  	57.4052	0.5271	100.1409	9019	1	0.0004	0	0.2707	0.5565	2.2120	1	0	0	1	1	94.1400
9905	57.4052	0.5271	100.1409	9019	1	0.0001	0	0.0837	0.8479	2.1512	1	1	0	1	1	94.1400
9905	57.4052	0.5271	100.1409	6000	1	0.0004	0	0.0774	1.0048	2.2841	1	2	0	1	1	94.1400
9905	57.4052	0.5271	100.1409	9019	1	0.0000	0	0.7716	0.7486	2.4588	1	3	0	1	1	94.1400
9907  	57.4703	-0.4354	99.5682	9019	1	0.0154	0	0.6587	-0.0100	9.3854	1	0	0	1	1	94.1400
9926  	57.3316	-0.2998	100.1856	9019	1	0.0135	0	1.0441	-0.5737	13.0107	1	0	0	1	1	94.1400
9926	57.3316	-0.2998	100.1856	9019	1	0.0037	0	0.7151	-0.6060	9.6136	1	1	0	1	1	94.1400
9926	57.3316	-0.2998	100.1856	9019	1	0.0000	0	-0.3719	0.5176	12.9722	1	2	0	1	1	94.1400
9926	57.3316	-0.2998	100.1856	6000	1	0.0000	0	-0.4495	0.1578	13.1886	1	3	0	1	1	94.1400
9964  	57.6264	0.5584	99.3437	9019	1	0.0000	0	-0.1637	-0.7738	18.6230	1	0	0	1	1	94.1400
9978  	58.1244	0.5723	99.7649	9019	1	0.0009	0	-0.5447	0.9506	7.3194	1	0	0	1	1	94.1400
9984  	58.6810	0.2305	99.9678	6000	1	0.0000	0	-0.3271	0.0589	7.5917	1	0	0	1	1	94.1400
9984	58.6810	0.2305	99.9678	9019	1	0.0000	0	-0.0612	-0.1758	7.7816	1	1	0	1	1	94.1400
9989  	58.1177	-0.9245	99.7453	9019	1	0.0003	0	0.0005	0.3082	10.3521	1	0	0	1	1	94.1400
9998  	57.6174	0.7612	100.3861	9019	1	0.0000	0	1.1729	0.0568	8.4778	1	0	0	1	1	94.1400
